
Bookモデルのテスト
  バリデーションのテスト
    titleカラム
[32m      空欄でないこと[0m
    bodyカラム
[32m      空欄でないこと[0m
[32m      200文字以下であること: 200文字は〇[0m
[32m      200文字以下であること: 201文字は×[0m
  アソシエーションのテスト
    Userモデルとの関係
[32m      N:1となっている[0m

Userモデルのテスト
  バリデーションのテスト
    nameカラム
[32m      空欄でないこと[0m
[32m      2文字以上であること: 1文字は×[0m
[32m      2文字以上であること: 2文字は〇[0m
[32m      20文字以下であること: 20文字は〇[0m
[32m      20文字以下であること: 21文字は×[0m
[32m      一意性があること[0m
    introductionカラム
[32m      50文字以下であること: 50文字は〇[0m
[32m      50文字以下であること: 51文字は×[0m
  アソシエーションのテスト
    Bookモデルとの関係
[32m      1:Nとなっている[0m

[STEP1] ユーザログイン前のテスト
  トップ画面のテスト
    表示内容の確認
[32m      URLが正しい[0m
[32m      Log inリンクが表示される: 青色のボタンの表示が「Log in」である[0m
[32m      Log inリンクの内容が正しい[0m
[32m      Sign upリンクが表示される: 緑色のボタンの表示が「Sign up」である[0m
[32m      Sign upリンクの内容が正しい[0m
  アバウト画面のテスト
    表示内容の確認
[31m      URLが正しい (FAILED - 1)[0m
  ヘッダーのテスト: ログインしていない場合
    表示内容の確認
[32m      Bookersリンクが表示される: 左上から1番目のリンクが「Bookers」である[0m
[32m      Homeリンクが表示される: 左上から2番目のリンクが「Home」である[0m
[32m      Aboutリンクが表示される: 左上から3番目のリンクが「About」である[0m
[32m      Sign upリンクが表示される: 左上から4番目のリンクが「Sign up」である[0m
[32m      Log inリンクが表示される: 左上から5番目のリンクが「Log in」である[0m
    リンクの内容を確認
[32m      Bookersを押すと、トップ画面に遷移する[0m
[32m      Homeを押すと、トップ画面に遷移する[0m
[31m      Aboutを押すと、アバウト画面に遷移する (FAILED - 2)[0m
[32m      Sign upを押すと、新規登録画面に遷移する[0m
[32m      Log inを押すと、ログイン画面に遷移する[0m
  ユーザ新規登録のテスト
    表示内容の確認
[32m      URLが正しい[0m
[32m      「Sign up」と表示される[0m
[32m      nameフォームが表示される[0m
[32m      emailフォームが表示される[0m
[32m      passwordフォームが表示される[0m
[32m      password_confirmationフォームが表示される[0m
[32m      Sign upボタンが表示される[0m
    新規登録成功のテスト
[32m      正しく新規登録される[0m
[31m      新規登録後のリダイレクト先が、新規登録できたユーザの詳細画面になっている (FAILED - 3)[0m
  ユーザログイン
    表示内容の確認
[32m      URLが正しい[0m
[32m      「Log in」と表示される[0m
[32m      nameフォームが表示される[0m
[32m      passwordフォームが表示される[0m
[32m      Log inボタンが表示される[0m
[32m      emailフォームは表示されない[0m
    ログイン成功のテスト
[31m      ログイン後のリダイレクト先が、ログインしたユーザの詳細画面になっている (FAILED - 4)[0m
    ログイン失敗のテスト
[32m      ログインに失敗し、ログイン画面にリダイレクトされる[0m
  ヘッダーのテスト: ログインしている場合
    ヘッダーの表示を確認
[32m      Bookersリンクが表示される: 左上から1番目のリンクが「Bookers」である[0m
[32m      Homeリンクが表示される: 左上から2番目のリンクが「Home」である[0m
[32m      Usersリンクが表示される: 左上から3番目のリンクが「Users」である[0m
[32m      Booksリンクが表示される: 左上から4番目のリンクが「Books」である[0m
[32m      Log outリンクが表示される: 左上から5番目のリンクが「Log out」である[0m
  ユーザログアウトのテスト
    ログアウト機能のテスト
[31m      正しくログアウトできている: ログアウト後のリダイレクト先においてAbout画面へのリンクが存在する (FAILED - 5)[0m
[31m      ログアウト後のリダイレクト先が、トップになっている (FAILED - 6)[0m

[STEP2] ユーザログイン後のテスト
  ヘッダーのテスト: ログインしている場合
    リンクの内容を確認: ※logoutは『ユーザログアウトのテスト』でテスト済みになります。
[31m      Homeを押すと、自分のユーザ詳細画面に遷移する (FAILED - 7)[0m
[32m      Usersを押すと、ユーザ一覧画面に遷移する[0m
[32m      Booksを押すと、投稿一覧画面に遷移する[0m
  投稿一覧画面のテスト
    表示内容の確認
[32m      URLが正しい[0m
[31m      自分と他人の画像のリンク先が正しい (FAILED - 8)[0m
[32m      自分の投稿と他人の投稿のタイトルのリンク先がそれぞれ正しい[0m
[32m      自分の投稿と他人の投稿のオピニオンが表示される[0m
    サイドバーの確認
[31m      自分の名前と紹介文が表示される (FAILED - 9)[0m
[31m      自分のユーザ編集画面へのリンクが存在する (FAILED - 10)[0m
[32m      「New book」と表示される[0m
[32m      titleフォームが表示される[0m
[32m      titleフォームに値が入っていない[0m
[32m      bodyフォームが表示される[0m
[32m      bodyフォームに値が入っていない[0m
[32m      Create Bookボタンが表示される[0m
    投稿成功のテスト
[32m      自分の新しい投稿が正しく保存される[0m
[31m      リダイレクト先が、保存できた投稿の詳細画面になっている (FAILED - 11)[0m
  自分の投稿詳細画面のテスト
    表示内容の確認
[31m      URLが正しい (FAILED - 12)[0m
[31m      「Book detail」と表示される (FAILED - 13)[0m
[31m      ユーザ画像・名前のリンク先が正しい (FAILED - 14)[0m
[31m      投稿のtitleが表示される (FAILED - 15)[0m
[31m      投稿のbodyが表示される (FAILED - 16)[0m
[31m      投稿の編集リンクが表示される (FAILED - 17)[0m
[31m      投稿の削除リンクが表示される (FAILED - 18)[0m
    サイドバーの確認
[31m      自分の名前と紹介文が表示される (FAILED - 19)[0m
[31m      自分のユーザ編集画面へのリンクが存在する (FAILED - 20)[0m
[31m      「New book」と表示される (FAILED - 21)[0m
[31m      titleフォームが表示される (FAILED - 22)[0m
[31m      titleフォームに値が入っていない (FAILED - 23)[0m
[31m      bodyフォームが表示される (FAILED - 24)[0m
[31m      bodyフォームに値が入っていない (FAILED - 25)[0m
[31m      Create Bookボタンが表示される (FAILED - 26)[0m
    投稿成功のテスト
[31m      自分の新しい投稿が正しく保存される (FAILED - 27)[0m
    編集リンクのテスト
[31m      編集画面に遷移する (FAILED - 28)[0m
    削除リンクのテスト
[31m      application.html.erbにjavascript_pack_tagを含んでいる (FAILED - 29)[0m
[31m      正しく削除される (FAILED - 30)[0m
[31m      リダイレクト先が、投稿一覧画面になっている (FAILED - 31)[0m
  自分の投稿編集画面のテスト
    表示の確認
[31m      URLが正しい (FAILED - 32)[0m
[31m      「Editing Book」と表示される (FAILED - 33)[0m
[31m      title編集フォームが表示される (FAILED - 34)[0m
[31m      body編集フォームが表示される (FAILED - 35)[0m
[31m      Update Bookボタンが表示される (FAILED - 36)[0m
[31m      Showリンクが表示される (FAILED - 37)[0m
[31m      Backリンクが表示される (FAILED - 38)[0m
    編集成功のテスト
[31m      titleが正しく更新される (FAILED - 39)[0m
[31m      bodyが正しく更新される (FAILED - 40)[0m
[31m      リダイレクト先が、更新した投稿の詳細画面になっている (FAILED - 41)[0m
  ユーザ一覧画面のテスト
    表示内容の確認
[32m      URLが正しい[0m
[31m      自分と他人の画像が表示される: fallbackの画像がサイドバーの1つ＋一覧(2人)の2つの計3つ存在する (FAILED - 42)[0m
[32m      自分と他人の名前がそれぞれ表示される[0m
[32m      自分と他人のshowリンクがそれぞれ表示される[0m
    サイドバーの確認
[32m      自分の名前と紹介文が表示される[0m
      自分のユーザ編集画面へのリンクが存在する (FAILED - 43)
      「New book」と表示される (FAILED - 44)
      titleフォームが表示される (FAILED - 45)
      titleフォームに値が入っていない (FAILED - 46)
      bodyフォームが表示される (FAILED - 47)
      bodyフォームに値が入っていない (FAILED - 48)
      Create Bookボタンが表示される (FAILED - 49)
  自分のユーザ詳細画面のテスト
    表示の確認
      URLが正しい
      投稿一覧のユーザ画像のリンク先が正しい (FAILED - 50)
      投稿一覧に自分の投稿のtitleが表示され、リンクが正しい (FAILED - 51)
      投稿一覧に自分の投稿のbodyが表示される (FAILED - 52)
      他人の投稿は表示されない
    サイドバーの確認
      自分の名前と紹介文が表示される (FAILED - 53)
      自分のユーザ編集画面へのリンクが存在する
      「New book」と表示される (FAILED - 54)
      titleフォームが表示される (FAILED - 55)
      titleフォームに値が入っていない (FAILED - 56)
      bodyフォームが表示される (FAILED - 57)
      bodyフォームに値が入っていない (FAILED - 58)
      Create Bookボタンが表示される (FAILED - 59)
  自分のユーザ情報編集画面のテスト
    表示の確認
      URLが正しい
      名前編集フォームに自分の名前が表示される
      画像編集フォームが表示される
      自己紹介編集フォームに自分の自己紹介文が表示される
      Update Userボタンが表示される
    更新成功のテスト
      nameが正しく更新される
      introductionが正しく更新される (FAILED - 60)
      リダイレクト先が、自分のユーザ詳細画面になっている

[STEP3] 仕上げのテスト
  サクセスメッセージのテスト
    ユーザ新規登録成功時 (FAILED - 61)
    ユーザログイン成功時 (FAILED - 62)
    ユーザログアウト成功時 (FAILED - 63)
    ユーザのプロフィール情報更新成功時 (FAILED - 64)
    投稿データの新規投稿成功時: 投稿一覧画面から行います。 (FAILED - 65)
    投稿データの更新成功時 (FAILED - 66)
  処理失敗時のテスト
    ユーザ新規登録失敗: nameを1文字にする
      新規登録されない
      新規登録画面を表示しており、フォームの内容が正しい
      バリデーションエラーが表示される
    ユーザのプロフィール情報編集失敗: nameを1文字にする
      更新されない
      ユーザ編集画面を表示しており、フォームの内容が正しい (FAILED - 67)
      バリデーションエラーが表示される (FAILED - 68)
    投稿データの新規投稿失敗: 投稿一覧画面から行い、titleを空にする
      投稿が保存されない
      投稿一覧画面を表示している (FAILED - 69)
      新規投稿フォームの内容が正しい
      バリデーションエラーが表示される
    投稿データの更新失敗: titleを空にする
      投稿が更新されない (FAILED - 70)
      投稿編集画面を表示しており、フォームの内容が正しい (FAILED - 71)
      エラーメッセージが表示される (FAILED - 72)
  ログインしていない場合のアクセス制限のテスト: アクセスできず、ログイン画面に遷移する
    ユーザ一覧画面 (FAILED - 73)
    ユーザ詳細画面 (FAILED - 74)
    ユーザ情報編集画面 (FAILED - 75)
    投稿一覧画面 (FAILED - 76)
    投稿詳細画面 (FAILED - 77)
    投稿編集画面 (FAILED - 78)
  他人の画面のテスト
    他人の投稿詳細画面のテスト
      表示内容の確認
        URLが正しい (FAILED - 79)
        「Book detail」と表示される (FAILED - 80)
        ユーザ画像・名前のリンク先が正しい (FAILED - 81)
        投稿のtitleが表示される (FAILED - 82)
        投稿のopinionが表示される (FAILED - 83)
        投稿の編集リンクが表示されない (FAILED - 84)
        投稿の削除リンクが表示されない (FAILED - 85)
      サイドバーの確認
        他人の名前と紹介文が表示される (FAILED - 86)
        他人のユーザ編集画面へのリンクが存在する (FAILED - 87)
        自分の名前と紹介文は表示されない (FAILED - 88)
        自分のユーザ編集画面へのリンクは存在しない (FAILED - 89)
    他人の投稿編集画面
      遷移できず、投稿一覧画面にリダイレクトされる (FAILED - 90)
    他人のユーザ詳細画面のテスト
      表示の確認
        URLが正しい
        投稿一覧のユーザ画像のリンク先が正しい (FAILED - 91)
        投稿一覧に他人の投稿のtitleが表示され、リンクが正しい (FAILED - 92)
        投稿一覧に他人の投稿のopinionが表示される (FAILED - 93)
        自分の投稿は表示されない (FAILED - 94)
      サイドバーの確認
        他人の名前と紹介文が表示される (FAILED - 95)
        他人のユーザ編集画面へのリンクが存在する
        自分の名前と紹介文は表示されない
        自分のユーザ編集画面へのリンクは存在しない
    他人のユーザ情報編集画面
      遷移できず、自分のユーザ詳細画面にリダイレクトされる (FAILED - 96)
  グリッドシステムのテスト: container, row, col-md-〇を正しく使えている
    ユーザ一覧画面 (FAILED - 97)
    ユーザ詳細画面 (FAILED - 98)
    投稿一覧画面 (FAILED - 99)
    投稿詳細画面 (FAILED - 100)
  アイコンのテスト
    トップ画面
      本のアイコンが表示される
    アバウト画面
      本のアイコンが表示される (FAILED - 101)
    ヘッダー: ログインしていない場合
      Homeリンクのアイコンが表示される (FAILED - 102)
      Aboutリンクのアイコンが表示される (FAILED - 103)
      Sign upリンクのアイコンが表示される (FAILED - 104)
      Log inリンクのアイコンが表示される (FAILED - 105)
    ヘッダー: ログインしている場合
      Homeリンクのアイコンが表示される (FAILED - 106)
      Usersリンクのアイコンが表示される (FAILED - 107)
      Booksリンクのアイコンが表示される (FAILED - 108)
      Log outリンクのアイコンが表示される (FAILED - 109)
    サイドバー
      ユーザ一覧画面でレンチアイコンが表示される (FAILED - 110)
      ユーザ詳細画面でレンチアイコンが表示される (FAILED - 111)
      投稿一覧画面でレンチアイコンが表示される (FAILED - 112)
      投稿詳細画面でレンチアイコンが表示される (FAILED - 113)

Failures:

  1) [STEP1] ユーザログイン前のテスト アバウト画面のテスト 表示内容の確認 URLが正しい
     Failure/Error: visit '/home/about'

     ActionController::RoutingError:
       No route matches [GET] "/home/about"
     # /home/ec2-user/.rvm/gems/ruby-3.1.2/gems/railties-6.1.7.4/lib/rails/rack/logger.rb:37:in `call_app'
     # /home/ec2-user/.rvm/gems/ruby-3.1.2/gems/railties-6.1.7.4/lib/rails/rack/logger.rb:26:in `block in call'
     # /home/ec2-user/.rvm/gems/ruby-3.1.2/gems/railties-6.1.7.4/lib/rails/rack/logger.rb:26:in `call'
     # /home/ec2-user/.rvm/gems/ruby-3.1.2/gems/rack-2.2.8/lib/rack/method_override.rb:24:in `call'
     # /home/ec2-user/.rvm/gems/ruby-3.1.2/gems/rack-2.2.8/lib/rack/runtime.rb:22:in `call'
     # /home/ec2-user/.rvm/gems/ruby-3.1.2/gems/rack-2.2.8/lib/rack/sendfile.rb:110:in `call'
     # /home/ec2-user/.rvm/gems/ruby-3.1.2/gems/railties-6.1.7.4/lib/rails/engine.rb:539:in `call'
     # /home/ec2-user/.rvm/gems/ruby-3.1.2/gems/rack-2.2.8/lib/rack/urlmap.rb:74:in `block in call'
     # /home/ec2-user/.rvm/gems/ruby-3.1.2/gems/rack-2.2.8/lib/rack/urlmap.rb:58:in `each'
     # /home/ec2-user/.rvm/gems/ruby-3.1.2/gems/rack-2.2.8/lib/rack/urlmap.rb:58:in `call'
     # /home/ec2-user/.rvm/gems/ruby-3.1.2/gems/rack-2.2.8/lib/rack/builder.rb:244:in `call'
     # /home/ec2-user/.rvm/gems/ruby-3.1.2/gems/rack-test-2.1.0/lib/rack/test.rb:360:in `process_request'
     # /home/ec2-user/.rvm/gems/ruby-3.1.2/gems/rack-test-2.1.0/lib/rack/test.rb:163:in `custom_request'
     # /home/ec2-user/.rvm/gems/ruby-3.1.2/gems/rack-test-2.1.0/lib/rack/test.rb:112:in `get'
     # /home/ec2-user/.rvm/gems/ruby-3.1.2/gems/capybara-3.39.2/lib/capybara/rack_test/browser.rb:80:in `process'
     # /home/ec2-user/.rvm/gems/ruby-3.1.2/gems/capybara-3.39.2/lib/capybara/rack_test/browser.rb:55:in `process_and_follow_redirects'
     # /home/ec2-user/.rvm/gems/ruby-3.1.2/gems/capybara-3.39.2/lib/capybara/rack_test/browser.rb:26:in `visit'
     # /home/ec2-user/.rvm/gems/ruby-3.1.2/gems/capybara-3.39.2/lib/capybara/rack_test/driver.rb:46:in `visit'
     # /home/ec2-user/.rvm/gems/ruby-3.1.2/gems/capybara-3.39.2/lib/capybara/session.rb:280:in `visit'
     # /home/ec2-user/.rvm/gems/ruby-3.1.2/gems/capybara-3.39.2/lib/capybara/dsl.rb:52:in `call'
     # /home/ec2-user/.rvm/gems/ruby-3.1.2/gems/capybara-3.39.2/lib/capybara/dsl.rb:52:in `visit'
     # ./spec/system/01_before_login_spec.rb:34:in `block (3 levels) in <main>'

  2) [STEP1] ユーザログイン前のテスト ヘッダーのテスト: ログインしていない場合 リンクの内容を確認 Aboutを押すと、アバウト画面に遷移する
     Failure/Error: is_expected.to eq '/home/about'

       expected: "/home/about"
            got: "/homes/about"

       (compared using ==)
     # ./spec/system/01_before_login_spec.rb:93:in `block (4 levels) in <main>'

  3) [STEP1] ユーザログイン前のテスト ユーザ新規登録のテスト 新規登録成功のテスト 新規登録後のリダイレクト先が、新規登録できたユーザの詳細画面になっている
     Failure/Error: expect(current_path).to eq '/users/' + User.last.id.to_s

       expected: "/users/1"
            got: "/homes/about"

       (compared using ==)
     # ./spec/system/01_before_login_spec.rb:152:in `block (4 levels) in <main>'

  4) [STEP1] ユーザログイン前のテスト ユーザログイン ログイン成功のテスト ログイン後のリダイレクト先が、ログインしたユーザの詳細画面になっている
     Failure/Error: expect(current_path).to eq '/users/' + user.id.to_s

       expected: "/users/1"
            got: "/homes/about"

       (compared using ==)
     # ./spec/system/01_before_login_spec.rb:193:in `block (4 levels) in <main>'

  5) [STEP1] ユーザログイン前のテスト ユーザログアウトのテスト ログアウト機能のテスト 正しくログアウトできている: ログアウト後のリダイレクト先においてAbout画面へのリンクが存在する
     Failure/Error: click_link logout_link

     URI::InvalidURIError:
       bad URI(is not URI?): "/users/sign_out "
     # /home/ec2-user/.rvm/gems/ruby-3.1.2/gems/capybara-3.39.2/lib/capybara/rack_test/browser.rb:84:in `build_uri'
     # /home/ec2-user/.rvm/gems/ruby-3.1.2/gems/capybara-3.39.2/lib/capybara/rack_test/browser.rb:54:in `process_and_follow_redirects'
     # /home/ec2-user/.rvm/gems/ruby-3.1.2/gems/capybara-3.39.2/lib/capybara/rack_test/browser.rb:50:in `follow'
     # /home/ec2-user/.rvm/gems/ruby-3.1.2/gems/capybara-3.39.2/lib/capybara/rack_test/node.rb:252:in `follow_link'
     # /home/ec2-user/.rvm/gems/ruby-3.1.2/gems/capybara-3.39.2/lib/capybara/rack_test/node.rb:66:in `click'
     # /home/ec2-user/.rvm/gems/ruby-3.1.2/gems/capybara-3.39.2/lib/capybara/rack_test/node.rb:132:in `call'
     # /home/ec2-user/.rvm/gems/ruby-3.1.2/gems/capybara-3.39.2/lib/capybara/rack_test/node.rb:132:in `click'
     # /home/ec2-user/.rvm/gems/ruby-3.1.2/gems/capybara-3.39.2/lib/capybara/node/element.rb:172:in `block in click'
     # /home/ec2-user/.rvm/gems/ruby-3.1.2/gems/capybara-3.39.2/lib/capybara/node/element.rb:608:in `block in perform_click_action'
     # /home/ec2-user/.rvm/gems/ruby-3.1.2/gems/capybara-3.39.2/lib/capybara/node/base.rb:84:in `synchronize'
     # /home/ec2-user/.rvm/gems/ruby-3.1.2/gems/capybara-3.39.2/lib/capybara/node/element.rb:608:in `perform_click_action'
     # /home/ec2-user/.rvm/gems/ruby-3.1.2/gems/capybara-3.39.2/lib/capybara/node/element.rb:171:in `click'
     # /home/ec2-user/.rvm/gems/ruby-3.1.2/gems/capybara-3.39.2/lib/capybara/node/actions.rb:42:in `click_link'
     # /home/ec2-user/.rvm/gems/ruby-3.1.2/gems/capybara-3.39.2/lib/capybara/session.rb:773:in `click_link'
     # /home/ec2-user/.rvm/gems/ruby-3.1.2/gems/capybara-3.39.2/lib/capybara/dsl.rb:52:in `call'
     # /home/ec2-user/.rvm/gems/ruby-3.1.2/gems/capybara-3.39.2/lib/capybara/dsl.rb:52:in `click_link'
     # ./spec/system/01_before_login_spec.rb:254:in `block (3 levels) in <main>'

  6) [STEP1] ユーザログイン前のテスト ユーザログアウトのテスト ログアウト機能のテスト ログアウト後のリダイレクト先が、トップになっている
     Failure/Error: click_link logout_link

     URI::InvalidURIError:
       bad URI(is not URI?): "/users/sign_out "
     # /home/ec2-user/.rvm/gems/ruby-3.1.2/gems/capybara-3.39.2/lib/capybara/rack_test/browser.rb:84:in `build_uri'
     # /home/ec2-user/.rvm/gems/ruby-3.1.2/gems/capybara-3.39.2/lib/capybara/rack_test/browser.rb:54:in `process_and_follow_redirects'
     # /home/ec2-user/.rvm/gems/ruby-3.1.2/gems/capybara-3.39.2/lib/capybara/rack_test/browser.rb:50:in `follow'
     # /home/ec2-user/.rvm/gems/ruby-3.1.2/gems/capybara-3.39.2/lib/capybara/rack_test/node.rb:252:in `follow_link'
     # /home/ec2-user/.rvm/gems/ruby-3.1.2/gems/capybara-3.39.2/lib/capybara/rack_test/node.rb:66:in `click'
     # /home/ec2-user/.rvm/gems/ruby-3.1.2/gems/capybara-3.39.2/lib/capybara/rack_test/node.rb:132:in `call'
     # /home/ec2-user/.rvm/gems/ruby-3.1.2/gems/capybara-3.39.2/lib/capybara/rack_test/node.rb:132:in `click'
     # /home/ec2-user/.rvm/gems/ruby-3.1.2/gems/capybara-3.39.2/lib/capybara/node/element.rb:172:in `block in click'
     # /home/ec2-user/.rvm/gems/ruby-3.1.2/gems/capybara-3.39.2/lib/capybara/node/element.rb:608:in `block in perform_click_action'
     # /home/ec2-user/.rvm/gems/ruby-3.1.2/gems/capybara-3.39.2/lib/capybara/node/base.rb:84:in `synchronize'
     # /home/ec2-user/.rvm/gems/ruby-3.1.2/gems/capybara-3.39.2/lib/capybara/node/element.rb:608:in `perform_click_action'
     # /home/ec2-user/.rvm/gems/ruby-3.1.2/gems/capybara-3.39.2/lib/capybara/node/element.rb:171:in `click'
     # /home/ec2-user/.rvm/gems/ruby-3.1.2/gems/capybara-3.39.2/lib/capybara/node/actions.rb:42:in `click_link'
     # /home/ec2-user/.rvm/gems/ruby-3.1.2/gems/capybara-3.39.2/lib/capybara/session.rb:773:in `click_link'
     # /home/ec2-user/.rvm/gems/ruby-3.1.2/gems/capybara-3.39.2/lib/capybara/dsl.rb:52:in `call'
     # /home/ec2-user/.rvm/gems/ruby-3.1.2/gems/capybara-3.39.2/lib/capybara/dsl.rb:52:in `click_link'
     # ./spec/system/01_before_login_spec.rb:254:in `block (3 levels) in <main>'

  7) [STEP2] ユーザログイン後のテスト ヘッダーのテスト: ログインしている場合 リンクの内容を確認: ※logoutは『ユーザログアウトのテスト』でテスト済みになります。 Homeを押すと、自分のユーザ詳細画面に遷移する
     Failure/Error: is_expected.to eq '/users/' + user.id.to_s

       expected: "/users/1"
            got: "/"

       (compared using ==)
     # ./spec/system/02_after_login_spec.rb:24:in `block (4 levels) in <main>'

  8) [STEP2] ユーザログイン後のテスト 投稿一覧画面のテスト 表示内容の確認 自分と他人の画像のリンク先が正しい
     Failure/Error: expect(page).to have_link '', href: user_path(book.user)
       expected to find link "" with href "/users/1" but there were no matches
     # ./spec/system/02_after_login_spec.rb:51:in `block (4 levels) in <main>'

  9) [STEP2] ユーザログイン後のテスト 投稿一覧画面のテスト サイドバーの確認 自分の名前と紹介文が表示される
     Failure/Error: expect(page).to have_content user.name
       expected to find text "z9echwfwt1" in "Bookers\nHome Users Books Log out\nBookers\nNew book\nTitle\nOpinion\nBook details\nw30mc\nj66kh0o5293m9kij1a8y\ni1hev\nqn3irc289f7owv49q5x5\nCopyRight Infratop.inc"
     # ./spec/system/02_after_login_spec.rb:66:in `block (4 levels) in <main>'

  10) [STEP2] ユーザログイン後のテスト 投稿一覧画面のテスト サイドバーの確認 自分のユーザ編集画面へのリンクが存在する
      Failure/Error: expect(page).to have_link '', href: edit_user_path(user)
        expected to find link "" with href "/users/1/edit" but there were no matches
      # ./spec/system/02_after_login_spec.rb:70:in `block (4 levels) in <main>'

  11) [STEP2] ユーザログイン後のテスト 投稿一覧画面のテスト 投稿成功のテスト リダイレクト先が、保存できた投稿の詳細画面になっている
      Failure/Error: expect(current_path).to eq '/books/' + Book.last.id.to_s

        expected: "/books/3"
             got: "/books"

        (compared using ==)
      # ./spec/system/02_after_login_spec.rb:103:in `block (4 levels) in <main>'

  12) [STEP2] ユーザログイン後のテスト 自分の投稿詳細画面のテスト 表示内容の確認 URLが正しい
      Failure/Error: Unable to find matching line in /home/ec2-user/environment/Bookers2/app/views/books/show.html.erb

      ActionView::SyntaxErrorInTemplate:
        Encountered a syntax error while rendering template: check <%= render 'bookers', book: @book %>

        <h1>Book detail</h1>
          <div>
            <p><%= image_tag 'sample-author1.jpg' %></p>
            <%= link_to book_path(book.id) do %>
              <p><%= image_tag book.user.get_profile_image(100,100) %></p>
              <p><%= book.title %></p>
            <% end %>
            <p><%= book.body %></p>
          </div>
        <% end %>
      # ./app/views/books/show.html.erb:14: syntax error, unexpected `end', expecting end-of-input
      #           end
      #           ^~~
      # ./app/views/books/show.html.erb:14: syntax error, unexpected `end', expecting end-of-input
      #           end
      #           ^~~
      # /home/ec2-user/.rvm/gems/ruby-3.1.2/gems/actiontext-6.1.7.4/lib/action_text/rendering.rb:20:in `with_renderer'
      # /home/ec2-user/.rvm/gems/ruby-3.1.2/gems/actiontext-6.1.7.4/lib/action_text/engine.rb:59:in `block (4 levels) in <class:Engine>'
      # /home/ec2-user/.rvm/gems/ruby-3.1.2/gems/warden-1.2.9/lib/warden/manager.rb:36:in `block in call'
      # /home/ec2-user/.rvm/gems/ruby-3.1.2/gems/warden-1.2.9/lib/warden/manager.rb:34:in `catch'
      # /home/ec2-user/.rvm/gems/ruby-3.1.2/gems/warden-1.2.9/lib/warden/manager.rb:34:in `call'
      # /home/ec2-user/.rvm/gems/ruby-3.1.2/gems/rack-2.2.8/lib/rack/tempfile_reaper.rb:15:in `call'
      # /home/ec2-user/.rvm/gems/ruby-3.1.2/gems/rack-2.2.8/lib/rack/etag.rb:27:in `call'
      # /home/ec2-user/.rvm/gems/ruby-3.1.2/gems/rack-2.2.8/lib/rack/conditional_get.rb:27:in `call'
      # /home/ec2-user/.rvm/gems/ruby-3.1.2/gems/rack-2.2.8/lib/rack/head.rb:12:in `call'
      # /home/ec2-user/.rvm/gems/ruby-3.1.2/gems/rack-2.2.8/lib/rack/session/abstract/id.rb:266:in `context'
      # /home/ec2-user/.rvm/gems/ruby-3.1.2/gems/rack-2.2.8/lib/rack/session/abstract/id.rb:260:in `call'
      # /home/ec2-user/.rvm/gems/ruby-3.1.2/gems/railties-6.1.7.4/lib/rails/rack/logger.rb:37:in `call_app'
      # /home/ec2-user/.rvm/gems/ruby-3.1.2/gems/railties-6.1.7.4/lib/rails/rack/logger.rb:26:in `block in call'
      # /home/ec2-user/.rvm/gems/ruby-3.1.2/gems/railties-6.1.7.4/lib/rails/rack/logger.rb:26:in `call'
      # /home/ec2-user/.rvm/gems/ruby-3.1.2/gems/rack-2.2.8/lib/rack/method_override.rb:24:in `call'
      # /home/ec2-user/.rvm/gems/ruby-3.1.2/gems/rack-2.2.8/lib/rack/runtime.rb:22:in `call'
      # /home/ec2-user/.rvm/gems/ruby-3.1.2/gems/rack-2.2.8/lib/rack/sendfile.rb:110:in `call'
      # /home/ec2-user/.rvm/gems/ruby-3.1.2/gems/railties-6.1.7.4/lib/rails/engine.rb:539:in `call'
      # /home/ec2-user/.rvm/gems/ruby-3.1.2/gems/rack-2.2.8/lib/rack/urlmap.rb:74:in `block in call'
      # /home/ec2-user/.rvm/gems/ruby-3.1.2/gems/rack-2.2.8/lib/rack/urlmap.rb:58:in `each'
      # /home/ec2-user/.rvm/gems/ruby-3.1.2/gems/rack-2.2.8/lib/rack/urlmap.rb:58:in `call'
      # /home/ec2-user/.rvm/gems/ruby-3.1.2/gems/rack-2.2.8/lib/rack/builder.rb:244:in `call'
      # /home/ec2-user/.rvm/gems/ruby-3.1.2/gems/rack-test-2.1.0/lib/rack/test.rb:360:in `process_request'
      # /home/ec2-user/.rvm/gems/ruby-3.1.2/gems/rack-test-2.1.0/lib/rack/test.rb:163:in `custom_request'
      # /home/ec2-user/.rvm/gems/ruby-3.1.2/gems/rack-test-2.1.0/lib/rack/test.rb:112:in `get'
      # /home/ec2-user/.rvm/gems/ruby-3.1.2/gems/capybara-3.39.2/lib/capybara/rack_test/browser.rb:80:in `process'
      # /home/ec2-user/.rvm/gems/ruby-3.1.2/gems/capybara-3.39.2/lib/capybara/rack_test/browser.rb:55:in `process_and_follow_redirects'
      # /home/ec2-user/.rvm/gems/ruby-3.1.2/gems/capybara-3.39.2/lib/capybara/rack_test/browser.rb:26:in `visit'
      # /home/ec2-user/.rvm/gems/ruby-3.1.2/gems/capybara-3.39.2/lib/capybara/rack_test/driver.rb:46:in `visit'
      # /home/ec2-user/.rvm/gems/ruby-3.1.2/gems/capybara-3.39.2/lib/capybara/session.rb:280:in `visit'
      # /home/ec2-user/.rvm/gems/ruby-3.1.2/gems/capybara-3.39.2/lib/capybara/dsl.rb:52:in `call'
      # /home/ec2-user/.rvm/gems/ruby-3.1.2/gems/capybara-3.39.2/lib/capybara/dsl.rb:52:in `visit'
      # ./spec/system/02_after_login_spec.rb:110:in `block (3 levels) in <main>'
      # ------------------
      # --- Caused by: ---
      # SyntaxError:
      #   /home/ec2-user/environment/Bookers2/app/views/books/show.html.erb:14: syntax error, unexpected `end', expecting end-of-input
      #             end
      #             ^~~
      #   ./app/views/books/show.html.erb:14: syntax error, unexpected `end', expecting end-of-input

  13) [STEP2] ユーザログイン後のテスト 自分の投稿詳細画面のテスト 表示内容の確認 「Book detail」と表示される
      Failure/Error: Unable to find matching line in /home/ec2-user/environment/Bookers2/app/views/books/show.html.erb

      ActionView::SyntaxErrorInTemplate:
        Encountered a syntax error while rendering template: check <%= render 'bookers', book: @book %>

        <h1>Book detail</h1>
          <div>
            <p><%= image_tag 'sample-author1.jpg' %></p>
            <%= link_to book_path(book.id) do %>
              <p><%= image_tag book.user.get_profile_image(100,100) %></p>
              <p><%= book.title %></p>
            <% end %>
            <p><%= book.body %></p>
          </div>
        <% end %>
      # ./app/views/books/show.html.erb:14: syntax error, unexpected `end', expecting end-of-input
      #           end
      #           ^~~
      # ./app/views/books/show.html.erb:14: syntax error, unexpected `end', expecting end-of-input
      #           end
      #           ^~~
      # /home/ec2-user/.rvm/gems/ruby-3.1.2/gems/actiontext-6.1.7.4/lib/action_text/rendering.rb:20:in `with_renderer'
      # /home/ec2-user/.rvm/gems/ruby-3.1.2/gems/actiontext-6.1.7.4/lib/action_text/engine.rb:59:in `block (4 levels) in <class:Engine>'
      # /home/ec2-user/.rvm/gems/ruby-3.1.2/gems/warden-1.2.9/lib/warden/manager.rb:36:in `block in call'
      # /home/ec2-user/.rvm/gems/ruby-3.1.2/gems/warden-1.2.9/lib/warden/manager.rb:34:in `catch'
      # /home/ec2-user/.rvm/gems/ruby-3.1.2/gems/warden-1.2.9/lib/warden/manager.rb:34:in `call'
      # /home/ec2-user/.rvm/gems/ruby-3.1.2/gems/rack-2.2.8/lib/rack/tempfile_reaper.rb:15:in `call'
      # /home/ec2-user/.rvm/gems/ruby-3.1.2/gems/rack-2.2.8/lib/rack/etag.rb:27:in `call'
      # /home/ec2-user/.rvm/gems/ruby-3.1.2/gems/rack-2.2.8/lib/rack/conditional_get.rb:27:in `call'
      # /home/ec2-user/.rvm/gems/ruby-3.1.2/gems/rack-2.2.8/lib/rack/head.rb:12:in `call'
      # /home/ec2-user/.rvm/gems/ruby-3.1.2/gems/rack-2.2.8/lib/rack/session/abstract/id.rb:266:in `context'
      # /home/ec2-user/.rvm/gems/ruby-3.1.2/gems/rack-2.2.8/lib/rack/session/abstract/id.rb:260:in `call'
      # /home/ec2-user/.rvm/gems/ruby-3.1.2/gems/railties-6.1.7.4/lib/rails/rack/logger.rb:37:in `call_app'
      # /home/ec2-user/.rvm/gems/ruby-3.1.2/gems/railties-6.1.7.4/lib/rails/rack/logger.rb:26:in `block in call'
      # /home/ec2-user/.rvm/gems/ruby-3.1.2/gems/railties-6.1.7.4/lib/rails/rack/logger.rb:26:in `call'
      # /home/ec2-user/.rvm/gems/ruby-3.1.2/gems/rack-2.2.8/lib/rack/method_override.rb:24:in `call'
      # /home/ec2-user/.rvm/gems/ruby-3.1.2/gems/rack-2.2.8/lib/rack/runtime.rb:22:in `call'
      # /home/ec2-user/.rvm/gems/ruby-3.1.2/gems/rack-2.2.8/lib/rack/sendfile.rb:110:in `call'
      # /home/ec2-user/.rvm/gems/ruby-3.1.2/gems/railties-6.1.7.4/lib/rails/engine.rb:539:in `call'
      # /home/ec2-user/.rvm/gems/ruby-3.1.2/gems/rack-2.2.8/lib/rack/urlmap.rb:74:in `block in call'
      # /home/ec2-user/.rvm/gems/ruby-3.1.2/gems/rack-2.2.8/lib/rack/urlmap.rb:58:in `each'
      # /home/ec2-user/.rvm/gems/ruby-3.1.2/gems/rack-2.2.8/lib/rack/urlmap.rb:58:in `call'
      # /home/ec2-user/.rvm/gems/ruby-3.1.2/gems/rack-2.2.8/lib/rack/builder.rb:244:in `call'
      # /home/ec2-user/.rvm/gems/ruby-3.1.2/gems/rack-test-2.1.0/lib/rack/test.rb:360:in `process_request'
      # /home/ec2-user/.rvm/gems/ruby-3.1.2/gems/rack-test-2.1.0/lib/rack/test.rb:163:in `custom_request'
      # /home/ec2-user/.rvm/gems/ruby-3.1.2/gems/rack-test-2.1.0/lib/rack/test.rb:112:in `get'
      # /home/ec2-user/.rvm/gems/ruby-3.1.2/gems/capybara-3.39.2/lib/capybara/rack_test/browser.rb:80:in `process'
      # /home/ec2-user/.rvm/gems/ruby-3.1.2/gems/capybara-3.39.2/lib/capybara/rack_test/browser.rb:55:in `process_and_follow_redirects'
      # /home/ec2-user/.rvm/gems/ruby-3.1.2/gems/capybara-3.39.2/lib/capybara/rack_test/browser.rb:26:in `visit'
      # /home/ec2-user/.rvm/gems/ruby-3.1.2/gems/capybara-3.39.2/lib/capybara/rack_test/driver.rb:46:in `visit'
      # /home/ec2-user/.rvm/gems/ruby-3.1.2/gems/capybara-3.39.2/lib/capybara/session.rb:280:in `visit'
      # /home/ec2-user/.rvm/gems/ruby-3.1.2/gems/capybara-3.39.2/lib/capybara/dsl.rb:52:in `call'
      # /home/ec2-user/.rvm/gems/ruby-3.1.2/gems/capybara-3.39.2/lib/capybara/dsl.rb:52:in `visit'
      # ./spec/system/02_after_login_spec.rb:110:in `block (3 levels) in <main>'
      # ------------------
      # --- Caused by: ---
      # SyntaxError:
      #   /home/ec2-user/environment/Bookers2/app/views/books/show.html.erb:14: syntax error, unexpected `end', expecting end-of-input
      #             end
      #             ^~~
      #   ./app/views/books/show.html.erb:14: syntax error, unexpected `end', expecting end-of-input

  14) [STEP2] ユーザログイン後のテスト 自分の投稿詳細画面のテスト 表示内容の確認 ユーザ画像・名前のリンク先が正しい
      Failure/Error: Unable to find matching line in /home/ec2-user/environment/Bookers2/app/views/books/show.html.erb

      ActionView::SyntaxErrorInTemplate:
        Encountered a syntax error while rendering template: check <%= render 'bookers', book: @book %>

        <h1>Book detail</h1>
          <div>
            <p><%= image_tag 'sample-author1.jpg' %></p>
            <%= link_to book_path(book.id) do %>
              <p><%= image_tag book.user.get_profile_image(100,100) %></p>
              <p><%= book.title %></p>
            <% end %>
            <p><%= book.body %></p>
          </div>
        <% end %>
      # ./app/views/books/show.html.erb:14: syntax error, unexpected `end', expecting end-of-input
      #           end
      #           ^~~
      # ./app/views/books/show.html.erb:14: syntax error, unexpected `end', expecting end-of-input
      #           end
      #           ^~~
      # /home/ec2-user/.rvm/gems/ruby-3.1.2/gems/actiontext-6.1.7.4/lib/action_text/rendering.rb:20:in `with_renderer'
      # /home/ec2-user/.rvm/gems/ruby-3.1.2/gems/actiontext-6.1.7.4/lib/action_text/engine.rb:59:in `block (4 levels) in <class:Engine>'
      # /home/ec2-user/.rvm/gems/ruby-3.1.2/gems/warden-1.2.9/lib/warden/manager.rb:36:in `block in call'
      # /home/ec2-user/.rvm/gems/ruby-3.1.2/gems/warden-1.2.9/lib/warden/manager.rb:34:in `catch'
      # /home/ec2-user/.rvm/gems/ruby-3.1.2/gems/warden-1.2.9/lib/warden/manager.rb:34:in `call'
      # /home/ec2-user/.rvm/gems/ruby-3.1.2/gems/rack-2.2.8/lib/rack/tempfile_reaper.rb:15:in `call'
      # /home/ec2-user/.rvm/gems/ruby-3.1.2/gems/rack-2.2.8/lib/rack/etag.rb:27:in `call'
      # /home/ec2-user/.rvm/gems/ruby-3.1.2/gems/rack-2.2.8/lib/rack/conditional_get.rb:27:in `call'
      # /home/ec2-user/.rvm/gems/ruby-3.1.2/gems/rack-2.2.8/lib/rack/head.rb:12:in `call'
      # /home/ec2-user/.rvm/gems/ruby-3.1.2/gems/rack-2.2.8/lib/rack/session/abstract/id.rb:266:in `context'
      # /home/ec2-user/.rvm/gems/ruby-3.1.2/gems/rack-2.2.8/lib/rack/session/abstract/id.rb:260:in `call'
      # /home/ec2-user/.rvm/gems/ruby-3.1.2/gems/railties-6.1.7.4/lib/rails/rack/logger.rb:37:in `call_app'
      # /home/ec2-user/.rvm/gems/ruby-3.1.2/gems/railties-6.1.7.4/lib/rails/rack/logger.rb:26:in `block in call'
      # /home/ec2-user/.rvm/gems/ruby-3.1.2/gems/railties-6.1.7.4/lib/rails/rack/logger.rb:26:in `call'
      # /home/ec2-user/.rvm/gems/ruby-3.1.2/gems/rack-2.2.8/lib/rack/method_override.rb:24:in `call'
      # /home/ec2-user/.rvm/gems/ruby-3.1.2/gems/rack-2.2.8/lib/rack/runtime.rb:22:in `call'
      # /home/ec2-user/.rvm/gems/ruby-3.1.2/gems/rack-2.2.8/lib/rack/sendfile.rb:110:in `call'
      # /home/ec2-user/.rvm/gems/ruby-3.1.2/gems/railties-6.1.7.4/lib/rails/engine.rb:539:in `call'
      # /home/ec2-user/.rvm/gems/ruby-3.1.2/gems/rack-2.2.8/lib/rack/urlmap.rb:74:in `block in call'
      # /home/ec2-user/.rvm/gems/ruby-3.1.2/gems/rack-2.2.8/lib/rack/urlmap.rb:58:in `each'
      # /home/ec2-user/.rvm/gems/ruby-3.1.2/gems/rack-2.2.8/lib/rack/urlmap.rb:58:in `call'
      # /home/ec2-user/.rvm/gems/ruby-3.1.2/gems/rack-2.2.8/lib/rack/builder.rb:244:in `call'
      # /home/ec2-user/.rvm/gems/ruby-3.1.2/gems/rack-test-2.1.0/lib/rack/test.rb:360:in `process_request'
      # /home/ec2-user/.rvm/gems/ruby-3.1.2/gems/rack-test-2.1.0/lib/rack/test.rb:163:in `custom_request'
      # /home/ec2-user/.rvm/gems/ruby-3.1.2/gems/rack-test-2.1.0/lib/rack/test.rb:112:in `get'
      # /home/ec2-user/.rvm/gems/ruby-3.1.2/gems/capybara-3.39.2/lib/capybara/rack_test/browser.rb:80:in `process'
      # /home/ec2-user/.rvm/gems/ruby-3.1.2/gems/capybara-3.39.2/lib/capybara/rack_test/browser.rb:55:in `process_and_follow_redirects'
      # /home/ec2-user/.rvm/gems/ruby-3.1.2/gems/capybara-3.39.2/lib/capybara/rack_test/browser.rb:26:in `visit'
      # /home/ec2-user/.rvm/gems/ruby-3.1.2/gems/capybara-3.39.2/lib/capybara/rack_test/driver.rb:46:in `visit'
      # /home/ec2-user/.rvm/gems/ruby-3.1.2/gems/capybara-3.39.2/lib/capybara/session.rb:280:in `visit'
      # /home/ec2-user/.rvm/gems/ruby-3.1.2/gems/capybara-3.39.2/lib/capybara/dsl.rb:52:in `call'
      # /home/ec2-user/.rvm/gems/ruby-3.1.2/gems/capybara-3.39.2/lib/capybara/dsl.rb:52:in `visit'
      # ./spec/system/02_after_login_spec.rb:110:in `block (3 levels) in <main>'
      # ------------------
      # --- Caused by: ---
      # SyntaxError:
      #   /home/ec2-user/environment/Bookers2/app/views/books/show.html.erb:14: syntax error, unexpected `end', expecting end-of-input
      #             end
      #             ^~~
      #   ./app/views/books/show.html.erb:14: syntax error, unexpected `end', expecting end-of-input

  15) [STEP2] ユーザログイン後のテスト 自分の投稿詳細画面のテスト 表示内容の確認 投稿のtitleが表示される
      Failure/Error: Unable to find matching line in /home/ec2-user/environment/Bookers2/app/views/books/show.html.erb

      ActionView::SyntaxErrorInTemplate:
        Encountered a syntax error while rendering template: check <%= render 'bookers', book: @book %>

        <h1>Book detail</h1>
          <div>
            <p><%= image_tag 'sample-author1.jpg' %></p>
            <%= link_to book_path(book.id) do %>
              <p><%= image_tag book.user.get_profile_image(100,100) %></p>
              <p><%= book.title %></p>
            <% end %>
            <p><%= book.body %></p>
          </div>
        <% end %>
      # ./app/views/books/show.html.erb:14: syntax error, unexpected `end', expecting end-of-input
      #           end
      #           ^~~
      # ./app/views/books/show.html.erb:14: syntax error, unexpected `end', expecting end-of-input
      #           end
      #           ^~~
      # /home/ec2-user/.rvm/gems/ruby-3.1.2/gems/actiontext-6.1.7.4/lib/action_text/rendering.rb:20:in `with_renderer'
      # /home/ec2-user/.rvm/gems/ruby-3.1.2/gems/actiontext-6.1.7.4/lib/action_text/engine.rb:59:in `block (4 levels) in <class:Engine>'
      # /home/ec2-user/.rvm/gems/ruby-3.1.2/gems/warden-1.2.9/lib/warden/manager.rb:36:in `block in call'
      # /home/ec2-user/.rvm/gems/ruby-3.1.2/gems/warden-1.2.9/lib/warden/manager.rb:34:in `catch'
      # /home/ec2-user/.rvm/gems/ruby-3.1.2/gems/warden-1.2.9/lib/warden/manager.rb:34:in `call'
      # /home/ec2-user/.rvm/gems/ruby-3.1.2/gems/rack-2.2.8/lib/rack/tempfile_reaper.rb:15:in `call'
      # /home/ec2-user/.rvm/gems/ruby-3.1.2/gems/rack-2.2.8/lib/rack/etag.rb:27:in `call'
      # /home/ec2-user/.rvm/gems/ruby-3.1.2/gems/rack-2.2.8/lib/rack/conditional_get.rb:27:in `call'
      # /home/ec2-user/.rvm/gems/ruby-3.1.2/gems/rack-2.2.8/lib/rack/head.rb:12:in `call'
      # /home/ec2-user/.rvm/gems/ruby-3.1.2/gems/rack-2.2.8/lib/rack/session/abstract/id.rb:266:in `context'
      # /home/ec2-user/.rvm/gems/ruby-3.1.2/gems/rack-2.2.8/lib/rack/session/abstract/id.rb:260:in `call'
      # /home/ec2-user/.rvm/gems/ruby-3.1.2/gems/railties-6.1.7.4/lib/rails/rack/logger.rb:37:in `call_app'
      # /home/ec2-user/.rvm/gems/ruby-3.1.2/gems/railties-6.1.7.4/lib/rails/rack/logger.rb:26:in `block in call'
      # /home/ec2-user/.rvm/gems/ruby-3.1.2/gems/railties-6.1.7.4/lib/rails/rack/logger.rb:26:in `call'
      # /home/ec2-user/.rvm/gems/ruby-3.1.2/gems/rack-2.2.8/lib/rack/method_override.rb:24:in `call'
      # /home/ec2-user/.rvm/gems/ruby-3.1.2/gems/rack-2.2.8/lib/rack/runtime.rb:22:in `call'
      # /home/ec2-user/.rvm/gems/ruby-3.1.2/gems/rack-2.2.8/lib/rack/sendfile.rb:110:in `call'
      # /home/ec2-user/.rvm/gems/ruby-3.1.2/gems/railties-6.1.7.4/lib/rails/engine.rb:539:in `call'
      # /home/ec2-user/.rvm/gems/ruby-3.1.2/gems/rack-2.2.8/lib/rack/urlmap.rb:74:in `block in call'
      # /home/ec2-user/.rvm/gems/ruby-3.1.2/gems/rack-2.2.8/lib/rack/urlmap.rb:58:in `each'
      # /home/ec2-user/.rvm/gems/ruby-3.1.2/gems/rack-2.2.8/lib/rack/urlmap.rb:58:in `call'
      # /home/ec2-user/.rvm/gems/ruby-3.1.2/gems/rack-2.2.8/lib/rack/builder.rb:244:in `call'
      # /home/ec2-user/.rvm/gems/ruby-3.1.2/gems/rack-test-2.1.0/lib/rack/test.rb:360:in `process_request'
      # /home/ec2-user/.rvm/gems/ruby-3.1.2/gems/rack-test-2.1.0/lib/rack/test.rb:163:in `custom_request'
      # /home/ec2-user/.rvm/gems/ruby-3.1.2/gems/rack-test-2.1.0/lib/rack/test.rb:112:in `get'
      # /home/ec2-user/.rvm/gems/ruby-3.1.2/gems/capybara-3.39.2/lib/capybara/rack_test/browser.rb:80:in `process'
      # /home/ec2-user/.rvm/gems/ruby-3.1.2/gems/capybara-3.39.2/lib/capybara/rack_test/browser.rb:55:in `process_and_follow_redirects'
      # /home/ec2-user/.rvm/gems/ruby-3.1.2/gems/capybara-3.39.2/lib/capybara/rack_test/browser.rb:26:in `visit'
      # /home/ec2-user/.rvm/gems/ruby-3.1.2/gems/capybara-3.39.2/lib/capybara/rack_test/driver.rb:46:in `visit'
      # /home/ec2-user/.rvm/gems/ruby-3.1.2/gems/capybara-3.39.2/lib/capybara/session.rb:280:in `visit'
      # /home/ec2-user/.rvm/gems/ruby-3.1.2/gems/capybara-3.39.2/lib/capybara/dsl.rb:52:in `call'
      # /home/ec2-user/.rvm/gems/ruby-3.1.2/gems/capybara-3.39.2/lib/capybara/dsl.rb:52:in `visit'
      # ./spec/system/02_after_login_spec.rb:110:in `block (3 levels) in <main>'
      # ------------------
      # --- Caused by: ---
      # SyntaxError:
      #   /home/ec2-user/environment/Bookers2/app/views/books/show.html.erb:14: syntax error, unexpected `end', expecting end-of-input
      #             end
      #             ^~~
      #   ./app/views/books/show.html.erb:14: syntax error, unexpected `end', expecting end-of-input

  16) [STEP2] ユーザログイン後のテスト 自分の投稿詳細画面のテスト 表示内容の確認 投稿のbodyが表示される
      Failure/Error: Unable to find matching line in /home/ec2-user/environment/Bookers2/app/views/books/show.html.erb

      ActionView::SyntaxErrorInTemplate:
        Encountered a syntax error while rendering template: check <%= render 'bookers', book: @book %>

        <h1>Book detail</h1>
          <div>
            <p><%= image_tag 'sample-author1.jpg' %></p>
            <%= link_to book_path(book.id) do %>
              <p><%= image_tag book.user.get_profile_image(100,100) %></p>
              <p><%= book.title %></p>
            <% end %>
            <p><%= book.body %></p>
          </div>
        <% end %>
      # ./app/views/books/show.html.erb:14: syntax error, unexpected `end', expecting end-of-input
      #           end
      #           ^~~
      # ./app/views/books/show.html.erb:14: syntax error, unexpected `end', expecting end-of-input
      #           end
      #           ^~~
      # /home/ec2-user/.rvm/gems/ruby-3.1.2/gems/actiontext-6.1.7.4/lib/action_text/rendering.rb:20:in `with_renderer'
      # /home/ec2-user/.rvm/gems/ruby-3.1.2/gems/actiontext-6.1.7.4/lib/action_text/engine.rb:59:in `block (4 levels) in <class:Engine>'
      # /home/ec2-user/.rvm/gems/ruby-3.1.2/gems/warden-1.2.9/lib/warden/manager.rb:36:in `block in call'
      # /home/ec2-user/.rvm/gems/ruby-3.1.2/gems/warden-1.2.9/lib/warden/manager.rb:34:in `catch'
      # /home/ec2-user/.rvm/gems/ruby-3.1.2/gems/warden-1.2.9/lib/warden/manager.rb:34:in `call'
      # /home/ec2-user/.rvm/gems/ruby-3.1.2/gems/rack-2.2.8/lib/rack/tempfile_reaper.rb:15:in `call'
      # /home/ec2-user/.rvm/gems/ruby-3.1.2/gems/rack-2.2.8/lib/rack/etag.rb:27:in `call'
      # /home/ec2-user/.rvm/gems/ruby-3.1.2/gems/rack-2.2.8/lib/rack/conditional_get.rb:27:in `call'
      # /home/ec2-user/.rvm/gems/ruby-3.1.2/gems/rack-2.2.8/lib/rack/head.rb:12:in `call'
      # /home/ec2-user/.rvm/gems/ruby-3.1.2/gems/rack-2.2.8/lib/rack/session/abstract/id.rb:266:in `context'
      # /home/ec2-user/.rvm/gems/ruby-3.1.2/gems/rack-2.2.8/lib/rack/session/abstract/id.rb:260:in `call'
      # /home/ec2-user/.rvm/gems/ruby-3.1.2/gems/railties-6.1.7.4/lib/rails/rack/logger.rb:37:in `call_app'
      # /home/ec2-user/.rvm/gems/ruby-3.1.2/gems/railties-6.1.7.4/lib/rails/rack/logger.rb:26:in `block in call'
      # /home/ec2-user/.rvm/gems/ruby-3.1.2/gems/railties-6.1.7.4/lib/rails/rack/logger.rb:26:in `call'
      # /home/ec2-user/.rvm/gems/ruby-3.1.2/gems/rack-2.2.8/lib/rack/method_override.rb:24:in `call'
      # /home/ec2-user/.rvm/gems/ruby-3.1.2/gems/rack-2.2.8/lib/rack/runtime.rb:22:in `call'
      # /home/ec2-user/.rvm/gems/ruby-3.1.2/gems/rack-2.2.8/lib/rack/sendfile.rb:110:in `call'
      # /home/ec2-user/.rvm/gems/ruby-3.1.2/gems/railties-6.1.7.4/lib/rails/engine.rb:539:in `call'
      # /home/ec2-user/.rvm/gems/ruby-3.1.2/gems/rack-2.2.8/lib/rack/urlmap.rb:74:in `block in call'
      # /home/ec2-user/.rvm/gems/ruby-3.1.2/gems/rack-2.2.8/lib/rack/urlmap.rb:58:in `each'
      # /home/ec2-user/.rvm/gems/ruby-3.1.2/gems/rack-2.2.8/lib/rack/urlmap.rb:58:in `call'
      # /home/ec2-user/.rvm/gems/ruby-3.1.2/gems/rack-2.2.8/lib/rack/builder.rb:244:in `call'
      # /home/ec2-user/.rvm/gems/ruby-3.1.2/gems/rack-test-2.1.0/lib/rack/test.rb:360:in `process_request'
      # /home/ec2-user/.rvm/gems/ruby-3.1.2/gems/rack-test-2.1.0/lib/rack/test.rb:163:in `custom_request'
      # /home/ec2-user/.rvm/gems/ruby-3.1.2/gems/rack-test-2.1.0/lib/rack/test.rb:112:in `get'
      # /home/ec2-user/.rvm/gems/ruby-3.1.2/gems/capybara-3.39.2/lib/capybara/rack_test/browser.rb:80:in `process'
      # /home/ec2-user/.rvm/gems/ruby-3.1.2/gems/capybara-3.39.2/lib/capybara/rack_test/browser.rb:55:in `process_and_follow_redirects'
      # /home/ec2-user/.rvm/gems/ruby-3.1.2/gems/capybara-3.39.2/lib/capybara/rack_test/browser.rb:26:in `visit'
      # /home/ec2-user/.rvm/gems/ruby-3.1.2/gems/capybara-3.39.2/lib/capybara/rack_test/driver.rb:46:in `visit'
      # /home/ec2-user/.rvm/gems/ruby-3.1.2/gems/capybara-3.39.2/lib/capybara/session.rb:280:in `visit'
      # /home/ec2-user/.rvm/gems/ruby-3.1.2/gems/capybara-3.39.2/lib/capybara/dsl.rb:52:in `call'
      # /home/ec2-user/.rvm/gems/ruby-3.1.2/gems/capybara-3.39.2/lib/capybara/dsl.rb:52:in `visit'
      # ./spec/system/02_after_login_spec.rb:110:in `block (3 levels) in <main>'
      # ------------------
      # --- Caused by: ---
      # SyntaxError:
      #   /home/ec2-user/environment/Bookers2/app/views/books/show.html.erb:14: syntax error, unexpected `end', expecting end-of-input
      #             end
      #             ^~~
      #   ./app/views/books/show.html.erb:14: syntax error, unexpected `end', expecting end-of-input

  17) [STEP2] ユーザログイン後のテスト 自分の投稿詳細画面のテスト 表示内容の確認 投稿の編集リンクが表示される
      Failure/Error: Unable to find matching line in /home/ec2-user/environment/Bookers2/app/views/books/show.html.erb

      ActionView::SyntaxErrorInTemplate:
        Encountered a syntax error while rendering template: check <%= render 'bookers', book: @book %>

        <h1>Book detail</h1>
          <div>
            <p><%= image_tag 'sample-author1.jpg' %></p>
            <%= link_to book_path(book.id) do %>
              <p><%= image_tag book.user.get_profile_image(100,100) %></p>
              <p><%= book.title %></p>
            <% end %>
            <p><%= book.body %></p>
          </div>
        <% end %>
      # ./app/views/books/show.html.erb:14: syntax error, unexpected `end', expecting end-of-input
      #           end
      #           ^~~
      # ./app/views/books/show.html.erb:14: syntax error, unexpected `end', expecting end-of-input
      #           end
      #           ^~~
      # /home/ec2-user/.rvm/gems/ruby-3.1.2/gems/actiontext-6.1.7.4/lib/action_text/rendering.rb:20:in `with_renderer'
      # /home/ec2-user/.rvm/gems/ruby-3.1.2/gems/actiontext-6.1.7.4/lib/action_text/engine.rb:59:in `block (4 levels) in <class:Engine>'
      # /home/ec2-user/.rvm/gems/ruby-3.1.2/gems/warden-1.2.9/lib/warden/manager.rb:36:in `block in call'
      # /home/ec2-user/.rvm/gems/ruby-3.1.2/gems/warden-1.2.9/lib/warden/manager.rb:34:in `catch'
      # /home/ec2-user/.rvm/gems/ruby-3.1.2/gems/warden-1.2.9/lib/warden/manager.rb:34:in `call'
      # /home/ec2-user/.rvm/gems/ruby-3.1.2/gems/rack-2.2.8/lib/rack/tempfile_reaper.rb:15:in `call'
      # /home/ec2-user/.rvm/gems/ruby-3.1.2/gems/rack-2.2.8/lib/rack/etag.rb:27:in `call'
      # /home/ec2-user/.rvm/gems/ruby-3.1.2/gems/rack-2.2.8/lib/rack/conditional_get.rb:27:in `call'
      # /home/ec2-user/.rvm/gems/ruby-3.1.2/gems/rack-2.2.8/lib/rack/head.rb:12:in `call'
      # /home/ec2-user/.rvm/gems/ruby-3.1.2/gems/rack-2.2.8/lib/rack/session/abstract/id.rb:266:in `context'
      # /home/ec2-user/.rvm/gems/ruby-3.1.2/gems/rack-2.2.8/lib/rack/session/abstract/id.rb:260:in `call'
      # /home/ec2-user/.rvm/gems/ruby-3.1.2/gems/railties-6.1.7.4/lib/rails/rack/logger.rb:37:in `call_app'
      # /home/ec2-user/.rvm/gems/ruby-3.1.2/gems/railties-6.1.7.4/lib/rails/rack/logger.rb:26:in `block in call'
      # /home/ec2-user/.rvm/gems/ruby-3.1.2/gems/railties-6.1.7.4/lib/rails/rack/logger.rb:26:in `call'
      # /home/ec2-user/.rvm/gems/ruby-3.1.2/gems/rack-2.2.8/lib/rack/method_override.rb:24:in `call'
      # /home/ec2-user/.rvm/gems/ruby-3.1.2/gems/rack-2.2.8/lib/rack/runtime.rb:22:in `call'
      # /home/ec2-user/.rvm/gems/ruby-3.1.2/gems/rack-2.2.8/lib/rack/sendfile.rb:110:in `call'
      # /home/ec2-user/.rvm/gems/ruby-3.1.2/gems/railties-6.1.7.4/lib/rails/engine.rb:539:in `call'
      # /home/ec2-user/.rvm/gems/ruby-3.1.2/gems/rack-2.2.8/lib/rack/urlmap.rb:74:in `block in call'
      # /home/ec2-user/.rvm/gems/ruby-3.1.2/gems/rack-2.2.8/lib/rack/urlmap.rb:58:in `each'
      # /home/ec2-user/.rvm/gems/ruby-3.1.2/gems/rack-2.2.8/lib/rack/urlmap.rb:58:in `call'
      # /home/ec2-user/.rvm/gems/ruby-3.1.2/gems/rack-2.2.8/lib/rack/builder.rb:244:in `call'
      # /home/ec2-user/.rvm/gems/ruby-3.1.2/gems/rack-test-2.1.0/lib/rack/test.rb:360:in `process_request'
      # /home/ec2-user/.rvm/gems/ruby-3.1.2/gems/rack-test-2.1.0/lib/rack/test.rb:163:in `custom_request'
      # /home/ec2-user/.rvm/gems/ruby-3.1.2/gems/rack-test-2.1.0/lib/rack/test.rb:112:in `get'
      # /home/ec2-user/.rvm/gems/ruby-3.1.2/gems/capybara-3.39.2/lib/capybara/rack_test/browser.rb:80:in `process'
      # /home/ec2-user/.rvm/gems/ruby-3.1.2/gems/capybara-3.39.2/lib/capybara/rack_test/browser.rb:55:in `process_and_follow_redirects'
      # /home/ec2-user/.rvm/gems/ruby-3.1.2/gems/capybara-3.39.2/lib/capybara/rack_test/browser.rb:26:in `visit'
      # /home/ec2-user/.rvm/gems/ruby-3.1.2/gems/capybara-3.39.2/lib/capybara/rack_test/driver.rb:46:in `visit'
      # /home/ec2-user/.rvm/gems/ruby-3.1.2/gems/capybara-3.39.2/lib/capybara/session.rb:280:in `visit'
      # /home/ec2-user/.rvm/gems/ruby-3.1.2/gems/capybara-3.39.2/lib/capybara/dsl.rb:52:in `call'
      # /home/ec2-user/.rvm/gems/ruby-3.1.2/gems/capybara-3.39.2/lib/capybara/dsl.rb:52:in `visit'
      # ./spec/system/02_after_login_spec.rb:110:in `block (3 levels) in <main>'
      # ------------------
      # --- Caused by: ---
      # SyntaxError:
      #   /home/ec2-user/environment/Bookers2/app/views/books/show.html.erb:14: syntax error, unexpected `end', expecting end-of-input
      #             end
      #             ^~~
      #   ./app/views/books/show.html.erb:14: syntax error, unexpected `end', expecting end-of-input

  18) [STEP2] ユーザログイン後のテスト 自分の投稿詳細画面のテスト 表示内容の確認 投稿の削除リンクが表示される
      Failure/Error: Unable to find matching line in /home/ec2-user/environment/Bookers2/app/views/books/show.html.erb

      ActionView::SyntaxErrorInTemplate:
        Encountered a syntax error while rendering template: check <%= render 'bookers', book: @book %>

        <h1>Book detail</h1>
          <div>
            <p><%= image_tag 'sample-author1.jpg' %></p>
            <%= link_to book_path(book.id) do %>
              <p><%= image_tag book.user.get_profile_image(100,100) %></p>
              <p><%= book.title %></p>
            <% end %>
            <p><%= book.body %></p>
          </div>
        <% end %>
      # ./app/views/books/show.html.erb:14: syntax error, unexpected `end', expecting end-of-input
      #           end
      #           ^~~
      # ./app/views/books/show.html.erb:14: syntax error, unexpected `end', expecting end-of-input
      #           end
      #           ^~~
      # /home/ec2-user/.rvm/gems/ruby-3.1.2/gems/actiontext-6.1.7.4/lib/action_text/rendering.rb:20:in `with_renderer'
      # /home/ec2-user/.rvm/gems/ruby-3.1.2/gems/actiontext-6.1.7.4/lib/action_text/engine.rb:59:in `block (4 levels) in <class:Engine>'
      # /home/ec2-user/.rvm/gems/ruby-3.1.2/gems/warden-1.2.9/lib/warden/manager.rb:36:in `block in call'
      # /home/ec2-user/.rvm/gems/ruby-3.1.2/gems/warden-1.2.9/lib/warden/manager.rb:34:in `catch'
      # /home/ec2-user/.rvm/gems/ruby-3.1.2/gems/warden-1.2.9/lib/warden/manager.rb:34:in `call'
      # /home/ec2-user/.rvm/gems/ruby-3.1.2/gems/rack-2.2.8/lib/rack/tempfile_reaper.rb:15:in `call'
      # /home/ec2-user/.rvm/gems/ruby-3.1.2/gems/rack-2.2.8/lib/rack/etag.rb:27:in `call'
      # /home/ec2-user/.rvm/gems/ruby-3.1.2/gems/rack-2.2.8/lib/rack/conditional_get.rb:27:in `call'
      # /home/ec2-user/.rvm/gems/ruby-3.1.2/gems/rack-2.2.8/lib/rack/head.rb:12:in `call'
      # /home/ec2-user/.rvm/gems/ruby-3.1.2/gems/rack-2.2.8/lib/rack/session/abstract/id.rb:266:in `context'
      # /home/ec2-user/.rvm/gems/ruby-3.1.2/gems/rack-2.2.8/lib/rack/session/abstract/id.rb:260:in `call'
      # /home/ec2-user/.rvm/gems/ruby-3.1.2/gems/railties-6.1.7.4/lib/rails/rack/logger.rb:37:in `call_app'
      # /home/ec2-user/.rvm/gems/ruby-3.1.2/gems/railties-6.1.7.4/lib/rails/rack/logger.rb:26:in `block in call'
      # /home/ec2-user/.rvm/gems/ruby-3.1.2/gems/railties-6.1.7.4/lib/rails/rack/logger.rb:26:in `call'
      # /home/ec2-user/.rvm/gems/ruby-3.1.2/gems/rack-2.2.8/lib/rack/method_override.rb:24:in `call'
      # /home/ec2-user/.rvm/gems/ruby-3.1.2/gems/rack-2.2.8/lib/rack/runtime.rb:22:in `call'
      # /home/ec2-user/.rvm/gems/ruby-3.1.2/gems/rack-2.2.8/lib/rack/sendfile.rb:110:in `call'
      # /home/ec2-user/.rvm/gems/ruby-3.1.2/gems/railties-6.1.7.4/lib/rails/engine.rb:539:in `call'
      # /home/ec2-user/.rvm/gems/ruby-3.1.2/gems/rack-2.2.8/lib/rack/urlmap.rb:74:in `block in call'
      # /home/ec2-user/.rvm/gems/ruby-3.1.2/gems/rack-2.2.8/lib/rack/urlmap.rb:58:in `each'
      # /home/ec2-user/.rvm/gems/ruby-3.1.2/gems/rack-2.2.8/lib/rack/urlmap.rb:58:in `call'
      # /home/ec2-user/.rvm/gems/ruby-3.1.2/gems/rack-2.2.8/lib/rack/builder.rb:244:in `call'
      # /home/ec2-user/.rvm/gems/ruby-3.1.2/gems/rack-test-2.1.0/lib/rack/test.rb:360:in `process_request'
      # /home/ec2-user/.rvm/gems/ruby-3.1.2/gems/rack-test-2.1.0/lib/rack/test.rb:163:in `custom_request'
      # /home/ec2-user/.rvm/gems/ruby-3.1.2/gems/rack-test-2.1.0/lib/rack/test.rb:112:in `get'
      # /home/ec2-user/.rvm/gems/ruby-3.1.2/gems/capybara-3.39.2/lib/capybara/rack_test/browser.rb:80:in `process'
      # /home/ec2-user/.rvm/gems/ruby-3.1.2/gems/capybara-3.39.2/lib/capybara/rack_test/browser.rb:55:in `process_and_follow_redirects'
      # /home/ec2-user/.rvm/gems/ruby-3.1.2/gems/capybara-3.39.2/lib/capybara/rack_test/browser.rb:26:in `visit'
      # /home/ec2-user/.rvm/gems/ruby-3.1.2/gems/capybara-3.39.2/lib/capybara/rack_test/driver.rb:46:in `visit'
      # /home/ec2-user/.rvm/gems/ruby-3.1.2/gems/capybara-3.39.2/lib/capybara/session.rb:280:in `visit'
      # /home/ec2-user/.rvm/gems/ruby-3.1.2/gems/capybara-3.39.2/lib/capybara/dsl.rb:52:in `call'
      # /home/ec2-user/.rvm/gems/ruby-3.1.2/gems/capybara-3.39.2/lib/capybara/dsl.rb:52:in `visit'
      # ./spec/system/02_after_login_spec.rb:110:in `block (3 levels) in <main>'
      # ------------------
      # --- Caused by: ---
      # SyntaxError:
      #   /home/ec2-user/environment/Bookers2/app/views/books/show.html.erb:14: syntax error, unexpected `end', expecting end-of-input
      #             end
      #             ^~~
      #   ./app/views/books/show.html.erb:14: syntax error, unexpected `end', expecting end-of-input

  19) [STEP2] ユーザログイン後のテスト 自分の投稿詳細画面のテスト サイドバーの確認 自分の名前と紹介文が表示される
      Failure/Error: Unable to find matching line in /home/ec2-user/environment/Bookers2/app/views/books/show.html.erb

      ActionView::SyntaxErrorInTemplate:
        Encountered a syntax error while rendering template: check <%= render 'bookers', book: @book %>

        <h1>Book detail</h1>
          <div>
            <p><%= image_tag 'sample-author1.jpg' %></p>
            <%= link_to book_path(book.id) do %>
              <p><%= image_tag book.user.get_profile_image(100,100) %></p>
              <p><%= book.title %></p>
            <% end %>
            <p><%= book.body %></p>
          </div>
        <% end %>
      # ./app/views/books/show.html.erb:14: syntax error, unexpected `end', expecting end-of-input
      #           end
      #           ^~~
      # ./app/views/books/show.html.erb:14: syntax error, unexpected `end', expecting end-of-input
      #           end
      #           ^~~
      # /home/ec2-user/.rvm/gems/ruby-3.1.2/gems/actiontext-6.1.7.4/lib/action_text/rendering.rb:20:in `with_renderer'
      # /home/ec2-user/.rvm/gems/ruby-3.1.2/gems/actiontext-6.1.7.4/lib/action_text/engine.rb:59:in `block (4 levels) in <class:Engine>'
      # /home/ec2-user/.rvm/gems/ruby-3.1.2/gems/warden-1.2.9/lib/warden/manager.rb:36:in `block in call'
      # /home/ec2-user/.rvm/gems/ruby-3.1.2/gems/warden-1.2.9/lib/warden/manager.rb:34:in `catch'
      # /home/ec2-user/.rvm/gems/ruby-3.1.2/gems/warden-1.2.9/lib/warden/manager.rb:34:in `call'
      # /home/ec2-user/.rvm/gems/ruby-3.1.2/gems/rack-2.2.8/lib/rack/tempfile_reaper.rb:15:in `call'
      # /home/ec2-user/.rvm/gems/ruby-3.1.2/gems/rack-2.2.8/lib/rack/etag.rb:27:in `call'
      # /home/ec2-user/.rvm/gems/ruby-3.1.2/gems/rack-2.2.8/lib/rack/conditional_get.rb:27:in `call'
      # /home/ec2-user/.rvm/gems/ruby-3.1.2/gems/rack-2.2.8/lib/rack/head.rb:12:in `call'
      # /home/ec2-user/.rvm/gems/ruby-3.1.2/gems/rack-2.2.8/lib/rack/session/abstract/id.rb:266:in `context'
      # /home/ec2-user/.rvm/gems/ruby-3.1.2/gems/rack-2.2.8/lib/rack/session/abstract/id.rb:260:in `call'
      # /home/ec2-user/.rvm/gems/ruby-3.1.2/gems/railties-6.1.7.4/lib/rails/rack/logger.rb:37:in `call_app'
      # /home/ec2-user/.rvm/gems/ruby-3.1.2/gems/railties-6.1.7.4/lib/rails/rack/logger.rb:26:in `block in call'
      # /home/ec2-user/.rvm/gems/ruby-3.1.2/gems/railties-6.1.7.4/lib/rails/rack/logger.rb:26:in `call'
      # /home/ec2-user/.rvm/gems/ruby-3.1.2/gems/rack-2.2.8/lib/rack/method_override.rb:24:in `call'
      # /home/ec2-user/.rvm/gems/ruby-3.1.2/gems/rack-2.2.8/lib/rack/runtime.rb:22:in `call'
      # /home/ec2-user/.rvm/gems/ruby-3.1.2/gems/rack-2.2.8/lib/rack/sendfile.rb:110:in `call'
      # /home/ec2-user/.rvm/gems/ruby-3.1.2/gems/railties-6.1.7.4/lib/rails/engine.rb:539:in `call'
      # /home/ec2-user/.rvm/gems/ruby-3.1.2/gems/rack-2.2.8/lib/rack/urlmap.rb:74:in `block in call'
      # /home/ec2-user/.rvm/gems/ruby-3.1.2/gems/rack-2.2.8/lib/rack/urlmap.rb:58:in `each'
      # /home/ec2-user/.rvm/gems/ruby-3.1.2/gems/rack-2.2.8/lib/rack/urlmap.rb:58:in `call'
      # /home/ec2-user/.rvm/gems/ruby-3.1.2/gems/rack-2.2.8/lib/rack/builder.rb:244:in `call'
      # /home/ec2-user/.rvm/gems/ruby-3.1.2/gems/rack-test-2.1.0/lib/rack/test.rb:360:in `process_request'
      # /home/ec2-user/.rvm/gems/ruby-3.1.2/gems/rack-test-2.1.0/lib/rack/test.rb:163:in `custom_request'
      # /home/ec2-user/.rvm/gems/ruby-3.1.2/gems/rack-test-2.1.0/lib/rack/test.rb:112:in `get'
      # /home/ec2-user/.rvm/gems/ruby-3.1.2/gems/capybara-3.39.2/lib/capybara/rack_test/browser.rb:80:in `process'
      # /home/ec2-user/.rvm/gems/ruby-3.1.2/gems/capybara-3.39.2/lib/capybara/rack_test/browser.rb:55:in `process_and_follow_redirects'
      # /home/ec2-user/.rvm/gems/ruby-3.1.2/gems/capybara-3.39.2/lib/capybara/rack_test/browser.rb:26:in `visit'
      # /home/ec2-user/.rvm/gems/ruby-3.1.2/gems/capybara-3.39.2/lib/capybara/rack_test/driver.rb:46:in `visit'
      # /home/ec2-user/.rvm/gems/ruby-3.1.2/gems/capybara-3.39.2/lib/capybara/session.rb:280:in `visit'
      # /home/ec2-user/.rvm/gems/ruby-3.1.2/gems/capybara-3.39.2/lib/capybara/dsl.rb:52:in `call'
      # /home/ec2-user/.rvm/gems/ruby-3.1.2/gems/capybara-3.39.2/lib/capybara/dsl.rb:52:in `visit'
      # ./spec/system/02_after_login_spec.rb:110:in `block (3 levels) in <main>'
      # ------------------
      # --- Caused by: ---
      # SyntaxError:
      #   /home/ec2-user/environment/Bookers2/app/views/books/show.html.erb:14: syntax error, unexpected `end', expecting end-of-input
      #             end
      #             ^~~
      #   ./app/views/books/show.html.erb:14: syntax error, unexpected `end', expecting end-of-input

  20) [STEP2] ユーザログイン後のテスト 自分の投稿詳細画面のテスト サイドバーの確認 自分のユーザ編集画面へのリンクが存在する
      Failure/Error: Unable to find matching line in /home/ec2-user/environment/Bookers2/app/views/books/show.html.erb

      ActionView::SyntaxErrorInTemplate:
        Encountered a syntax error while rendering template: check <%= render 'bookers', book: @book %>

        <h1>Book detail</h1>
          <div>
            <p><%= image_tag 'sample-author1.jpg' %></p>
            <%= link_to book_path(book.id) do %>
              <p><%= image_tag book.user.get_profile_image(100,100) %></p>
              <p><%= book.title %></p>
            <% end %>
            <p><%= book.body %></p>
          </div>
        <% end %>
      # ./app/views/books/show.html.erb:14: syntax error, unexpected `end', expecting end-of-input
      #           end
      #           ^~~
      # ./app/views/books/show.html.erb:14: syntax error, unexpected `end', expecting end-of-input
      #           end
      #           ^~~
      # /home/ec2-user/.rvm/gems/ruby-3.1.2/gems/actiontext-6.1.7.4/lib/action_text/rendering.rb:20:in `with_renderer'
      # /home/ec2-user/.rvm/gems/ruby-3.1.2/gems/actiontext-6.1.7.4/lib/action_text/engine.rb:59:in `block (4 levels) in <class:Engine>'
      # /home/ec2-user/.rvm/gems/ruby-3.1.2/gems/warden-1.2.9/lib/warden/manager.rb:36:in `block in call'
      # /home/ec2-user/.rvm/gems/ruby-3.1.2/gems/warden-1.2.9/lib/warden/manager.rb:34:in `catch'
      # /home/ec2-user/.rvm/gems/ruby-3.1.2/gems/warden-1.2.9/lib/warden/manager.rb:34:in `call'
      # /home/ec2-user/.rvm/gems/ruby-3.1.2/gems/rack-2.2.8/lib/rack/tempfile_reaper.rb:15:in `call'
      # /home/ec2-user/.rvm/gems/ruby-3.1.2/gems/rack-2.2.8/lib/rack/etag.rb:27:in `call'
      # /home/ec2-user/.rvm/gems/ruby-3.1.2/gems/rack-2.2.8/lib/rack/conditional_get.rb:27:in `call'
      # /home/ec2-user/.rvm/gems/ruby-3.1.2/gems/rack-2.2.8/lib/rack/head.rb:12:in `call'
      # /home/ec2-user/.rvm/gems/ruby-3.1.2/gems/rack-2.2.8/lib/rack/session/abstract/id.rb:266:in `context'
      # /home/ec2-user/.rvm/gems/ruby-3.1.2/gems/rack-2.2.8/lib/rack/session/abstract/id.rb:260:in `call'
      # /home/ec2-user/.rvm/gems/ruby-3.1.2/gems/railties-6.1.7.4/lib/rails/rack/logger.rb:37:in `call_app'
      # /home/ec2-user/.rvm/gems/ruby-3.1.2/gems/railties-6.1.7.4/lib/rails/rack/logger.rb:26:in `block in call'
      # /home/ec2-user/.rvm/gems/ruby-3.1.2/gems/railties-6.1.7.4/lib/rails/rack/logger.rb:26:in `call'
      # /home/ec2-user/.rvm/gems/ruby-3.1.2/gems/rack-2.2.8/lib/rack/method_override.rb:24:in `call'
      # /home/ec2-user/.rvm/gems/ruby-3.1.2/gems/rack-2.2.8/lib/rack/runtime.rb:22:in `call'
      # /home/ec2-user/.rvm/gems/ruby-3.1.2/gems/rack-2.2.8/lib/rack/sendfile.rb:110:in `call'
      # /home/ec2-user/.rvm/gems/ruby-3.1.2/gems/railties-6.1.7.4/lib/rails/engine.rb:539:in `call'
      # /home/ec2-user/.rvm/gems/ruby-3.1.2/gems/rack-2.2.8/lib/rack/urlmap.rb:74:in `block in call'
      # /home/ec2-user/.rvm/gems/ruby-3.1.2/gems/rack-2.2.8/lib/rack/urlmap.rb:58:in `each'
      # /home/ec2-user/.rvm/gems/ruby-3.1.2/gems/rack-2.2.8/lib/rack/urlmap.rb:58:in `call'
      # /home/ec2-user/.rvm/gems/ruby-3.1.2/gems/rack-2.2.8/lib/rack/builder.rb:244:in `call'
      # /home/ec2-user/.rvm/gems/ruby-3.1.2/gems/rack-test-2.1.0/lib/rack/test.rb:360:in `process_request'
      # /home/ec2-user/.rvm/gems/ruby-3.1.2/gems/rack-test-2.1.0/lib/rack/test.rb:163:in `custom_request'
      # /home/ec2-user/.rvm/gems/ruby-3.1.2/gems/rack-test-2.1.0/lib/rack/test.rb:112:in `get'
      # /home/ec2-user/.rvm/gems/ruby-3.1.2/gems/capybara-3.39.2/lib/capybara/rack_test/browser.rb:80:in `process'
      # /home/ec2-user/.rvm/gems/ruby-3.1.2/gems/capybara-3.39.2/lib/capybara/rack_test/browser.rb:55:in `process_and_follow_redirects'
      # /home/ec2-user/.rvm/gems/ruby-3.1.2/gems/capybara-3.39.2/lib/capybara/rack_test/browser.rb:26:in `visit'
      # /home/ec2-user/.rvm/gems/ruby-3.1.2/gems/capybara-3.39.2/lib/capybara/rack_test/driver.rb:46:in `visit'
      # /home/ec2-user/.rvm/gems/ruby-3.1.2/gems/capybara-3.39.2/lib/capybara/session.rb:280:in `visit'
      # /home/ec2-user/.rvm/gems/ruby-3.1.2/gems/capybara-3.39.2/lib/capybara/dsl.rb:52:in `call'
      # /home/ec2-user/.rvm/gems/ruby-3.1.2/gems/capybara-3.39.2/lib/capybara/dsl.rb:52:in `visit'
      # ./spec/system/02_after_login_spec.rb:110:in `block (3 levels) in <main>'
      # ------------------
      # --- Caused by: ---
      # SyntaxError:
      #   /home/ec2-user/environment/Bookers2/app/views/books/show.html.erb:14: syntax error, unexpected `end', expecting end-of-input
      #             end
      #             ^~~
      #   ./app/views/books/show.html.erb:14: syntax error, unexpected `end', expecting end-of-input

  21) [STEP2] ユーザログイン後のテスト 自分の投稿詳細画面のテスト サイドバーの確認 「New book」と表示される
      Failure/Error: Unable to find matching line in /home/ec2-user/environment/Bookers2/app/views/books/show.html.erb

      ActionView::SyntaxErrorInTemplate:
        Encountered a syntax error while rendering template: check <%= render 'bookers', book: @book %>

        <h1>Book detail</h1>
          <div>
            <p><%= image_tag 'sample-author1.jpg' %></p>
            <%= link_to book_path(book.id) do %>
              <p><%= image_tag book.user.get_profile_image(100,100) %></p>
              <p><%= book.title %></p>
            <% end %>
            <p><%= book.body %></p>
          </div>
        <% end %>
      # ./app/views/books/show.html.erb:14: syntax error, unexpected `end', expecting end-of-input
      #           end
      #           ^~~
      # ./app/views/books/show.html.erb:14: syntax error, unexpected `end', expecting end-of-input
      #           end
      #           ^~~
      # /home/ec2-user/.rvm/gems/ruby-3.1.2/gems/actiontext-6.1.7.4/lib/action_text/rendering.rb:20:in `with_renderer'
      # /home/ec2-user/.rvm/gems/ruby-3.1.2/gems/actiontext-6.1.7.4/lib/action_text/engine.rb:59:in `block (4 levels) in <class:Engine>'
      # /home/ec2-user/.rvm/gems/ruby-3.1.2/gems/warden-1.2.9/lib/warden/manager.rb:36:in `block in call'
      # /home/ec2-user/.rvm/gems/ruby-3.1.2/gems/warden-1.2.9/lib/warden/manager.rb:34:in `catch'
      # /home/ec2-user/.rvm/gems/ruby-3.1.2/gems/warden-1.2.9/lib/warden/manager.rb:34:in `call'
      # /home/ec2-user/.rvm/gems/ruby-3.1.2/gems/rack-2.2.8/lib/rack/tempfile_reaper.rb:15:in `call'
      # /home/ec2-user/.rvm/gems/ruby-3.1.2/gems/rack-2.2.8/lib/rack/etag.rb:27:in `call'
      # /home/ec2-user/.rvm/gems/ruby-3.1.2/gems/rack-2.2.8/lib/rack/conditional_get.rb:27:in `call'
      # /home/ec2-user/.rvm/gems/ruby-3.1.2/gems/rack-2.2.8/lib/rack/head.rb:12:in `call'
      # /home/ec2-user/.rvm/gems/ruby-3.1.2/gems/rack-2.2.8/lib/rack/session/abstract/id.rb:266:in `context'
      # /home/ec2-user/.rvm/gems/ruby-3.1.2/gems/rack-2.2.8/lib/rack/session/abstract/id.rb:260:in `call'
      # /home/ec2-user/.rvm/gems/ruby-3.1.2/gems/railties-6.1.7.4/lib/rails/rack/logger.rb:37:in `call_app'
      # /home/ec2-user/.rvm/gems/ruby-3.1.2/gems/railties-6.1.7.4/lib/rails/rack/logger.rb:26:in `block in call'
      # /home/ec2-user/.rvm/gems/ruby-3.1.2/gems/railties-6.1.7.4/lib/rails/rack/logger.rb:26:in `call'
      # /home/ec2-user/.rvm/gems/ruby-3.1.2/gems/rack-2.2.8/lib/rack/method_override.rb:24:in `call'
      # /home/ec2-user/.rvm/gems/ruby-3.1.2/gems/rack-2.2.8/lib/rack/runtime.rb:22:in `call'
      # /home/ec2-user/.rvm/gems/ruby-3.1.2/gems/rack-2.2.8/lib/rack/sendfile.rb:110:in `call'
      # /home/ec2-user/.rvm/gems/ruby-3.1.2/gems/railties-6.1.7.4/lib/rails/engine.rb:539:in `call'
      # /home/ec2-user/.rvm/gems/ruby-3.1.2/gems/rack-2.2.8/lib/rack/urlmap.rb:74:in `block in call'
      # /home/ec2-user/.rvm/gems/ruby-3.1.2/gems/rack-2.2.8/lib/rack/urlmap.rb:58:in `each'
      # /home/ec2-user/.rvm/gems/ruby-3.1.2/gems/rack-2.2.8/lib/rack/urlmap.rb:58:in `call'
      # /home/ec2-user/.rvm/gems/ruby-3.1.2/gems/rack-2.2.8/lib/rack/builder.rb:244:in `call'
      # /home/ec2-user/.rvm/gems/ruby-3.1.2/gems/rack-test-2.1.0/lib/rack/test.rb:360:in `process_request'
      # /home/ec2-user/.rvm/gems/ruby-3.1.2/gems/rack-test-2.1.0/lib/rack/test.rb:163:in `custom_request'
      # /home/ec2-user/.rvm/gems/ruby-3.1.2/gems/rack-test-2.1.0/lib/rack/test.rb:112:in `get'
      # /home/ec2-user/.rvm/gems/ruby-3.1.2/gems/capybara-3.39.2/lib/capybara/rack_test/browser.rb:80:in `process'
      # /home/ec2-user/.rvm/gems/ruby-3.1.2/gems/capybara-3.39.2/lib/capybara/rack_test/browser.rb:55:in `process_and_follow_redirects'
      # /home/ec2-user/.rvm/gems/ruby-3.1.2/gems/capybara-3.39.2/lib/capybara/rack_test/browser.rb:26:in `visit'
      # /home/ec2-user/.rvm/gems/ruby-3.1.2/gems/capybara-3.39.2/lib/capybara/rack_test/driver.rb:46:in `visit'
      # /home/ec2-user/.rvm/gems/ruby-3.1.2/gems/capybara-3.39.2/lib/capybara/session.rb:280:in `visit'
      # /home/ec2-user/.rvm/gems/ruby-3.1.2/gems/capybara-3.39.2/lib/capybara/dsl.rb:52:in `call'
      # /home/ec2-user/.rvm/gems/ruby-3.1.2/gems/capybara-3.39.2/lib/capybara/dsl.rb:52:in `visit'
      # ./spec/system/02_after_login_spec.rb:110:in `block (3 levels) in <main>'
      # ------------------
      # --- Caused by: ---
      # SyntaxError:
      #   /home/ec2-user/environment/Bookers2/app/views/books/show.html.erb:14: syntax error, unexpected `end', expecting end-of-input
      #             end
      #             ^~~
      #   ./app/views/books/show.html.erb:14: syntax error, unexpected `end', expecting end-of-input

  22) [STEP2] ユーザログイン後のテスト 自分の投稿詳細画面のテスト サイドバーの確認 titleフォームが表示される
      Failure/Error: Unable to find matching line in /home/ec2-user/environment/Bookers2/app/views/books/show.html.erb

      ActionView::SyntaxErrorInTemplate:
        Encountered a syntax error while rendering template: check <%= render 'bookers', book: @book %>

        <h1>Book detail</h1>
          <div>
            <p><%= image_tag 'sample-author1.jpg' %></p>
            <%= link_to book_path(book.id) do %>
              <p><%= image_tag book.user.get_profile_image(100,100) %></p>
              <p><%= book.title %></p>
            <% end %>
            <p><%= book.body %></p>
          </div>
        <% end %>
      # ./app/views/books/show.html.erb:14: syntax error, unexpected `end', expecting end-of-input
      #           end
      #           ^~~
      # ./app/views/books/show.html.erb:14: syntax error, unexpected `end', expecting end-of-input
      #           end
      #           ^~~
      # /home/ec2-user/.rvm/gems/ruby-3.1.2/gems/actiontext-6.1.7.4/lib/action_text/rendering.rb:20:in `with_renderer'
      # /home/ec2-user/.rvm/gems/ruby-3.1.2/gems/actiontext-6.1.7.4/lib/action_text/engine.rb:59:in `block (4 levels) in <class:Engine>'
      # /home/ec2-user/.rvm/gems/ruby-3.1.2/gems/warden-1.2.9/lib/warden/manager.rb:36:in `block in call'
      # /home/ec2-user/.rvm/gems/ruby-3.1.2/gems/warden-1.2.9/lib/warden/manager.rb:34:in `catch'
      # /home/ec2-user/.rvm/gems/ruby-3.1.2/gems/warden-1.2.9/lib/warden/manager.rb:34:in `call'
      # /home/ec2-user/.rvm/gems/ruby-3.1.2/gems/rack-2.2.8/lib/rack/tempfile_reaper.rb:15:in `call'
      # /home/ec2-user/.rvm/gems/ruby-3.1.2/gems/rack-2.2.8/lib/rack/etag.rb:27:in `call'
      # /home/ec2-user/.rvm/gems/ruby-3.1.2/gems/rack-2.2.8/lib/rack/conditional_get.rb:27:in `call'
      # /home/ec2-user/.rvm/gems/ruby-3.1.2/gems/rack-2.2.8/lib/rack/head.rb:12:in `call'
      # /home/ec2-user/.rvm/gems/ruby-3.1.2/gems/rack-2.2.8/lib/rack/session/abstract/id.rb:266:in `context'
      # /home/ec2-user/.rvm/gems/ruby-3.1.2/gems/rack-2.2.8/lib/rack/session/abstract/id.rb:260:in `call'
      # /home/ec2-user/.rvm/gems/ruby-3.1.2/gems/railties-6.1.7.4/lib/rails/rack/logger.rb:37:in `call_app'
      # /home/ec2-user/.rvm/gems/ruby-3.1.2/gems/railties-6.1.7.4/lib/rails/rack/logger.rb:26:in `block in call'
      # /home/ec2-user/.rvm/gems/ruby-3.1.2/gems/railties-6.1.7.4/lib/rails/rack/logger.rb:26:in `call'
      # /home/ec2-user/.rvm/gems/ruby-3.1.2/gems/rack-2.2.8/lib/rack/method_override.rb:24:in `call'
      # /home/ec2-user/.rvm/gems/ruby-3.1.2/gems/rack-2.2.8/lib/rack/runtime.rb:22:in `call'
      # /home/ec2-user/.rvm/gems/ruby-3.1.2/gems/rack-2.2.8/lib/rack/sendfile.rb:110:in `call'
      # /home/ec2-user/.rvm/gems/ruby-3.1.2/gems/railties-6.1.7.4/lib/rails/engine.rb:539:in `call'
      # /home/ec2-user/.rvm/gems/ruby-3.1.2/gems/rack-2.2.8/lib/rack/urlmap.rb:74:in `block in call'
      # /home/ec2-user/.rvm/gems/ruby-3.1.2/gems/rack-2.2.8/lib/rack/urlmap.rb:58:in `each'
      # /home/ec2-user/.rvm/gems/ruby-3.1.2/gems/rack-2.2.8/lib/rack/urlmap.rb:58:in `call'
      # /home/ec2-user/.rvm/gems/ruby-3.1.2/gems/rack-2.2.8/lib/rack/builder.rb:244:in `call'
      # /home/ec2-user/.rvm/gems/ruby-3.1.2/gems/rack-test-2.1.0/lib/rack/test.rb:360:in `process_request'
      # /home/ec2-user/.rvm/gems/ruby-3.1.2/gems/rack-test-2.1.0/lib/rack/test.rb:163:in `custom_request'
      # /home/ec2-user/.rvm/gems/ruby-3.1.2/gems/rack-test-2.1.0/lib/rack/test.rb:112:in `get'
      # /home/ec2-user/.rvm/gems/ruby-3.1.2/gems/capybara-3.39.2/lib/capybara/rack_test/browser.rb:80:in `process'
      # /home/ec2-user/.rvm/gems/ruby-3.1.2/gems/capybara-3.39.2/lib/capybara/rack_test/browser.rb:55:in `process_and_follow_redirects'
      # /home/ec2-user/.rvm/gems/ruby-3.1.2/gems/capybara-3.39.2/lib/capybara/rack_test/browser.rb:26:in `visit'
      # /home/ec2-user/.rvm/gems/ruby-3.1.2/gems/capybara-3.39.2/lib/capybara/rack_test/driver.rb:46:in `visit'
      # /home/ec2-user/.rvm/gems/ruby-3.1.2/gems/capybara-3.39.2/lib/capybara/session.rb:280:in `visit'
      # /home/ec2-user/.rvm/gems/ruby-3.1.2/gems/capybara-3.39.2/lib/capybara/dsl.rb:52:in `call'
      # /home/ec2-user/.rvm/gems/ruby-3.1.2/gems/capybara-3.39.2/lib/capybara/dsl.rb:52:in `visit'
      # ./spec/system/02_after_login_spec.rb:110:in `block (3 levels) in <main>'
      # ------------------
      # --- Caused by: ---
      # SyntaxError:
      #   /home/ec2-user/environment/Bookers2/app/views/books/show.html.erb:14: syntax error, unexpected `end', expecting end-of-input
      #             end
      #             ^~~
      #   ./app/views/books/show.html.erb:14: syntax error, unexpected `end', expecting end-of-input

  23) [STEP2] ユーザログイン後のテスト 自分の投稿詳細画面のテスト サイドバーの確認 titleフォームに値が入っていない
      Failure/Error: Unable to find matching line in /home/ec2-user/environment/Bookers2/app/views/books/show.html.erb

      ActionView::SyntaxErrorInTemplate:
        Encountered a syntax error while rendering template: check <%= render 'bookers', book: @book %>

        <h1>Book detail</h1>
          <div>
            <p><%= image_tag 'sample-author1.jpg' %></p>
            <%= link_to book_path(book.id) do %>
              <p><%= image_tag book.user.get_profile_image(100,100) %></p>
              <p><%= book.title %></p>
            <% end %>
            <p><%= book.body %></p>
          </div>
        <% end %>
      # ./app/views/books/show.html.erb:14: syntax error, unexpected `end', expecting end-of-input
      #           end
      #           ^~~
      # ./app/views/books/show.html.erb:14: syntax error, unexpected `end', expecting end-of-input
      #           end
      #           ^~~
      # /home/ec2-user/.rvm/gems/ruby-3.1.2/gems/actiontext-6.1.7.4/lib/action_text/rendering.rb:20:in `with_renderer'
      # /home/ec2-user/.rvm/gems/ruby-3.1.2/gems/actiontext-6.1.7.4/lib/action_text/engine.rb:59:in `block (4 levels) in <class:Engine>'
      # /home/ec2-user/.rvm/gems/ruby-3.1.2/gems/warden-1.2.9/lib/warden/manager.rb:36:in `block in call'
      # /home/ec2-user/.rvm/gems/ruby-3.1.2/gems/warden-1.2.9/lib/warden/manager.rb:34:in `catch'
      # /home/ec2-user/.rvm/gems/ruby-3.1.2/gems/warden-1.2.9/lib/warden/manager.rb:34:in `call'
      # /home/ec2-user/.rvm/gems/ruby-3.1.2/gems/rack-2.2.8/lib/rack/tempfile_reaper.rb:15:in `call'
      # /home/ec2-user/.rvm/gems/ruby-3.1.2/gems/rack-2.2.8/lib/rack/etag.rb:27:in `call'
      # /home/ec2-user/.rvm/gems/ruby-3.1.2/gems/rack-2.2.8/lib/rack/conditional_get.rb:27:in `call'
      # /home/ec2-user/.rvm/gems/ruby-3.1.2/gems/rack-2.2.8/lib/rack/head.rb:12:in `call'
      # /home/ec2-user/.rvm/gems/ruby-3.1.2/gems/rack-2.2.8/lib/rack/session/abstract/id.rb:266:in `context'
      # /home/ec2-user/.rvm/gems/ruby-3.1.2/gems/rack-2.2.8/lib/rack/session/abstract/id.rb:260:in `call'
      # /home/ec2-user/.rvm/gems/ruby-3.1.2/gems/railties-6.1.7.4/lib/rails/rack/logger.rb:37:in `call_app'
      # /home/ec2-user/.rvm/gems/ruby-3.1.2/gems/railties-6.1.7.4/lib/rails/rack/logger.rb:26:in `block in call'
      # /home/ec2-user/.rvm/gems/ruby-3.1.2/gems/railties-6.1.7.4/lib/rails/rack/logger.rb:26:in `call'
      # /home/ec2-user/.rvm/gems/ruby-3.1.2/gems/rack-2.2.8/lib/rack/method_override.rb:24:in `call'
      # /home/ec2-user/.rvm/gems/ruby-3.1.2/gems/rack-2.2.8/lib/rack/runtime.rb:22:in `call'
      # /home/ec2-user/.rvm/gems/ruby-3.1.2/gems/rack-2.2.8/lib/rack/sendfile.rb:110:in `call'
      # /home/ec2-user/.rvm/gems/ruby-3.1.2/gems/railties-6.1.7.4/lib/rails/engine.rb:539:in `call'
      # /home/ec2-user/.rvm/gems/ruby-3.1.2/gems/rack-2.2.8/lib/rack/urlmap.rb:74:in `block in call'
      # /home/ec2-user/.rvm/gems/ruby-3.1.2/gems/rack-2.2.8/lib/rack/urlmap.rb:58:in `each'
      # /home/ec2-user/.rvm/gems/ruby-3.1.2/gems/rack-2.2.8/lib/rack/urlmap.rb:58:in `call'
      # /home/ec2-user/.rvm/gems/ruby-3.1.2/gems/rack-2.2.8/lib/rack/builder.rb:244:in `call'
      # /home/ec2-user/.rvm/gems/ruby-3.1.2/gems/rack-test-2.1.0/lib/rack/test.rb:360:in `process_request'
      # /home/ec2-user/.rvm/gems/ruby-3.1.2/gems/rack-test-2.1.0/lib/rack/test.rb:163:in `custom_request'
      # /home/ec2-user/.rvm/gems/ruby-3.1.2/gems/rack-test-2.1.0/lib/rack/test.rb:112:in `get'
      # /home/ec2-user/.rvm/gems/ruby-3.1.2/gems/capybara-3.39.2/lib/capybara/rack_test/browser.rb:80:in `process'
      # /home/ec2-user/.rvm/gems/ruby-3.1.2/gems/capybara-3.39.2/lib/capybara/rack_test/browser.rb:55:in `process_and_follow_redirects'
      # /home/ec2-user/.rvm/gems/ruby-3.1.2/gems/capybara-3.39.2/lib/capybara/rack_test/browser.rb:26:in `visit'
      # /home/ec2-user/.rvm/gems/ruby-3.1.2/gems/capybara-3.39.2/lib/capybara/rack_test/driver.rb:46:in `visit'
      # /home/ec2-user/.rvm/gems/ruby-3.1.2/gems/capybara-3.39.2/lib/capybara/session.rb:280:in `visit'
      # /home/ec2-user/.rvm/gems/ruby-3.1.2/gems/capybara-3.39.2/lib/capybara/dsl.rb:52:in `call'
      # /home/ec2-user/.rvm/gems/ruby-3.1.2/gems/capybara-3.39.2/lib/capybara/dsl.rb:52:in `visit'
      # ./spec/system/02_after_login_spec.rb:110:in `block (3 levels) in <main>'
      # ------------------
      # --- Caused by: ---
      # SyntaxError:
      #   /home/ec2-user/environment/Bookers2/app/views/books/show.html.erb:14: syntax error, unexpected `end', expecting end-of-input
      #             end
      #             ^~~
      #   ./app/views/books/show.html.erb:14: syntax error, unexpected `end', expecting end-of-input

  24) [STEP2] ユーザログイン後のテスト 自分の投稿詳細画面のテスト サイドバーの確認 bodyフォームが表示される
      Failure/Error: Unable to find matching line in /home/ec2-user/environment/Bookers2/app/views/books/show.html.erb

      ActionView::SyntaxErrorInTemplate:
        Encountered a syntax error while rendering template: check <%= render 'bookers', book: @book %>

        <h1>Book detail</h1>
          <div>
            <p><%= image_tag 'sample-author1.jpg' %></p>
            <%= link_to book_path(book.id) do %>
              <p><%= image_tag book.user.get_profile_image(100,100) %></p>
              <p><%= book.title %></p>
            <% end %>
            <p><%= book.body %></p>
          </div>
        <% end %>
      # ./app/views/books/show.html.erb:14: syntax error, unexpected `end', expecting end-of-input
      #           end
      #           ^~~
      # ./app/views/books/show.html.erb:14: syntax error, unexpected `end', expecting end-of-input
      #           end
      #           ^~~
      # /home/ec2-user/.rvm/gems/ruby-3.1.2/gems/actiontext-6.1.7.4/lib/action_text/rendering.rb:20:in `with_renderer'
      # /home/ec2-user/.rvm/gems/ruby-3.1.2/gems/actiontext-6.1.7.4/lib/action_text/engine.rb:59:in `block (4 levels) in <class:Engine>'
      # /home/ec2-user/.rvm/gems/ruby-3.1.2/gems/warden-1.2.9/lib/warden/manager.rb:36:in `block in call'
      # /home/ec2-user/.rvm/gems/ruby-3.1.2/gems/warden-1.2.9/lib/warden/manager.rb:34:in `catch'
      # /home/ec2-user/.rvm/gems/ruby-3.1.2/gems/warden-1.2.9/lib/warden/manager.rb:34:in `call'
      # /home/ec2-user/.rvm/gems/ruby-3.1.2/gems/rack-2.2.8/lib/rack/tempfile_reaper.rb:15:in `call'
      # /home/ec2-user/.rvm/gems/ruby-3.1.2/gems/rack-2.2.8/lib/rack/etag.rb:27:in `call'
      # /home/ec2-user/.rvm/gems/ruby-3.1.2/gems/rack-2.2.8/lib/rack/conditional_get.rb:27:in `call'
      # /home/ec2-user/.rvm/gems/ruby-3.1.2/gems/rack-2.2.8/lib/rack/head.rb:12:in `call'
      # /home/ec2-user/.rvm/gems/ruby-3.1.2/gems/rack-2.2.8/lib/rack/session/abstract/id.rb:266:in `context'
      # /home/ec2-user/.rvm/gems/ruby-3.1.2/gems/rack-2.2.8/lib/rack/session/abstract/id.rb:260:in `call'
      # /home/ec2-user/.rvm/gems/ruby-3.1.2/gems/railties-6.1.7.4/lib/rails/rack/logger.rb:37:in `call_app'
      # /home/ec2-user/.rvm/gems/ruby-3.1.2/gems/railties-6.1.7.4/lib/rails/rack/logger.rb:26:in `block in call'
      # /home/ec2-user/.rvm/gems/ruby-3.1.2/gems/railties-6.1.7.4/lib/rails/rack/logger.rb:26:in `call'
      # /home/ec2-user/.rvm/gems/ruby-3.1.2/gems/rack-2.2.8/lib/rack/method_override.rb:24:in `call'
      # /home/ec2-user/.rvm/gems/ruby-3.1.2/gems/rack-2.2.8/lib/rack/runtime.rb:22:in `call'
      # /home/ec2-user/.rvm/gems/ruby-3.1.2/gems/rack-2.2.8/lib/rack/sendfile.rb:110:in `call'
      # /home/ec2-user/.rvm/gems/ruby-3.1.2/gems/railties-6.1.7.4/lib/rails/engine.rb:539:in `call'
      # /home/ec2-user/.rvm/gems/ruby-3.1.2/gems/rack-2.2.8/lib/rack/urlmap.rb:74:in `block in call'
      # /home/ec2-user/.rvm/gems/ruby-3.1.2/gems/rack-2.2.8/lib/rack/urlmap.rb:58:in `each'
      # /home/ec2-user/.rvm/gems/ruby-3.1.2/gems/rack-2.2.8/lib/rack/urlmap.rb:58:in `call'
      # /home/ec2-user/.rvm/gems/ruby-3.1.2/gems/rack-2.2.8/lib/rack/builder.rb:244:in `call'
      # /home/ec2-user/.rvm/gems/ruby-3.1.2/gems/rack-test-2.1.0/lib/rack/test.rb:360:in `process_request'
      # /home/ec2-user/.rvm/gems/ruby-3.1.2/gems/rack-test-2.1.0/lib/rack/test.rb:163:in `custom_request'
      # /home/ec2-user/.rvm/gems/ruby-3.1.2/gems/rack-test-2.1.0/lib/rack/test.rb:112:in `get'
      # /home/ec2-user/.rvm/gems/ruby-3.1.2/gems/capybara-3.39.2/lib/capybara/rack_test/browser.rb:80:in `process'
      # /home/ec2-user/.rvm/gems/ruby-3.1.2/gems/capybara-3.39.2/lib/capybara/rack_test/browser.rb:55:in `process_and_follow_redirects'
      # /home/ec2-user/.rvm/gems/ruby-3.1.2/gems/capybara-3.39.2/lib/capybara/rack_test/browser.rb:26:in `visit'
      # /home/ec2-user/.rvm/gems/ruby-3.1.2/gems/capybara-3.39.2/lib/capybara/rack_test/driver.rb:46:in `visit'
      # /home/ec2-user/.rvm/gems/ruby-3.1.2/gems/capybara-3.39.2/lib/capybara/session.rb:280:in `visit'
      # /home/ec2-user/.rvm/gems/ruby-3.1.2/gems/capybara-3.39.2/lib/capybara/dsl.rb:52:in `call'
      # /home/ec2-user/.rvm/gems/ruby-3.1.2/gems/capybara-3.39.2/lib/capybara/dsl.rb:52:in `visit'
      # ./spec/system/02_after_login_spec.rb:110:in `block (3 levels) in <main>'
      # ------------------
      # --- Caused by: ---
      # SyntaxError:
      #   /home/ec2-user/environment/Bookers2/app/views/books/show.html.erb:14: syntax error, unexpected `end', expecting end-of-input
      #             end
      #             ^~~
      #   ./app/views/books/show.html.erb:14: syntax error, unexpected `end', expecting end-of-input

  25) [STEP2] ユーザログイン後のテスト 自分の投稿詳細画面のテスト サイドバーの確認 bodyフォームに値が入っていない
      Failure/Error: Unable to find matching line in /home/ec2-user/environment/Bookers2/app/views/books/show.html.erb

      ActionView::SyntaxErrorInTemplate:
        Encountered a syntax error while rendering template: check <%= render 'bookers', book: @book %>

        <h1>Book detail</h1>
          <div>
            <p><%= image_tag 'sample-author1.jpg' %></p>
            <%= link_to book_path(book.id) do %>
              <p><%= image_tag book.user.get_profile_image(100,100) %></p>
              <p><%= book.title %></p>
            <% end %>
            <p><%= book.body %></p>
          </div>
        <% end %>
      # ./app/views/books/show.html.erb:14: syntax error, unexpected `end', expecting end-of-input
      #           end
      #           ^~~
      # ./app/views/books/show.html.erb:14: syntax error, unexpected `end', expecting end-of-input
      #           end
      #           ^~~
      # /home/ec2-user/.rvm/gems/ruby-3.1.2/gems/actiontext-6.1.7.4/lib/action_text/rendering.rb:20:in `with_renderer'
      # /home/ec2-user/.rvm/gems/ruby-3.1.2/gems/actiontext-6.1.7.4/lib/action_text/engine.rb:59:in `block (4 levels) in <class:Engine>'
      # /home/ec2-user/.rvm/gems/ruby-3.1.2/gems/warden-1.2.9/lib/warden/manager.rb:36:in `block in call'
      # /home/ec2-user/.rvm/gems/ruby-3.1.2/gems/warden-1.2.9/lib/warden/manager.rb:34:in `catch'
      # /home/ec2-user/.rvm/gems/ruby-3.1.2/gems/warden-1.2.9/lib/warden/manager.rb:34:in `call'
      # /home/ec2-user/.rvm/gems/ruby-3.1.2/gems/rack-2.2.8/lib/rack/tempfile_reaper.rb:15:in `call'
      # /home/ec2-user/.rvm/gems/ruby-3.1.2/gems/rack-2.2.8/lib/rack/etag.rb:27:in `call'
      # /home/ec2-user/.rvm/gems/ruby-3.1.2/gems/rack-2.2.8/lib/rack/conditional_get.rb:27:in `call'
      # /home/ec2-user/.rvm/gems/ruby-3.1.2/gems/rack-2.2.8/lib/rack/head.rb:12:in `call'
      # /home/ec2-user/.rvm/gems/ruby-3.1.2/gems/rack-2.2.8/lib/rack/session/abstract/id.rb:266:in `context'
      # /home/ec2-user/.rvm/gems/ruby-3.1.2/gems/rack-2.2.8/lib/rack/session/abstract/id.rb:260:in `call'
      # /home/ec2-user/.rvm/gems/ruby-3.1.2/gems/railties-6.1.7.4/lib/rails/rack/logger.rb:37:in `call_app'
      # /home/ec2-user/.rvm/gems/ruby-3.1.2/gems/railties-6.1.7.4/lib/rails/rack/logger.rb:26:in `block in call'
      # /home/ec2-user/.rvm/gems/ruby-3.1.2/gems/railties-6.1.7.4/lib/rails/rack/logger.rb:26:in `call'
      # /home/ec2-user/.rvm/gems/ruby-3.1.2/gems/rack-2.2.8/lib/rack/method_override.rb:24:in `call'
      # /home/ec2-user/.rvm/gems/ruby-3.1.2/gems/rack-2.2.8/lib/rack/runtime.rb:22:in `call'
      # /home/ec2-user/.rvm/gems/ruby-3.1.2/gems/rack-2.2.8/lib/rack/sendfile.rb:110:in `call'
      # /home/ec2-user/.rvm/gems/ruby-3.1.2/gems/railties-6.1.7.4/lib/rails/engine.rb:539:in `call'
      # /home/ec2-user/.rvm/gems/ruby-3.1.2/gems/rack-2.2.8/lib/rack/urlmap.rb:74:in `block in call'
      # /home/ec2-user/.rvm/gems/ruby-3.1.2/gems/rack-2.2.8/lib/rack/urlmap.rb:58:in `each'
      # /home/ec2-user/.rvm/gems/ruby-3.1.2/gems/rack-2.2.8/lib/rack/urlmap.rb:58:in `call'
      # /home/ec2-user/.rvm/gems/ruby-3.1.2/gems/rack-2.2.8/lib/rack/builder.rb:244:in `call'
      # /home/ec2-user/.rvm/gems/ruby-3.1.2/gems/rack-test-2.1.0/lib/rack/test.rb:360:in `process_request'
      # /home/ec2-user/.rvm/gems/ruby-3.1.2/gems/rack-test-2.1.0/lib/rack/test.rb:163:in `custom_request'
      # /home/ec2-user/.rvm/gems/ruby-3.1.2/gems/rack-test-2.1.0/lib/rack/test.rb:112:in `get'
      # /home/ec2-user/.rvm/gems/ruby-3.1.2/gems/capybara-3.39.2/lib/capybara/rack_test/browser.rb:80:in `process'
      # /home/ec2-user/.rvm/gems/ruby-3.1.2/gems/capybara-3.39.2/lib/capybara/rack_test/browser.rb:55:in `process_and_follow_redirects'
      # /home/ec2-user/.rvm/gems/ruby-3.1.2/gems/capybara-3.39.2/lib/capybara/rack_test/browser.rb:26:in `visit'
      # /home/ec2-user/.rvm/gems/ruby-3.1.2/gems/capybara-3.39.2/lib/capybara/rack_test/driver.rb:46:in `visit'
      # /home/ec2-user/.rvm/gems/ruby-3.1.2/gems/capybara-3.39.2/lib/capybara/session.rb:280:in `visit'
      # /home/ec2-user/.rvm/gems/ruby-3.1.2/gems/capybara-3.39.2/lib/capybara/dsl.rb:52:in `call'
      # /home/ec2-user/.rvm/gems/ruby-3.1.2/gems/capybara-3.39.2/lib/capybara/dsl.rb:52:in `visit'
      # ./spec/system/02_after_login_spec.rb:110:in `block (3 levels) in <main>'
      # ------------------
      # --- Caused by: ---
      # SyntaxError:
      #   /home/ec2-user/environment/Bookers2/app/views/books/show.html.erb:14: syntax error, unexpected `end', expecting end-of-input
      #             end
      #             ^~~
      #   ./app/views/books/show.html.erb:14: syntax error, unexpected `end', expecting end-of-input

  26) [STEP2] ユーザログイン後のテスト 自分の投稿詳細画面のテスト サイドバーの確認 Create Bookボタンが表示される
      Failure/Error: Unable to find matching line in /home/ec2-user/environment/Bookers2/app/views/books/show.html.erb

      ActionView::SyntaxErrorInTemplate:
        Encountered a syntax error while rendering template: check <%= render 'bookers', book: @book %>

        <h1>Book detail</h1>
          <div>
            <p><%= image_tag 'sample-author1.jpg' %></p>
            <%= link_to book_path(book.id) do %>
              <p><%= image_tag book.user.get_profile_image(100,100) %></p>
              <p><%= book.title %></p>
            <% end %>
            <p><%= book.body %></p>
          </div>
        <% end %>
      # ./app/views/books/show.html.erb:14: syntax error, unexpected `end', expecting end-of-input
      #           end
      #           ^~~
      # ./app/views/books/show.html.erb:14: syntax error, unexpected `end', expecting end-of-input
      #           end
      #           ^~~
      # /home/ec2-user/.rvm/gems/ruby-3.1.2/gems/actiontext-6.1.7.4/lib/action_text/rendering.rb:20:in `with_renderer'
      # /home/ec2-user/.rvm/gems/ruby-3.1.2/gems/actiontext-6.1.7.4/lib/action_text/engine.rb:59:in `block (4 levels) in <class:Engine>'
      # /home/ec2-user/.rvm/gems/ruby-3.1.2/gems/warden-1.2.9/lib/warden/manager.rb:36:in `block in call'
      # /home/ec2-user/.rvm/gems/ruby-3.1.2/gems/warden-1.2.9/lib/warden/manager.rb:34:in `catch'
      # /home/ec2-user/.rvm/gems/ruby-3.1.2/gems/warden-1.2.9/lib/warden/manager.rb:34:in `call'
      # /home/ec2-user/.rvm/gems/ruby-3.1.2/gems/rack-2.2.8/lib/rack/tempfile_reaper.rb:15:in `call'
      # /home/ec2-user/.rvm/gems/ruby-3.1.2/gems/rack-2.2.8/lib/rack/etag.rb:27:in `call'
      # /home/ec2-user/.rvm/gems/ruby-3.1.2/gems/rack-2.2.8/lib/rack/conditional_get.rb:27:in `call'
      # /home/ec2-user/.rvm/gems/ruby-3.1.2/gems/rack-2.2.8/lib/rack/head.rb:12:in `call'
      # /home/ec2-user/.rvm/gems/ruby-3.1.2/gems/rack-2.2.8/lib/rack/session/abstract/id.rb:266:in `context'
      # /home/ec2-user/.rvm/gems/ruby-3.1.2/gems/rack-2.2.8/lib/rack/session/abstract/id.rb:260:in `call'
      # /home/ec2-user/.rvm/gems/ruby-3.1.2/gems/railties-6.1.7.4/lib/rails/rack/logger.rb:37:in `call_app'
      # /home/ec2-user/.rvm/gems/ruby-3.1.2/gems/railties-6.1.7.4/lib/rails/rack/logger.rb:26:in `block in call'
      # /home/ec2-user/.rvm/gems/ruby-3.1.2/gems/railties-6.1.7.4/lib/rails/rack/logger.rb:26:in `call'
      # /home/ec2-user/.rvm/gems/ruby-3.1.2/gems/rack-2.2.8/lib/rack/method_override.rb:24:in `call'
      # /home/ec2-user/.rvm/gems/ruby-3.1.2/gems/rack-2.2.8/lib/rack/runtime.rb:22:in `call'
      # /home/ec2-user/.rvm/gems/ruby-3.1.2/gems/rack-2.2.8/lib/rack/sendfile.rb:110:in `call'
      # /home/ec2-user/.rvm/gems/ruby-3.1.2/gems/railties-6.1.7.4/lib/rails/engine.rb:539:in `call'
      # /home/ec2-user/.rvm/gems/ruby-3.1.2/gems/rack-2.2.8/lib/rack/urlmap.rb:74:in `block in call'
      # /home/ec2-user/.rvm/gems/ruby-3.1.2/gems/rack-2.2.8/lib/rack/urlmap.rb:58:in `each'
      # /home/ec2-user/.rvm/gems/ruby-3.1.2/gems/rack-2.2.8/lib/rack/urlmap.rb:58:in `call'
      # /home/ec2-user/.rvm/gems/ruby-3.1.2/gems/rack-2.2.8/lib/rack/builder.rb:244:in `call'
      # /home/ec2-user/.rvm/gems/ruby-3.1.2/gems/rack-test-2.1.0/lib/rack/test.rb:360:in `process_request'
      # /home/ec2-user/.rvm/gems/ruby-3.1.2/gems/rack-test-2.1.0/lib/rack/test.rb:163:in `custom_request'
      # /home/ec2-user/.rvm/gems/ruby-3.1.2/gems/rack-test-2.1.0/lib/rack/test.rb:112:in `get'
      # /home/ec2-user/.rvm/gems/ruby-3.1.2/gems/capybara-3.39.2/lib/capybara/rack_test/browser.rb:80:in `process'
      # /home/ec2-user/.rvm/gems/ruby-3.1.2/gems/capybara-3.39.2/lib/capybara/rack_test/browser.rb:55:in `process_and_follow_redirects'
      # /home/ec2-user/.rvm/gems/ruby-3.1.2/gems/capybara-3.39.2/lib/capybara/rack_test/browser.rb:26:in `visit'
      # /home/ec2-user/.rvm/gems/ruby-3.1.2/gems/capybara-3.39.2/lib/capybara/rack_test/driver.rb:46:in `visit'
      # /home/ec2-user/.rvm/gems/ruby-3.1.2/gems/capybara-3.39.2/lib/capybara/session.rb:280:in `visit'
      # /home/ec2-user/.rvm/gems/ruby-3.1.2/gems/capybara-3.39.2/lib/capybara/dsl.rb:52:in `call'
      # /home/ec2-user/.rvm/gems/ruby-3.1.2/gems/capybara-3.39.2/lib/capybara/dsl.rb:52:in `visit'
      # ./spec/system/02_after_login_spec.rb:110:in `block (3 levels) in <main>'
      # ------------------
      # --- Caused by: ---
      # SyntaxError:
      #   /home/ec2-user/environment/Bookers2/app/views/books/show.html.erb:14: syntax error, unexpected `end', expecting end-of-input
      #             end
      #             ^~~
      #   ./app/views/books/show.html.erb:14: syntax error, unexpected `end', expecting end-of-input

  27) [STEP2] ユーザログイン後のテスト 自分の投稿詳細画面のテスト 投稿成功のテスト 自分の新しい投稿が正しく保存される
      Failure/Error: Unable to find matching line in /home/ec2-user/environment/Bookers2/app/views/books/show.html.erb

      ActionView::SyntaxErrorInTemplate:
        Encountered a syntax error while rendering template: check <%= render 'bookers', book: @book %>

        <h1>Book detail</h1>
          <div>
            <p><%= image_tag 'sample-author1.jpg' %></p>
            <%= link_to book_path(book.id) do %>
              <p><%= image_tag book.user.get_profile_image(100,100) %></p>
              <p><%= book.title %></p>
            <% end %>
            <p><%= book.body %></p>
          </div>
        <% end %>
      # ./app/views/books/show.html.erb:14: syntax error, unexpected `end', expecting end-of-input
      #           end
      #           ^~~
      # ./app/views/books/show.html.erb:14: syntax error, unexpected `end', expecting end-of-input
      #           end
      #           ^~~
      # /home/ec2-user/.rvm/gems/ruby-3.1.2/gems/actiontext-6.1.7.4/lib/action_text/rendering.rb:20:in `with_renderer'
      # /home/ec2-user/.rvm/gems/ruby-3.1.2/gems/actiontext-6.1.7.4/lib/action_text/engine.rb:59:in `block (4 levels) in <class:Engine>'
      # /home/ec2-user/.rvm/gems/ruby-3.1.2/gems/warden-1.2.9/lib/warden/manager.rb:36:in `block in call'
      # /home/ec2-user/.rvm/gems/ruby-3.1.2/gems/warden-1.2.9/lib/warden/manager.rb:34:in `catch'
      # /home/ec2-user/.rvm/gems/ruby-3.1.2/gems/warden-1.2.9/lib/warden/manager.rb:34:in `call'
      # /home/ec2-user/.rvm/gems/ruby-3.1.2/gems/rack-2.2.8/lib/rack/tempfile_reaper.rb:15:in `call'
      # /home/ec2-user/.rvm/gems/ruby-3.1.2/gems/rack-2.2.8/lib/rack/etag.rb:27:in `call'
      # /home/ec2-user/.rvm/gems/ruby-3.1.2/gems/rack-2.2.8/lib/rack/conditional_get.rb:27:in `call'
      # /home/ec2-user/.rvm/gems/ruby-3.1.2/gems/rack-2.2.8/lib/rack/head.rb:12:in `call'
      # /home/ec2-user/.rvm/gems/ruby-3.1.2/gems/rack-2.2.8/lib/rack/session/abstract/id.rb:266:in `context'
      # /home/ec2-user/.rvm/gems/ruby-3.1.2/gems/rack-2.2.8/lib/rack/session/abstract/id.rb:260:in `call'
      # /home/ec2-user/.rvm/gems/ruby-3.1.2/gems/railties-6.1.7.4/lib/rails/rack/logger.rb:37:in `call_app'
      # /home/ec2-user/.rvm/gems/ruby-3.1.2/gems/railties-6.1.7.4/lib/rails/rack/logger.rb:26:in `block in call'
      # /home/ec2-user/.rvm/gems/ruby-3.1.2/gems/railties-6.1.7.4/lib/rails/rack/logger.rb:26:in `call'
      # /home/ec2-user/.rvm/gems/ruby-3.1.2/gems/rack-2.2.8/lib/rack/method_override.rb:24:in `call'
      # /home/ec2-user/.rvm/gems/ruby-3.1.2/gems/rack-2.2.8/lib/rack/runtime.rb:22:in `call'
      # /home/ec2-user/.rvm/gems/ruby-3.1.2/gems/rack-2.2.8/lib/rack/sendfile.rb:110:in `call'
      # /home/ec2-user/.rvm/gems/ruby-3.1.2/gems/railties-6.1.7.4/lib/rails/engine.rb:539:in `call'
      # /home/ec2-user/.rvm/gems/ruby-3.1.2/gems/rack-2.2.8/lib/rack/urlmap.rb:74:in `block in call'
      # /home/ec2-user/.rvm/gems/ruby-3.1.2/gems/rack-2.2.8/lib/rack/urlmap.rb:58:in `each'
      # /home/ec2-user/.rvm/gems/ruby-3.1.2/gems/rack-2.2.8/lib/rack/urlmap.rb:58:in `call'
      # /home/ec2-user/.rvm/gems/ruby-3.1.2/gems/rack-2.2.8/lib/rack/builder.rb:244:in `call'
      # /home/ec2-user/.rvm/gems/ruby-3.1.2/gems/rack-test-2.1.0/lib/rack/test.rb:360:in `process_request'
      # /home/ec2-user/.rvm/gems/ruby-3.1.2/gems/rack-test-2.1.0/lib/rack/test.rb:163:in `custom_request'
      # /home/ec2-user/.rvm/gems/ruby-3.1.2/gems/rack-test-2.1.0/lib/rack/test.rb:112:in `get'
      # /home/ec2-user/.rvm/gems/ruby-3.1.2/gems/capybara-3.39.2/lib/capybara/rack_test/browser.rb:80:in `process'
      # /home/ec2-user/.rvm/gems/ruby-3.1.2/gems/capybara-3.39.2/lib/capybara/rack_test/browser.rb:55:in `process_and_follow_redirects'
      # /home/ec2-user/.rvm/gems/ruby-3.1.2/gems/capybara-3.39.2/lib/capybara/rack_test/browser.rb:26:in `visit'
      # /home/ec2-user/.rvm/gems/ruby-3.1.2/gems/capybara-3.39.2/lib/capybara/rack_test/driver.rb:46:in `visit'
      # /home/ec2-user/.rvm/gems/ruby-3.1.2/gems/capybara-3.39.2/lib/capybara/session.rb:280:in `visit'
      # /home/ec2-user/.rvm/gems/ruby-3.1.2/gems/capybara-3.39.2/lib/capybara/dsl.rb:52:in `call'
      # /home/ec2-user/.rvm/gems/ruby-3.1.2/gems/capybara-3.39.2/lib/capybara/dsl.rb:52:in `visit'
      # ./spec/system/02_after_login_spec.rb:110:in `block (3 levels) in <main>'
      # ------------------
      # --- Caused by: ---
      # SyntaxError:
      #   /home/ec2-user/environment/Bookers2/app/views/books/show.html.erb:14: syntax error, unexpected `end', expecting end-of-input
      #             end
      #             ^~~
      #   ./app/views/books/show.html.erb:14: syntax error, unexpected `end', expecting end-of-input

  28) [STEP2] ユーザログイン後のテスト 自分の投稿詳細画面のテスト 編集リンクのテスト 編集画面に遷移する
      Failure/Error: Unable to find matching line in /home/ec2-user/environment/Bookers2/app/views/books/show.html.erb

      ActionView::SyntaxErrorInTemplate:
        Encountered a syntax error while rendering template: check <%= render 'bookers', book: @book %>

        <h1>Book detail</h1>
          <div>
            <p><%= image_tag 'sample-author1.jpg' %></p>
            <%= link_to book_path(book.id) do %>
              <p><%= image_tag book.user.get_profile_image(100,100) %></p>
              <p><%= book.title %></p>
            <% end %>
            <p><%= book.body %></p>
          </div>
        <% end %>
      # ./app/views/books/show.html.erb:14: syntax error, unexpected `end', expecting end-of-input
      #           end
      #           ^~~
      # ./app/views/books/show.html.erb:14: syntax error, unexpected `end', expecting end-of-input
      #           end
      #           ^~~
      # /home/ec2-user/.rvm/gems/ruby-3.1.2/gems/actiontext-6.1.7.4/lib/action_text/rendering.rb:20:in `with_renderer'
      # /home/ec2-user/.rvm/gems/ruby-3.1.2/gems/actiontext-6.1.7.4/lib/action_text/engine.rb:59:in `block (4 levels) in <class:Engine>'
      # /home/ec2-user/.rvm/gems/ruby-3.1.2/gems/warden-1.2.9/lib/warden/manager.rb:36:in `block in call'
      # /home/ec2-user/.rvm/gems/ruby-3.1.2/gems/warden-1.2.9/lib/warden/manager.rb:34:in `catch'
      # /home/ec2-user/.rvm/gems/ruby-3.1.2/gems/warden-1.2.9/lib/warden/manager.rb:34:in `call'
      # /home/ec2-user/.rvm/gems/ruby-3.1.2/gems/rack-2.2.8/lib/rack/tempfile_reaper.rb:15:in `call'
      # /home/ec2-user/.rvm/gems/ruby-3.1.2/gems/rack-2.2.8/lib/rack/etag.rb:27:in `call'
      # /home/ec2-user/.rvm/gems/ruby-3.1.2/gems/rack-2.2.8/lib/rack/conditional_get.rb:27:in `call'
      # /home/ec2-user/.rvm/gems/ruby-3.1.2/gems/rack-2.2.8/lib/rack/head.rb:12:in `call'
      # /home/ec2-user/.rvm/gems/ruby-3.1.2/gems/rack-2.2.8/lib/rack/session/abstract/id.rb:266:in `context'
      # /home/ec2-user/.rvm/gems/ruby-3.1.2/gems/rack-2.2.8/lib/rack/session/abstract/id.rb:260:in `call'
      # /home/ec2-user/.rvm/gems/ruby-3.1.2/gems/railties-6.1.7.4/lib/rails/rack/logger.rb:37:in `call_app'
      # /home/ec2-user/.rvm/gems/ruby-3.1.2/gems/railties-6.1.7.4/lib/rails/rack/logger.rb:26:in `block in call'
      # /home/ec2-user/.rvm/gems/ruby-3.1.2/gems/railties-6.1.7.4/lib/rails/rack/logger.rb:26:in `call'
      # /home/ec2-user/.rvm/gems/ruby-3.1.2/gems/rack-2.2.8/lib/rack/method_override.rb:24:in `call'
      # /home/ec2-user/.rvm/gems/ruby-3.1.2/gems/rack-2.2.8/lib/rack/runtime.rb:22:in `call'
      # /home/ec2-user/.rvm/gems/ruby-3.1.2/gems/rack-2.2.8/lib/rack/sendfile.rb:110:in `call'
      # /home/ec2-user/.rvm/gems/ruby-3.1.2/gems/railties-6.1.7.4/lib/rails/engine.rb:539:in `call'
      # /home/ec2-user/.rvm/gems/ruby-3.1.2/gems/rack-2.2.8/lib/rack/urlmap.rb:74:in `block in call'
      # /home/ec2-user/.rvm/gems/ruby-3.1.2/gems/rack-2.2.8/lib/rack/urlmap.rb:58:in `each'
      # /home/ec2-user/.rvm/gems/ruby-3.1.2/gems/rack-2.2.8/lib/rack/urlmap.rb:58:in `call'
      # /home/ec2-user/.rvm/gems/ruby-3.1.2/gems/rack-2.2.8/lib/rack/builder.rb:244:in `call'
      # /home/ec2-user/.rvm/gems/ruby-3.1.2/gems/rack-test-2.1.0/lib/rack/test.rb:360:in `process_request'
      # /home/ec2-user/.rvm/gems/ruby-3.1.2/gems/rack-test-2.1.0/lib/rack/test.rb:163:in `custom_request'
      # /home/ec2-user/.rvm/gems/ruby-3.1.2/gems/rack-test-2.1.0/lib/rack/test.rb:112:in `get'
      # /home/ec2-user/.rvm/gems/ruby-3.1.2/gems/capybara-3.39.2/lib/capybara/rack_test/browser.rb:80:in `process'
      # /home/ec2-user/.rvm/gems/ruby-3.1.2/gems/capybara-3.39.2/lib/capybara/rack_test/browser.rb:55:in `process_and_follow_redirects'
      # /home/ec2-user/.rvm/gems/ruby-3.1.2/gems/capybara-3.39.2/lib/capybara/rack_test/browser.rb:26:in `visit'
      # /home/ec2-user/.rvm/gems/ruby-3.1.2/gems/capybara-3.39.2/lib/capybara/rack_test/driver.rb:46:in `visit'
      # /home/ec2-user/.rvm/gems/ruby-3.1.2/gems/capybara-3.39.2/lib/capybara/session.rb:280:in `visit'
      # /home/ec2-user/.rvm/gems/ruby-3.1.2/gems/capybara-3.39.2/lib/capybara/dsl.rb:52:in `call'
      # /home/ec2-user/.rvm/gems/ruby-3.1.2/gems/capybara-3.39.2/lib/capybara/dsl.rb:52:in `visit'
      # ./spec/system/02_after_login_spec.rb:110:in `block (3 levels) in <main>'
      # ------------------
      # --- Caused by: ---
      # SyntaxError:
      #   /home/ec2-user/environment/Bookers2/app/views/books/show.html.erb:14: syntax error, unexpected `end', expecting end-of-input
      #             end
      #             ^~~
      #   ./app/views/books/show.html.erb:14: syntax error, unexpected `end', expecting end-of-input

  29) [STEP2] ユーザログイン後のテスト 自分の投稿詳細画面のテスト 削除リンクのテスト application.html.erbにjavascript_pack_tagを含んでいる
      Failure/Error: Unable to find matching line in /home/ec2-user/environment/Bookers2/app/views/books/show.html.erb

      ActionView::SyntaxErrorInTemplate:
        Encountered a syntax error while rendering template: check <%= render 'bookers', book: @book %>

        <h1>Book detail</h1>
          <div>
            <p><%= image_tag 'sample-author1.jpg' %></p>
            <%= link_to book_path(book.id) do %>
              <p><%= image_tag book.user.get_profile_image(100,100) %></p>
              <p><%= book.title %></p>
            <% end %>
            <p><%= book.body %></p>
          </div>
        <% end %>
      # ./app/views/books/show.html.erb:14: syntax error, unexpected `end', expecting end-of-input
      #           end
      #           ^~~
      # ./app/views/books/show.html.erb:14: syntax error, unexpected `end', expecting end-of-input
      #           end
      #           ^~~
      # /home/ec2-user/.rvm/gems/ruby-3.1.2/gems/actiontext-6.1.7.4/lib/action_text/rendering.rb:20:in `with_renderer'
      # /home/ec2-user/.rvm/gems/ruby-3.1.2/gems/actiontext-6.1.7.4/lib/action_text/engine.rb:59:in `block (4 levels) in <class:Engine>'
      # /home/ec2-user/.rvm/gems/ruby-3.1.2/gems/warden-1.2.9/lib/warden/manager.rb:36:in `block in call'
      # /home/ec2-user/.rvm/gems/ruby-3.1.2/gems/warden-1.2.9/lib/warden/manager.rb:34:in `catch'
      # /home/ec2-user/.rvm/gems/ruby-3.1.2/gems/warden-1.2.9/lib/warden/manager.rb:34:in `call'
      # /home/ec2-user/.rvm/gems/ruby-3.1.2/gems/rack-2.2.8/lib/rack/tempfile_reaper.rb:15:in `call'
      # /home/ec2-user/.rvm/gems/ruby-3.1.2/gems/rack-2.2.8/lib/rack/etag.rb:27:in `call'
      # /home/ec2-user/.rvm/gems/ruby-3.1.2/gems/rack-2.2.8/lib/rack/conditional_get.rb:27:in `call'
      # /home/ec2-user/.rvm/gems/ruby-3.1.2/gems/rack-2.2.8/lib/rack/head.rb:12:in `call'
      # /home/ec2-user/.rvm/gems/ruby-3.1.2/gems/rack-2.2.8/lib/rack/session/abstract/id.rb:266:in `context'
      # /home/ec2-user/.rvm/gems/ruby-3.1.2/gems/rack-2.2.8/lib/rack/session/abstract/id.rb:260:in `call'
      # /home/ec2-user/.rvm/gems/ruby-3.1.2/gems/railties-6.1.7.4/lib/rails/rack/logger.rb:37:in `call_app'
      # /home/ec2-user/.rvm/gems/ruby-3.1.2/gems/railties-6.1.7.4/lib/rails/rack/logger.rb:26:in `block in call'
      # /home/ec2-user/.rvm/gems/ruby-3.1.2/gems/railties-6.1.7.4/lib/rails/rack/logger.rb:26:in `call'
      # /home/ec2-user/.rvm/gems/ruby-3.1.2/gems/rack-2.2.8/lib/rack/method_override.rb:24:in `call'
      # /home/ec2-user/.rvm/gems/ruby-3.1.2/gems/rack-2.2.8/lib/rack/runtime.rb:22:in `call'
      # /home/ec2-user/.rvm/gems/ruby-3.1.2/gems/rack-2.2.8/lib/rack/sendfile.rb:110:in `call'
      # /home/ec2-user/.rvm/gems/ruby-3.1.2/gems/railties-6.1.7.4/lib/rails/engine.rb:539:in `call'
      # /home/ec2-user/.rvm/gems/ruby-3.1.2/gems/rack-2.2.8/lib/rack/urlmap.rb:74:in `block in call'
      # /home/ec2-user/.rvm/gems/ruby-3.1.2/gems/rack-2.2.8/lib/rack/urlmap.rb:58:in `each'
      # /home/ec2-user/.rvm/gems/ruby-3.1.2/gems/rack-2.2.8/lib/rack/urlmap.rb:58:in `call'
      # /home/ec2-user/.rvm/gems/ruby-3.1.2/gems/rack-2.2.8/lib/rack/builder.rb:244:in `call'
      # /home/ec2-user/.rvm/gems/ruby-3.1.2/gems/rack-test-2.1.0/lib/rack/test.rb:360:in `process_request'
      # /home/ec2-user/.rvm/gems/ruby-3.1.2/gems/rack-test-2.1.0/lib/rack/test.rb:163:in `custom_request'
      # /home/ec2-user/.rvm/gems/ruby-3.1.2/gems/rack-test-2.1.0/lib/rack/test.rb:112:in `get'
      # /home/ec2-user/.rvm/gems/ruby-3.1.2/gems/capybara-3.39.2/lib/capybara/rack_test/browser.rb:80:in `process'
      # /home/ec2-user/.rvm/gems/ruby-3.1.2/gems/capybara-3.39.2/lib/capybara/rack_test/browser.rb:55:in `process_and_follow_redirects'
      # /home/ec2-user/.rvm/gems/ruby-3.1.2/gems/capybara-3.39.2/lib/capybara/rack_test/browser.rb:26:in `visit'
      # /home/ec2-user/.rvm/gems/ruby-3.1.2/gems/capybara-3.39.2/lib/capybara/rack_test/driver.rb:46:in `visit'
      # /home/ec2-user/.rvm/gems/ruby-3.1.2/gems/capybara-3.39.2/lib/capybara/session.rb:280:in `visit'
      # /home/ec2-user/.rvm/gems/ruby-3.1.2/gems/capybara-3.39.2/lib/capybara/dsl.rb:52:in `call'
      # /home/ec2-user/.rvm/gems/ruby-3.1.2/gems/capybara-3.39.2/lib/capybara/dsl.rb:52:in `visit'
      # ./spec/system/02_after_login_spec.rb:110:in `block (3 levels) in <main>'
      # ------------------
      # --- Caused by: ---
      # SyntaxError:
      #   /home/ec2-user/environment/Bookers2/app/views/books/show.html.erb:14: syntax error, unexpected `end', expecting end-of-input
      #             end
      #             ^~~
      #   ./app/views/books/show.html.erb:14: syntax error, unexpected `end', expecting end-of-input

  30) [STEP2] ユーザログイン後のテスト 自分の投稿詳細画面のテスト 削除リンクのテスト 正しく削除される
      Failure/Error: Unable to find matching line in /home/ec2-user/environment/Bookers2/app/views/books/show.html.erb

      ActionView::SyntaxErrorInTemplate:
        Encountered a syntax error while rendering template: check <%= render 'bookers', book: @book %>

        <h1>Book detail</h1>
          <div>
            <p><%= image_tag 'sample-author1.jpg' %></p>
            <%= link_to book_path(book.id) do %>
              <p><%= image_tag book.user.get_profile_image(100,100) %></p>
              <p><%= book.title %></p>
            <% end %>
            <p><%= book.body %></p>
          </div>
        <% end %>
      # ./app/views/books/show.html.erb:14: syntax error, unexpected `end', expecting end-of-input
      #           end
      #           ^~~
      # ./app/views/books/show.html.erb:14: syntax error, unexpected `end', expecting end-of-input
      #           end
      #           ^~~
      # /home/ec2-user/.rvm/gems/ruby-3.1.2/gems/actiontext-6.1.7.4/lib/action_text/rendering.rb:20:in `with_renderer'
      # /home/ec2-user/.rvm/gems/ruby-3.1.2/gems/actiontext-6.1.7.4/lib/action_text/engine.rb:59:in `block (4 levels) in <class:Engine>'
      # /home/ec2-user/.rvm/gems/ruby-3.1.2/gems/warden-1.2.9/lib/warden/manager.rb:36:in `block in call'
      # /home/ec2-user/.rvm/gems/ruby-3.1.2/gems/warden-1.2.9/lib/warden/manager.rb:34:in `catch'
      # /home/ec2-user/.rvm/gems/ruby-3.1.2/gems/warden-1.2.9/lib/warden/manager.rb:34:in `call'
      # /home/ec2-user/.rvm/gems/ruby-3.1.2/gems/rack-2.2.8/lib/rack/tempfile_reaper.rb:15:in `call'
      # /home/ec2-user/.rvm/gems/ruby-3.1.2/gems/rack-2.2.8/lib/rack/etag.rb:27:in `call'
      # /home/ec2-user/.rvm/gems/ruby-3.1.2/gems/rack-2.2.8/lib/rack/conditional_get.rb:27:in `call'
      # /home/ec2-user/.rvm/gems/ruby-3.1.2/gems/rack-2.2.8/lib/rack/head.rb:12:in `call'
      # /home/ec2-user/.rvm/gems/ruby-3.1.2/gems/rack-2.2.8/lib/rack/session/abstract/id.rb:266:in `context'
      # /home/ec2-user/.rvm/gems/ruby-3.1.2/gems/rack-2.2.8/lib/rack/session/abstract/id.rb:260:in `call'
      # /home/ec2-user/.rvm/gems/ruby-3.1.2/gems/railties-6.1.7.4/lib/rails/rack/logger.rb:37:in `call_app'
      # /home/ec2-user/.rvm/gems/ruby-3.1.2/gems/railties-6.1.7.4/lib/rails/rack/logger.rb:26:in `block in call'
      # /home/ec2-user/.rvm/gems/ruby-3.1.2/gems/railties-6.1.7.4/lib/rails/rack/logger.rb:26:in `call'
      # /home/ec2-user/.rvm/gems/ruby-3.1.2/gems/rack-2.2.8/lib/rack/method_override.rb:24:in `call'
      # /home/ec2-user/.rvm/gems/ruby-3.1.2/gems/rack-2.2.8/lib/rack/runtime.rb:22:in `call'
      # /home/ec2-user/.rvm/gems/ruby-3.1.2/gems/rack-2.2.8/lib/rack/sendfile.rb:110:in `call'
      # /home/ec2-user/.rvm/gems/ruby-3.1.2/gems/railties-6.1.7.4/lib/rails/engine.rb:539:in `call'
      # /home/ec2-user/.rvm/gems/ruby-3.1.2/gems/rack-2.2.8/lib/rack/urlmap.rb:74:in `block in call'
      # /home/ec2-user/.rvm/gems/ruby-3.1.2/gems/rack-2.2.8/lib/rack/urlmap.rb:58:in `each'
      # /home/ec2-user/.rvm/gems/ruby-3.1.2/gems/rack-2.2.8/lib/rack/urlmap.rb:58:in `call'
      # /home/ec2-user/.rvm/gems/ruby-3.1.2/gems/rack-2.2.8/lib/rack/builder.rb:244:in `call'
      # /home/ec2-user/.rvm/gems/ruby-3.1.2/gems/rack-test-2.1.0/lib/rack/test.rb:360:in `process_request'
      # /home/ec2-user/.rvm/gems/ruby-3.1.2/gems/rack-test-2.1.0/lib/rack/test.rb:163:in `custom_request'
      # /home/ec2-user/.rvm/gems/ruby-3.1.2/gems/rack-test-2.1.0/lib/rack/test.rb:112:in `get'
      # /home/ec2-user/.rvm/gems/ruby-3.1.2/gems/capybara-3.39.2/lib/capybara/rack_test/browser.rb:80:in `process'
      # /home/ec2-user/.rvm/gems/ruby-3.1.2/gems/capybara-3.39.2/lib/capybara/rack_test/browser.rb:55:in `process_and_follow_redirects'
      # /home/ec2-user/.rvm/gems/ruby-3.1.2/gems/capybara-3.39.2/lib/capybara/rack_test/browser.rb:26:in `visit'
      # /home/ec2-user/.rvm/gems/ruby-3.1.2/gems/capybara-3.39.2/lib/capybara/rack_test/driver.rb:46:in `visit'
      # /home/ec2-user/.rvm/gems/ruby-3.1.2/gems/capybara-3.39.2/lib/capybara/session.rb:280:in `visit'
      # /home/ec2-user/.rvm/gems/ruby-3.1.2/gems/capybara-3.39.2/lib/capybara/dsl.rb:52:in `call'
      # /home/ec2-user/.rvm/gems/ruby-3.1.2/gems/capybara-3.39.2/lib/capybara/dsl.rb:52:in `visit'
      # ./spec/system/02_after_login_spec.rb:110:in `block (3 levels) in <main>'
      # ------------------
      # --- Caused by: ---
      # SyntaxError:
      #   /home/ec2-user/environment/Bookers2/app/views/books/show.html.erb:14: syntax error, unexpected `end', expecting end-of-input
      #             end
      #             ^~~
      #   ./app/views/books/show.html.erb:14: syntax error, unexpected `end', expecting end-of-input

  31) [STEP2] ユーザログイン後のテスト 自分の投稿詳細画面のテスト 削除リンクのテスト リダイレクト先が、投稿一覧画面になっている
      Failure/Error: Unable to find matching line in /home/ec2-user/environment/Bookers2/app/views/books/show.html.erb

      ActionView::SyntaxErrorInTemplate:
        Encountered a syntax error while rendering template: check <%= render 'bookers', book: @book %>

        <h1>Book detail</h1>
          <div>
            <p><%= image_tag 'sample-author1.jpg' %></p>
            <%= link_to book_path(book.id) do %>
              <p><%= image_tag book.user.get_profile_image(100,100) %></p>
              <p><%= book.title %></p>
            <% end %>
            <p><%= book.body %></p>
          </div>
        <% end %>
      # ./app/views/books/show.html.erb:14: syntax error, unexpected `end', expecting end-of-input
      #           end
      #           ^~~
      # ./app/views/books/show.html.erb:14: syntax error, unexpected `end', expecting end-of-input
      #           end
      #           ^~~
      # /home/ec2-user/.rvm/gems/ruby-3.1.2/gems/actiontext-6.1.7.4/lib/action_text/rendering.rb:20:in `with_renderer'
      # /home/ec2-user/.rvm/gems/ruby-3.1.2/gems/actiontext-6.1.7.4/lib/action_text/engine.rb:59:in `block (4 levels) in <class:Engine>'
      # /home/ec2-user/.rvm/gems/ruby-3.1.2/gems/warden-1.2.9/lib/warden/manager.rb:36:in `block in call'
      # /home/ec2-user/.rvm/gems/ruby-3.1.2/gems/warden-1.2.9/lib/warden/manager.rb:34:in `catch'
      # /home/ec2-user/.rvm/gems/ruby-3.1.2/gems/warden-1.2.9/lib/warden/manager.rb:34:in `call'
      # /home/ec2-user/.rvm/gems/ruby-3.1.2/gems/rack-2.2.8/lib/rack/tempfile_reaper.rb:15:in `call'
      # /home/ec2-user/.rvm/gems/ruby-3.1.2/gems/rack-2.2.8/lib/rack/etag.rb:27:in `call'
      # /home/ec2-user/.rvm/gems/ruby-3.1.2/gems/rack-2.2.8/lib/rack/conditional_get.rb:27:in `call'
      # /home/ec2-user/.rvm/gems/ruby-3.1.2/gems/rack-2.2.8/lib/rack/head.rb:12:in `call'
      # /home/ec2-user/.rvm/gems/ruby-3.1.2/gems/rack-2.2.8/lib/rack/session/abstract/id.rb:266:in `context'
      # /home/ec2-user/.rvm/gems/ruby-3.1.2/gems/rack-2.2.8/lib/rack/session/abstract/id.rb:260:in `call'
      # /home/ec2-user/.rvm/gems/ruby-3.1.2/gems/railties-6.1.7.4/lib/rails/rack/logger.rb:37:in `call_app'
      # /home/ec2-user/.rvm/gems/ruby-3.1.2/gems/railties-6.1.7.4/lib/rails/rack/logger.rb:26:in `block in call'
      # /home/ec2-user/.rvm/gems/ruby-3.1.2/gems/railties-6.1.7.4/lib/rails/rack/logger.rb:26:in `call'
      # /home/ec2-user/.rvm/gems/ruby-3.1.2/gems/rack-2.2.8/lib/rack/method_override.rb:24:in `call'
      # /home/ec2-user/.rvm/gems/ruby-3.1.2/gems/rack-2.2.8/lib/rack/runtime.rb:22:in `call'
      # /home/ec2-user/.rvm/gems/ruby-3.1.2/gems/rack-2.2.8/lib/rack/sendfile.rb:110:in `call'
      # /home/ec2-user/.rvm/gems/ruby-3.1.2/gems/railties-6.1.7.4/lib/rails/engine.rb:539:in `call'
      # /home/ec2-user/.rvm/gems/ruby-3.1.2/gems/rack-2.2.8/lib/rack/urlmap.rb:74:in `block in call'
      # /home/ec2-user/.rvm/gems/ruby-3.1.2/gems/rack-2.2.8/lib/rack/urlmap.rb:58:in `each'
      # /home/ec2-user/.rvm/gems/ruby-3.1.2/gems/rack-2.2.8/lib/rack/urlmap.rb:58:in `call'
      # /home/ec2-user/.rvm/gems/ruby-3.1.2/gems/rack-2.2.8/lib/rack/builder.rb:244:in `call'
      # /home/ec2-user/.rvm/gems/ruby-3.1.2/gems/rack-test-2.1.0/lib/rack/test.rb:360:in `process_request'
      # /home/ec2-user/.rvm/gems/ruby-3.1.2/gems/rack-test-2.1.0/lib/rack/test.rb:163:in `custom_request'
      # /home/ec2-user/.rvm/gems/ruby-3.1.2/gems/rack-test-2.1.0/lib/rack/test.rb:112:in `get'
      # /home/ec2-user/.rvm/gems/ruby-3.1.2/gems/capybara-3.39.2/lib/capybara/rack_test/browser.rb:80:in `process'
      # /home/ec2-user/.rvm/gems/ruby-3.1.2/gems/capybara-3.39.2/lib/capybara/rack_test/browser.rb:55:in `process_and_follow_redirects'
      # /home/ec2-user/.rvm/gems/ruby-3.1.2/gems/capybara-3.39.2/lib/capybara/rack_test/browser.rb:26:in `visit'
      # /home/ec2-user/.rvm/gems/ruby-3.1.2/gems/capybara-3.39.2/lib/capybara/rack_test/driver.rb:46:in `visit'
      # /home/ec2-user/.rvm/gems/ruby-3.1.2/gems/capybara-3.39.2/lib/capybara/session.rb:280:in `visit'
      # /home/ec2-user/.rvm/gems/ruby-3.1.2/gems/capybara-3.39.2/lib/capybara/dsl.rb:52:in `call'
      # /home/ec2-user/.rvm/gems/ruby-3.1.2/gems/capybara-3.39.2/lib/capybara/dsl.rb:52:in `visit'
      # ./spec/system/02_after_login_spec.rb:110:in `block (3 levels) in <main>'
      # ------------------
      # --- Caused by: ---
      # SyntaxError:
      #   /home/ec2-user/environment/Bookers2/app/views/books/show.html.erb:14: syntax error, unexpected `end', expecting end-of-input
      #             end
      #             ^~~
      #   ./app/views/books/show.html.erb:14: syntax error, unexpected `end', expecting end-of-input

  32) [STEP2] ユーザログイン後のテスト 自分の投稿編集画面のテスト 表示の確認 URLが正しい
      Failure/Error: visit edit_book_path(book)

      NoMethodError:
        undefined method `edit_book_path' for #<RSpec::ExampleGroups::STEP2::Nested_4::Nested "URLが正しい" (./spec/system/02_after_login_spec.rb:218)>
      # ./spec/system/02_after_login_spec.rb:214:in `block (3 levels) in <main>'

  33) [STEP2] ユーザログイン後のテスト 自分の投稿編集画面のテスト 表示の確認 「Editing Book」と表示される
      Failure/Error: visit edit_book_path(book)

      NoMethodError:
        undefined method `edit_book_path' for #<RSpec::ExampleGroups::STEP2::Nested_4::Nested "「Editing Book」と表示される" (./spec/system/02_after_login_spec.rb:221)>
      # ./spec/system/02_after_login_spec.rb:214:in `block (3 levels) in <main>'

  34) [STEP2] ユーザログイン後のテスト 自分の投稿編集画面のテスト 表示の確認 title編集フォームが表示される
      Failure/Error: visit edit_book_path(book)

      NoMethodError:
        undefined method `edit_book_path' for #<RSpec::ExampleGroups::STEP2::Nested_4::Nested "title編集フォームが表示される" (./spec/system/02_after_login_spec.rb:224)>
      # ./spec/system/02_after_login_spec.rb:214:in `block (3 levels) in <main>'

  35) [STEP2] ユーザログイン後のテスト 自分の投稿編集画面のテスト 表示の確認 body編集フォームが表示される
      Failure/Error: visit edit_book_path(book)

      NoMethodError:
        undefined method `edit_book_path' for #<RSpec::ExampleGroups::STEP2::Nested_4::Nested "body編集フォームが表示される" (./spec/system/02_after_login_spec.rb:227)>
      # ./spec/system/02_after_login_spec.rb:214:in `block (3 levels) in <main>'

  36) [STEP2] ユーザログイン後のテスト 自分の投稿編集画面のテスト 表示の確認 Update Bookボタンが表示される
      Failure/Error: visit edit_book_path(book)

      NoMethodError:
        undefined method `edit_book_path' for #<RSpec::ExampleGroups::STEP2::Nested_4::Nested "Update Bookボタンが表示される" (./spec/system/02_after_login_spec.rb:230)>
      # ./spec/system/02_after_login_spec.rb:214:in `block (3 levels) in <main>'

  37) [STEP2] ユーザログイン後のテスト 自分の投稿編集画面のテスト 表示の確認 Showリンクが表示される
      Failure/Error: visit edit_book_path(book)

      NoMethodError:
        undefined method `edit_book_path' for #<RSpec::ExampleGroups::STEP2::Nested_4::Nested "Showリンクが表示される" (./spec/system/02_after_login_spec.rb:233)>
      # ./spec/system/02_after_login_spec.rb:214:in `block (3 levels) in <main>'

  38) [STEP2] ユーザログイン後のテスト 自分の投稿編集画面のテスト 表示の確認 Backリンクが表示される
      Failure/Error: visit edit_book_path(book)

      NoMethodError:
        undefined method `edit_book_path' for #<RSpec::ExampleGroups::STEP2::Nested_4::Nested "Backリンクが表示される" (./spec/system/02_after_login_spec.rb:236)>
      # ./spec/system/02_after_login_spec.rb:214:in `block (3 levels) in <main>'

  39) [STEP2] ユーザログイン後のテスト 自分の投稿編集画面のテスト 編集成功のテスト titleが正しく更新される
      Failure/Error: visit edit_book_path(book)

      NoMethodError:
        undefined method `edit_book_path' for #<RSpec::ExampleGroups::STEP2::Nested_4::Nested_2 "titleが正しく更新される" (./spec/system/02_after_login_spec.rb:250)>
      # ./spec/system/02_after_login_spec.rb:214:in `block (3 levels) in <main>'

  40) [STEP2] ユーザログイン後のテスト 自分の投稿編集画面のテスト 編集成功のテスト bodyが正しく更新される
      Failure/Error: visit edit_book_path(book)

      NoMethodError:
        undefined method `edit_book_path' for #<RSpec::ExampleGroups::STEP2::Nested_4::Nested_2 "bodyが正しく更新される" (./spec/system/02_after_login_spec.rb:253)>
      # ./spec/system/02_after_login_spec.rb:214:in `block (3 levels) in <main>'

  41) [STEP2] ユーザログイン後のテスト 自分の投稿編集画面のテスト 編集成功のテスト リダイレクト先が、更新した投稿の詳細画面になっている
      Failure/Error: visit edit_book_path(book)

      NoMethodError:
        undefined method `edit_book_path' for #<RSpec::ExampleGroups::STEP2::Nested_4::Nested_2 "リダイレクト先が、更新した投稿の詳細画面になっている" (./spec/system/02_after_login_spec.rb:256)>
      # ./spec/system/02_after_login_spec.rb:214:in `block (3 levels) in <main>'

  42) [STEP2] ユーザログイン後のテスト ユーザ一覧画面のテスト 表示内容の確認 自分と他人の画像が表示される: fallbackの画像がサイドバーの1つ＋一覧(2人)の2つの計3つ存在する
      Failure/Error: expect(all('img').size).to eq(3)

        expected: 3
             got: 2

        (compared using ==)
      # ./spec/system/02_after_login_spec.rb:273:in `block (4 levels) in <main>'

  43) [STEP2] ユーザログイン後のテスト ユーザ一覧画面のテスト サイドバーの確認 自分のユーザ編集画面へのリンクが存在する
      Failure/Error: expect(page).to have_link '', href: edit_user_path(user)
        expected to find link "" with href "/users/1/edit" but there were no matches
      # ./spec/system/02_after_login_spec.rb:291:in `block (4 levels) in <main>'

  44) [STEP2] ユーザログイン後のテスト ユーザ一覧画面のテスト サイドバーの確認 「New book」と表示される
      Failure/Error: expect(page).to have_content 'New book'
        expected to find text "New book" in "Bookers\nHome Users Books Log out\nUsers\nrlykqe8975\nccmt0nr46yruc66k9lid\nShow\ny5sfhr3kq7\netkhks3rgde82pkk5gft\nShow\nCopyRight Infratop.inc"
      # ./spec/system/02_after_login_spec.rb:294:in `block (4 levels) in <main>'

  45) [STEP2] ユーザログイン後のテスト ユーザ一覧画面のテスト サイドバーの確認 titleフォームが表示される
      Failure/Error: expect(page).to have_field 'book[title]'
        expected to find field "book[title]" that is not disabled but there were no matches
      # ./spec/system/02_after_login_spec.rb:297:in `block (4 levels) in <main>'

  46) [STEP2] ユーザログイン後のテスト ユーザ一覧画面のテスト サイドバーの確認 titleフォームに値が入っていない
      Failure/Error: expect(find_field('book[title]').text).to be_blank

      Capybara::ElementNotFound:
        Unable to find field "book[title]" that is not disabled
      # /home/ec2-user/.rvm/gems/ruby-3.1.2/gems/capybara-3.39.2/lib/capybara/node/finders.rb:312:in `block in synced_resolve'
      # /home/ec2-user/.rvm/gems/ruby-3.1.2/gems/capybara-3.39.2/lib/capybara/node/base.rb:84:in `synchronize'
      # /home/ec2-user/.rvm/gems/ruby-3.1.2/gems/capybara-3.39.2/lib/capybara/node/finders.rb:301:in `synced_resolve'
      # /home/ec2-user/.rvm/gems/ruby-3.1.2/gems/capybara-3.39.2/lib/capybara/node/finders.rb:60:in `find'
      # /home/ec2-user/.rvm/gems/ruby-3.1.2/gems/capybara-3.39.2/lib/capybara/node/finders.rb:136:in `find_field'
      # /home/ec2-user/.rvm/gems/ruby-3.1.2/gems/capybara-3.39.2/lib/capybara/session.rb:773:in `find_field'
      # /home/ec2-user/.rvm/gems/ruby-3.1.2/gems/capybara-3.39.2/lib/capybara/dsl.rb:52:in `call'
      # /home/ec2-user/.rvm/gems/ruby-3.1.2/gems/capybara-3.39.2/lib/capybara/dsl.rb:52:in `find_field'
      # ./spec/system/02_after_login_spec.rb:300:in `block (4 levels) in <main>'

  47) [STEP2] ユーザログイン後のテスト ユーザ一覧画面のテスト サイドバーの確認 bodyフォームが表示される
      Failure/Error: expect(page).to have_field 'book[body]'
        expected to find field "book[body]" that is not disabled but there were no matches
      # ./spec/system/02_after_login_spec.rb:303:in `block (4 levels) in <main>'

  48) [STEP2] ユーザログイン後のテスト ユーザ一覧画面のテスト サイドバーの確認 bodyフォームに値が入っていない
      Failure/Error: expect(find_field('book[body]').text).to be_blank

      Capybara::ElementNotFound:
        Unable to find field "book[body]" that is not disabled
      # /home/ec2-user/.rvm/gems/ruby-3.1.2/gems/capybara-3.39.2/lib/capybara/node/finders.rb:312:in `block in synced_resolve'
      # /home/ec2-user/.rvm/gems/ruby-3.1.2/gems/capybara-3.39.2/lib/capybara/node/base.rb:84:in `synchronize'
      # /home/ec2-user/.rvm/gems/ruby-3.1.2/gems/capybara-3.39.2/lib/capybara/node/finders.rb:301:in `synced_resolve'
      # /home/ec2-user/.rvm/gems/ruby-3.1.2/gems/capybara-3.39.2/lib/capybara/node/finders.rb:60:in `find'
      # /home/ec2-user/.rvm/gems/ruby-3.1.2/gems/capybara-3.39.2/lib/capybara/node/finders.rb:136:in `find_field'
      # /home/ec2-user/.rvm/gems/ruby-3.1.2/gems/capybara-3.39.2/lib/capybara/session.rb:773:in `find_field'
      # /home/ec2-user/.rvm/gems/ruby-3.1.2/gems/capybara-3.39.2/lib/capybara/dsl.rb:52:in `call'
      # /home/ec2-user/.rvm/gems/ruby-3.1.2/gems/capybara-3.39.2/lib/capybara/dsl.rb:52:in `find_field'
      # ./spec/system/02_after_login_spec.rb:306:in `block (4 levels) in <main>'

  49) [STEP2] ユーザログイン後のテスト ユーザ一覧画面のテスト サイドバーの確認 Create Bookボタンが表示される
      Failure/Error: expect(page).to have_button 'Create Book'
        expected to find button "Create Book" that is not disabled but there were no matches
      # ./spec/system/02_after_login_spec.rb:309:in `block (4 levels) in <main>'

  50) [STEP2] ユーザログイン後のテスト 自分のユーザ詳細画面のテスト 表示の確認 投稿一覧のユーザ画像のリンク先が正しい
      Failure/Error: expect(page).to have_link '', href: user_path(user)
        expected to find link "" with href "/users/1" but there were no matches
      # ./spec/system/02_after_login_spec.rb:324:in `block (4 levels) in <main>'

  51) [STEP2] ユーザログイン後のテスト 自分のユーザ詳細画面のテスト 表示の確認 投稿一覧に自分の投稿のtitleが表示され、リンクが正しい
      Failure/Error: expect(page).to have_link book.title, href: book_path(book)
        expected to find link "6jw0m" with href "/books/1" but there were no matches
      # ./spec/system/02_after_login_spec.rb:327:in `block (4 levels) in <main>'

  52) [STEP2] ユーザログイン後のテスト 自分のユーザ詳細画面のテスト 表示の確認 投稿一覧に自分の投稿のbodyが表示される
      Failure/Error: expect(page).to have_content book.body
        expected to find text "rxb4dbpn0mxzcblzqlew" in "Bookers\nHome Users Books Log out\nUser info\n6tv7o4m30a\nプロフィ―ル編集\nCopyRight Infratop.inc"
      # ./spec/system/02_after_login_spec.rb:330:in `block (4 levels) in <main>'

  53) [STEP2] ユーザログイン後のテスト 自分のユーザ詳細画面のテスト サイドバーの確認 自分の名前と紹介文が表示される
      Failure/Error: expect(page).to have_content user.introduction
        expected to find text "ryjjz5tcmkvffv3gc19b" in "Bookers\nHome Users Books Log out\nUser info\n2k7v7sykzl\nプロフィ―ル編集\nCopyRight Infratop.inc"
      # ./spec/system/02_after_login_spec.rb:342:in `block (4 levels) in <main>'

  54) [STEP2] ユーザログイン後のテスト 自分のユーザ詳細画面のテスト サイドバーの確認 「New book」と表示される
      Failure/Error: expect(page).to have_content 'New book'
        expected to find text "New book" in "Bookers\nHome Users Books Log out\nUser info\nb0xnrp2nnc\nプロフィ―ル編集\nCopyRight Infratop.inc"
      # ./spec/system/02_after_login_spec.rb:348:in `block (4 levels) in <main>'

  55) [STEP2] ユーザログイン後のテスト 自分のユーザ詳細画面のテスト サイドバーの確認 titleフォームが表示される
      Failure/Error: expect(page).to have_field 'book[title]'
        expected to find field "book[title]" that is not disabled but there were no matches
      # ./spec/system/02_after_login_spec.rb:351:in `block (4 levels) in <main>'

  56) [STEP2] ユーザログイン後のテスト 自分のユーザ詳細画面のテスト サイドバーの確認 titleフォームに値が入っていない
      Failure/Error: expect(find_field('book[title]').text).to be_blank

      Capybara::ElementNotFound:
        Unable to find field "book[title]" that is not disabled
      # /home/ec2-user/.rvm/gems/ruby-3.1.2/gems/capybara-3.39.2/lib/capybara/node/finders.rb:312:in `block in synced_resolve'
      # /home/ec2-user/.rvm/gems/ruby-3.1.2/gems/capybara-3.39.2/lib/capybara/node/base.rb:84:in `synchronize'
      # /home/ec2-user/.rvm/gems/ruby-3.1.2/gems/capybara-3.39.2/lib/capybara/node/finders.rb:301:in `synced_resolve'
      # /home/ec2-user/.rvm/gems/ruby-3.1.2/gems/capybara-3.39.2/lib/capybara/node/finders.rb:60:in `find'
      # /home/ec2-user/.rvm/gems/ruby-3.1.2/gems/capybara-3.39.2/lib/capybara/node/finders.rb:136:in `find_field'
      # /home/ec2-user/.rvm/gems/ruby-3.1.2/gems/capybara-3.39.2/lib/capybara/session.rb:773:in `find_field'
      # /home/ec2-user/.rvm/gems/ruby-3.1.2/gems/capybara-3.39.2/lib/capybara/dsl.rb:52:in `call'
      # /home/ec2-user/.rvm/gems/ruby-3.1.2/gems/capybara-3.39.2/lib/capybara/dsl.rb:52:in `find_field'
      # ./spec/system/02_after_login_spec.rb:354:in `block (4 levels) in <main>'

  57) [STEP2] ユーザログイン後のテスト 自分のユーザ詳細画面のテスト サイドバーの確認 bodyフォームが表示される
      Failure/Error: expect(page).to have_field 'book[body]'
        expected to find field "book[body]" that is not disabled but there were no matches
      # ./spec/system/02_after_login_spec.rb:357:in `block (4 levels) in <main>'

  58) [STEP2] ユーザログイン後のテスト 自分のユーザ詳細画面のテスト サイドバーの確認 bodyフォームに値が入っていない
      Failure/Error: expect(find_field('book[body]').text).to be_blank

      Capybara::ElementNotFound:
        Unable to find field "book[body]" that is not disabled
      # /home/ec2-user/.rvm/gems/ruby-3.1.2/gems/capybara-3.39.2/lib/capybara/node/finders.rb:312:in `block in synced_resolve'
      # /home/ec2-user/.rvm/gems/ruby-3.1.2/gems/capybara-3.39.2/lib/capybara/node/base.rb:84:in `synchronize'
      # /home/ec2-user/.rvm/gems/ruby-3.1.2/gems/capybara-3.39.2/lib/capybara/node/finders.rb:301:in `synced_resolve'
      # /home/ec2-user/.rvm/gems/ruby-3.1.2/gems/capybara-3.39.2/lib/capybara/node/finders.rb:60:in `find'
      # /home/ec2-user/.rvm/gems/ruby-3.1.2/gems/capybara-3.39.2/lib/capybara/node/finders.rb:136:in `find_field'
      # /home/ec2-user/.rvm/gems/ruby-3.1.2/gems/capybara-3.39.2/lib/capybara/session.rb:773:in `find_field'
      # /home/ec2-user/.rvm/gems/ruby-3.1.2/gems/capybara-3.39.2/lib/capybara/dsl.rb:52:in `call'
      # /home/ec2-user/.rvm/gems/ruby-3.1.2/gems/capybara-3.39.2/lib/capybara/dsl.rb:52:in `find_field'
      # ./spec/system/02_after_login_spec.rb:360:in `block (4 levels) in <main>'

  59) [STEP2] ユーザログイン後のテスト 自分のユーザ詳細画面のテスト サイドバーの確認 Create Bookボタンが表示される
      Failure/Error: expect(page).to have_button 'Create Book'
        expected to find button "Create Book" that is not disabled but there were no matches
      # ./spec/system/02_after_login_spec.rb:363:in `block (4 levels) in <main>'

  60) [STEP2] ユーザログイン後のテスト 自分のユーザ情報編集画面のテスト 更新成功のテスト introductionが正しく更新される
      Failure/Error: expect(user.reload.introduction).not_to eq @user_old_intrpduction

        expected: value != "nyn9d2yabrq9u45uwj1m"
             got: "nyn9d2yabrq9u45uwj1m"

        (compared using ==)
      # ./spec/system/02_after_login_spec.rb:406:in `block (4 levels) in <main>'

  61) [STEP3] 仕上げのテスト サクセスメッセージのテスト ユーザ新規登録成功時
      Failure/Error: is_expected.to have_content 'successfully'
        expected to find text "successfully" in "Bookers\nHome Users Books Log out\nAboutページ\nCopyRight Infratop.inc"
      # ./spec/system/03_finishing_touches_spec.rb:19:in `block (3 levels) in <main>'

  62) [STEP3] 仕上げのテスト サクセスメッセージのテスト ユーザログイン成功時
      Failure/Error: is_expected.to have_content 'successfully'
        expected to find text "successfully" in "Bookers\nHome Users Books Log out\nAboutページ\nCopyRight Infratop.inc"
      # ./spec/system/03_finishing_touches_spec.rb:26:in `block (3 levels) in <main>'

  63) [STEP3] 仕上げのテスト サクセスメッセージのテスト ユーザログアウト成功時
      Failure/Error: click_link logout_link

      URI::InvalidURIError:
        bad URI(is not URI?): "/users/sign_out "
      # /home/ec2-user/.rvm/gems/ruby-3.1.2/gems/capybara-3.39.2/lib/capybara/rack_test/browser.rb:84:in `build_uri'
      # /home/ec2-user/.rvm/gems/ruby-3.1.2/gems/capybara-3.39.2/lib/capybara/rack_test/browser.rb:54:in `process_and_follow_redirects'
      # /home/ec2-user/.rvm/gems/ruby-3.1.2/gems/capybara-3.39.2/lib/capybara/rack_test/browser.rb:50:in `follow'
      # /home/ec2-user/.rvm/gems/ruby-3.1.2/gems/capybara-3.39.2/lib/capybara/rack_test/node.rb:252:in `follow_link'
      # /home/ec2-user/.rvm/gems/ruby-3.1.2/gems/capybara-3.39.2/lib/capybara/rack_test/node.rb:66:in `click'
      # /home/ec2-user/.rvm/gems/ruby-3.1.2/gems/capybara-3.39.2/lib/capybara/rack_test/node.rb:132:in `call'
      # /home/ec2-user/.rvm/gems/ruby-3.1.2/gems/capybara-3.39.2/lib/capybara/rack_test/node.rb:132:in `click'
      # /home/ec2-user/.rvm/gems/ruby-3.1.2/gems/capybara-3.39.2/lib/capybara/node/element.rb:172:in `block in click'
      # /home/ec2-user/.rvm/gems/ruby-3.1.2/gems/capybara-3.39.2/lib/capybara/node/element.rb:608:in `block in perform_click_action'
      # /home/ec2-user/.rvm/gems/ruby-3.1.2/gems/capybara-3.39.2/lib/capybara/node/base.rb:84:in `synchronize'
      # /home/ec2-user/.rvm/gems/ruby-3.1.2/gems/capybara-3.39.2/lib/capybara/node/element.rb:608:in `perform_click_action'
      # /home/ec2-user/.rvm/gems/ruby-3.1.2/gems/capybara-3.39.2/lib/capybara/node/element.rb:171:in `click'
      # /home/ec2-user/.rvm/gems/ruby-3.1.2/gems/capybara-3.39.2/lib/capybara/node/actions.rb:42:in `click_link'
      # /home/ec2-user/.rvm/gems/ruby-3.1.2/gems/capybara-3.39.2/lib/capybara/session.rb:773:in `click_link'
      # /home/ec2-user/.rvm/gems/ruby-3.1.2/gems/capybara-3.39.2/lib/capybara/dsl.rb:52:in `call'
      # /home/ec2-user/.rvm/gems/ruby-3.1.2/gems/capybara-3.39.2/lib/capybara/dsl.rb:52:in `click_link'
      # ./spec/system/03_finishing_touches_spec.rb:35:in `block (3 levels) in <main>'

  64) [STEP3] 仕上げのテスト サクセスメッセージのテスト ユーザのプロフィール情報更新成功時
      Failure/Error: is_expected.to have_content 'successfully'
        expected to find text "successfully" in "Bookers\nHome Users Books Log out\nUser info\nwwc4xi6hze\nプロフィ―ル編集\nCopyRight Infratop.inc"
      # ./spec/system/03_finishing_touches_spec.rb:45:in `block (3 levels) in <main>'

  65) [STEP3] 仕上げのテスト サクセスメッセージのテスト 投稿データの新規投稿成功時: 投稿一覧画面から行います。
      Failure/Error: is_expected.to have_content 'successfully'
        expected to find text "successfully" in "Bookers\nHome Users Books Log out\nBookers\nNew book\nTitle\nOpinion\nBook details\n0olcd\nbb1vvir2qjqo7dylshqc\n4hf5r\ngmxvnyu3r4q0ntg9vbsv\nxhxce\nu9mi76n2sk4aqv60jd9q\nCopyRight Infratop.inc"
      # ./spec/system/03_finishing_touches_spec.rb:56:in `block (3 levels) in <main>'

  66) [STEP3] 仕上げのテスト サクセスメッセージのテスト 投稿データの更新成功時
      Failure/Error: visit edit_book_path(book)

      NoMethodError:
        undefined method `edit_book_path' for #<RSpec::ExampleGroups::STEP3::Nested "投稿データの更新成功時" (./spec/system/03_finishing_touches_spec.rb:58)>
      # ./spec/system/03_finishing_touches_spec.rb:63:in `block (3 levels) in <main>'

  67) [STEP3] 仕上げのテスト 処理失敗時のテスト ユーザのプロフィール情報編集失敗: nameを1文字にする ユーザ編集画面を表示しており、フォームの内容が正しい
      Failure/Error: expect(page).to have_field 'user[name]', with: @name
        expected to find field "user[name]" that is not disabled but there were no matches
      # ./spec/system/03_finishing_touches_spec.rb:113:in `block (4 levels) in <main>'

  68) [STEP3] 仕上げのテスト 処理失敗時のテスト ユーザのプロフィール情報編集失敗: nameを1文字にする バリデーションエラーが表示される
      Failure/Error: expect(page).to have_content "is too short (minimum is 2 characters)"
        expected to find text "is too short (minimum is 2 characters)" in "Bookers\nHome Users Books Log out\nUser info\n3zj3ojxx3u\nプロフィ―ル編集\nCopyRight Infratop.inc"
      # ./spec/system/03_finishing_touches_spec.rb:116:in `block (4 levels) in <main>'

  69) [STEP3] 仕上げのテスト 処理失敗時のテスト 投稿データの新規投稿失敗: 投稿一覧画面から行い、titleを空にする 投稿一覧画面を表示している
      Failure/Error: expect(page).to have_content book.body
        expected to find text "pmpy3j871qe8xbk2ghfp" in "Bookers\nHome Users Books Log out\nBookers\nNew book\n1 errors prohibited this obj from being saved:\nTitle can't be blank\nTitle\nOpinion\nk64y8rjl28j25vmsc22\nCopyRight Infratop.inc"
      # ./spec/system/03_finishing_touches_spec.rb:137:in `block (4 levels) in <main>'

  70) [STEP3] 仕上げのテスト 処理失敗時のテスト 投稿データの更新失敗: titleを空にする 投稿が更新されない
      Failure/Error: visit edit_book_path(book)

      NoMethodError:
        undefined method `edit_book_path' for #<RSpec::ExampleGroups::STEP3::Nested_2::Title_2 "投稿が更新されない" (./spec/system/03_finishing_touches_spec.rb:162)>
      # ./spec/system/03_finishing_touches_spec.rb:156:in `block (4 levels) in <main>'

  71) [STEP3] 仕上げのテスト 処理失敗時のテスト 投稿データの更新失敗: titleを空にする 投稿編集画面を表示しており、フォームの内容が正しい
      Failure/Error: visit edit_book_path(book)

      NoMethodError:
        undefined method `edit_book_path' for #<RSpec::ExampleGroups::STEP3::Nested_2::Title_2 "投稿編集画面を表示しており、フォームの内容が正しい" (./spec/system/03_finishing_touches_spec.rb:165)>
      # ./spec/system/03_finishing_touches_spec.rb:156:in `block (4 levels) in <main>'

  72) [STEP3] 仕上げのテスト 処理失敗時のテスト 投稿データの更新失敗: titleを空にする エラーメッセージが表示される
      Failure/Error: visit edit_book_path(book)

      NoMethodError:
        undefined method `edit_book_path' for #<RSpec::ExampleGroups::STEP3::Nested_2::Title_2 "エラーメッセージが表示される" (./spec/system/03_finishing_touches_spec.rb:170)>
      # ./spec/system/03_finishing_touches_spec.rb:156:in `block (4 levels) in <main>'

  73) [STEP3] 仕上げのテスト ログインしていない場合のアクセス制限のテスト: アクセスできず、ログイン画面に遷移する ユーザ一覧画面
      Failure/Error: is_expected.to eq '/users/sign_in'

        expected: "/users/sign_in"
             got: "/users"

        (compared using ==)
      # ./spec/system/03_finishing_touches_spec.rb:181:in `block (3 levels) in <main>'

  74) [STEP3] 仕上げのテスト ログインしていない場合のアクセス制限のテスト: アクセスできず、ログイン画面に遷移する ユーザ詳細画面
      Failure/Error: is_expected.to eq '/users/sign_in'

        expected: "/users/sign_in"
             got: "/users/1"

        (compared using ==)
      # ./spec/system/03_finishing_touches_spec.rb:185:in `block (3 levels) in <main>'

  75) [STEP3] 仕上げのテスト ログインしていない場合のアクセス制限のテスト: アクセスできず、ログイン画面に遷移する ユーザ情報編集画面
      Failure/Error: is_expected.to eq '/users/sign_in'

        expected: "/users/sign_in"
             got: "/users/1/edit"

        (compared using ==)
      # ./spec/system/03_finishing_touches_spec.rb:189:in `block (3 levels) in <main>'

  76) [STEP3] 仕上げのテスト ログインしていない場合のアクセス制限のテスト: アクセスできず、ログイン画面に遷移する 投稿一覧画面
      Failure/Error: is_expected.to eq '/users/sign_in'

        expected: "/users/sign_in"
             got: "/books"

        (compared using ==)
      # ./spec/system/03_finishing_touches_spec.rb:193:in `block (3 levels) in <main>'

  77) [STEP3] 仕上げのテスト ログインしていない場合のアクセス制限のテスト: アクセスできず、ログイン画面に遷移する 投稿詳細画面
      Failure/Error: Unable to find matching line in /home/ec2-user/environment/Bookers2/app/views/books/show.html.erb

      ActionView::SyntaxErrorInTemplate:
        Encountered a syntax error while rendering template: check <%= render 'bookers', book: @book %>

        <h1>Book detail</h1>
          <div>
            <p><%= image_tag 'sample-author1.jpg' %></p>
            <%= link_to book_path(book.id) do %>
              <p><%= image_tag book.user.get_profile_image(100,100) %></p>
              <p><%= book.title %></p>
            <% end %>
            <p><%= book.body %></p>
          </div>
        <% end %>
      # ./app/views/books/show.html.erb:14: syntax error, unexpected `end', expecting end-of-input
      #           end
      #           ^~~
      # ./app/views/books/show.html.erb:14: syntax error, unexpected `end', expecting end-of-input
      #           end
      #           ^~~
      # /home/ec2-user/.rvm/gems/ruby-3.1.2/gems/actiontext-6.1.7.4/lib/action_text/rendering.rb:20:in `with_renderer'
      # /home/ec2-user/.rvm/gems/ruby-3.1.2/gems/actiontext-6.1.7.4/lib/action_text/engine.rb:59:in `block (4 levels) in <class:Engine>'
      # /home/ec2-user/.rvm/gems/ruby-3.1.2/gems/warden-1.2.9/lib/warden/manager.rb:36:in `block in call'
      # /home/ec2-user/.rvm/gems/ruby-3.1.2/gems/warden-1.2.9/lib/warden/manager.rb:34:in `catch'
      # /home/ec2-user/.rvm/gems/ruby-3.1.2/gems/warden-1.2.9/lib/warden/manager.rb:34:in `call'
      # /home/ec2-user/.rvm/gems/ruby-3.1.2/gems/rack-2.2.8/lib/rack/tempfile_reaper.rb:15:in `call'
      # /home/ec2-user/.rvm/gems/ruby-3.1.2/gems/rack-2.2.8/lib/rack/etag.rb:27:in `call'
      # /home/ec2-user/.rvm/gems/ruby-3.1.2/gems/rack-2.2.8/lib/rack/conditional_get.rb:27:in `call'
      # /home/ec2-user/.rvm/gems/ruby-3.1.2/gems/rack-2.2.8/lib/rack/head.rb:12:in `call'
      # /home/ec2-user/.rvm/gems/ruby-3.1.2/gems/rack-2.2.8/lib/rack/session/abstract/id.rb:266:in `context'
      # /home/ec2-user/.rvm/gems/ruby-3.1.2/gems/rack-2.2.8/lib/rack/session/abstract/id.rb:260:in `call'
      # /home/ec2-user/.rvm/gems/ruby-3.1.2/gems/railties-6.1.7.4/lib/rails/rack/logger.rb:37:in `call_app'
      # /home/ec2-user/.rvm/gems/ruby-3.1.2/gems/railties-6.1.7.4/lib/rails/rack/logger.rb:26:in `block in call'
      # /home/ec2-user/.rvm/gems/ruby-3.1.2/gems/railties-6.1.7.4/lib/rails/rack/logger.rb:26:in `call'
      # /home/ec2-user/.rvm/gems/ruby-3.1.2/gems/rack-2.2.8/lib/rack/method_override.rb:24:in `call'
      # /home/ec2-user/.rvm/gems/ruby-3.1.2/gems/rack-2.2.8/lib/rack/runtime.rb:22:in `call'
      # /home/ec2-user/.rvm/gems/ruby-3.1.2/gems/rack-2.2.8/lib/rack/sendfile.rb:110:in `call'
      # /home/ec2-user/.rvm/gems/ruby-3.1.2/gems/railties-6.1.7.4/lib/rails/engine.rb:539:in `call'
      # /home/ec2-user/.rvm/gems/ruby-3.1.2/gems/rack-2.2.8/lib/rack/urlmap.rb:74:in `block in call'
      # /home/ec2-user/.rvm/gems/ruby-3.1.2/gems/rack-2.2.8/lib/rack/urlmap.rb:58:in `each'
      # /home/ec2-user/.rvm/gems/ruby-3.1.2/gems/rack-2.2.8/lib/rack/urlmap.rb:58:in `call'
      # /home/ec2-user/.rvm/gems/ruby-3.1.2/gems/rack-2.2.8/lib/rack/builder.rb:244:in `call'
      # /home/ec2-user/.rvm/gems/ruby-3.1.2/gems/rack-test-2.1.0/lib/rack/test.rb:360:in `process_request'
      # /home/ec2-user/.rvm/gems/ruby-3.1.2/gems/rack-test-2.1.0/lib/rack/test.rb:163:in `custom_request'
      # /home/ec2-user/.rvm/gems/ruby-3.1.2/gems/rack-test-2.1.0/lib/rack/test.rb:112:in `get'
      # /home/ec2-user/.rvm/gems/ruby-3.1.2/gems/capybara-3.39.2/lib/capybara/rack_test/browser.rb:80:in `process'
      # /home/ec2-user/.rvm/gems/ruby-3.1.2/gems/capybara-3.39.2/lib/capybara/rack_test/browser.rb:55:in `process_and_follow_redirects'
      # /home/ec2-user/.rvm/gems/ruby-3.1.2/gems/capybara-3.39.2/lib/capybara/rack_test/browser.rb:26:in `visit'
      # /home/ec2-user/.rvm/gems/ruby-3.1.2/gems/capybara-3.39.2/lib/capybara/rack_test/driver.rb:46:in `visit'
      # /home/ec2-user/.rvm/gems/ruby-3.1.2/gems/capybara-3.39.2/lib/capybara/session.rb:280:in `visit'
      # /home/ec2-user/.rvm/gems/ruby-3.1.2/gems/capybara-3.39.2/lib/capybara/dsl.rb:52:in `call'
      # /home/ec2-user/.rvm/gems/ruby-3.1.2/gems/capybara-3.39.2/lib/capybara/dsl.rb:52:in `visit'
      # ./spec/system/03_finishing_touches_spec.rb:196:in `block (3 levels) in <main>'
      # ------------------
      # --- Caused by: ---
      # SyntaxError:
      #   /home/ec2-user/environment/Bookers2/app/views/books/show.html.erb:14: syntax error, unexpected `end', expecting end-of-input
      #             end
      #             ^~~
      #   ./app/views/books/show.html.erb:14: syntax error, unexpected `end', expecting end-of-input

  78) [STEP3] 仕上げのテスト ログインしていない場合のアクセス制限のテスト: アクセスできず、ログイン画面に遷移する 投稿編集画面
      Failure/Error: visit edit_book_path(book)

      NoMethodError:
        undefined method `edit_book_path' for #<RSpec::ExampleGroups::STEP3::Nested_3 "投稿編集画面" (./spec/system/03_finishing_touches_spec.rb:199)>
      # ./spec/system/03_finishing_touches_spec.rb:200:in `block (3 levels) in <main>'

  79) [STEP3] 仕上げのテスト 他人の画面のテスト 他人の投稿詳細画面のテスト 表示内容の確認 URLが正しい
      Failure/Error: Unable to find matching line in /home/ec2-user/environment/Bookers2/app/views/books/show.html.erb

      ActionView::SyntaxErrorInTemplate:
        Encountered a syntax error while rendering template: check <%= render 'bookers', book: @book %>

        <h1>Book detail</h1>
          <div>
            <p><%= image_tag 'sample-author1.jpg' %></p>
            <%= link_to book_path(book.id) do %>
              <p><%= image_tag book.user.get_profile_image(100,100) %></p>
              <p><%= book.title %></p>
            <% end %>
            <p><%= book.body %></p>
          </div>
        <% end %>
      # ./app/views/books/show.html.erb:14: syntax error, unexpected `end', expecting end-of-input
      #           end
      #           ^~~
      # ./app/views/books/show.html.erb:14: syntax error, unexpected `end', expecting end-of-input
      #           end
      #           ^~~
      # /home/ec2-user/.rvm/gems/ruby-3.1.2/gems/actiontext-6.1.7.4/lib/action_text/rendering.rb:20:in `with_renderer'
      # /home/ec2-user/.rvm/gems/ruby-3.1.2/gems/actiontext-6.1.7.4/lib/action_text/engine.rb:59:in `block (4 levels) in <class:Engine>'
      # /home/ec2-user/.rvm/gems/ruby-3.1.2/gems/warden-1.2.9/lib/warden/manager.rb:36:in `block in call'
      # /home/ec2-user/.rvm/gems/ruby-3.1.2/gems/warden-1.2.9/lib/warden/manager.rb:34:in `catch'
      # /home/ec2-user/.rvm/gems/ruby-3.1.2/gems/warden-1.2.9/lib/warden/manager.rb:34:in `call'
      # /home/ec2-user/.rvm/gems/ruby-3.1.2/gems/rack-2.2.8/lib/rack/tempfile_reaper.rb:15:in `call'
      # /home/ec2-user/.rvm/gems/ruby-3.1.2/gems/rack-2.2.8/lib/rack/etag.rb:27:in `call'
      # /home/ec2-user/.rvm/gems/ruby-3.1.2/gems/rack-2.2.8/lib/rack/conditional_get.rb:27:in `call'
      # /home/ec2-user/.rvm/gems/ruby-3.1.2/gems/rack-2.2.8/lib/rack/head.rb:12:in `call'
      # /home/ec2-user/.rvm/gems/ruby-3.1.2/gems/rack-2.2.8/lib/rack/session/abstract/id.rb:266:in `context'
      # /home/ec2-user/.rvm/gems/ruby-3.1.2/gems/rack-2.2.8/lib/rack/session/abstract/id.rb:260:in `call'
      # /home/ec2-user/.rvm/gems/ruby-3.1.2/gems/railties-6.1.7.4/lib/rails/rack/logger.rb:37:in `call_app'
      # /home/ec2-user/.rvm/gems/ruby-3.1.2/gems/railties-6.1.7.4/lib/rails/rack/logger.rb:26:in `block in call'
      # /home/ec2-user/.rvm/gems/ruby-3.1.2/gems/railties-6.1.7.4/lib/rails/rack/logger.rb:26:in `call'
      # /home/ec2-user/.rvm/gems/ruby-3.1.2/gems/rack-2.2.8/lib/rack/method_override.rb:24:in `call'
      # /home/ec2-user/.rvm/gems/ruby-3.1.2/gems/rack-2.2.8/lib/rack/runtime.rb:22:in `call'
      # /home/ec2-user/.rvm/gems/ruby-3.1.2/gems/rack-2.2.8/lib/rack/sendfile.rb:110:in `call'
      # /home/ec2-user/.rvm/gems/ruby-3.1.2/gems/railties-6.1.7.4/lib/rails/engine.rb:539:in `call'
      # /home/ec2-user/.rvm/gems/ruby-3.1.2/gems/rack-2.2.8/lib/rack/urlmap.rb:74:in `block in call'
      # /home/ec2-user/.rvm/gems/ruby-3.1.2/gems/rack-2.2.8/lib/rack/urlmap.rb:58:in `each'
      # /home/ec2-user/.rvm/gems/ruby-3.1.2/gems/rack-2.2.8/lib/rack/urlmap.rb:58:in `call'
      # /home/ec2-user/.rvm/gems/ruby-3.1.2/gems/rack-2.2.8/lib/rack/builder.rb:244:in `call'
      # /home/ec2-user/.rvm/gems/ruby-3.1.2/gems/rack-test-2.1.0/lib/rack/test.rb:360:in `process_request'
      # /home/ec2-user/.rvm/gems/ruby-3.1.2/gems/rack-test-2.1.0/lib/rack/test.rb:163:in `custom_request'
      # /home/ec2-user/.rvm/gems/ruby-3.1.2/gems/rack-test-2.1.0/lib/rack/test.rb:112:in `get'
      # /home/ec2-user/.rvm/gems/ruby-3.1.2/gems/capybara-3.39.2/lib/capybara/rack_test/browser.rb:80:in `process'
      # /home/ec2-user/.rvm/gems/ruby-3.1.2/gems/capybara-3.39.2/lib/capybara/rack_test/browser.rb:55:in `process_and_follow_redirects'
      # /home/ec2-user/.rvm/gems/ruby-3.1.2/gems/capybara-3.39.2/lib/capybara/rack_test/browser.rb:26:in `visit'
      # /home/ec2-user/.rvm/gems/ruby-3.1.2/gems/capybara-3.39.2/lib/capybara/rack_test/driver.rb:46:in `visit'
      # /home/ec2-user/.rvm/gems/ruby-3.1.2/gems/capybara-3.39.2/lib/capybara/session.rb:280:in `visit'
      # /home/ec2-user/.rvm/gems/ruby-3.1.2/gems/capybara-3.39.2/lib/capybara/dsl.rb:52:in `call'
      # /home/ec2-user/.rvm/gems/ruby-3.1.2/gems/capybara-3.39.2/lib/capybara/dsl.rb:52:in `visit'
      # ./spec/system/03_finishing_touches_spec.rb:215:in `block (4 levels) in <main>'
      # ------------------
      # --- Caused by: ---
      # SyntaxError:
      #   /home/ec2-user/environment/Bookers2/app/views/books/show.html.erb:14: syntax error, unexpected `end', expecting end-of-input
      #             end
      #             ^~~
      #   ./app/views/books/show.html.erb:14: syntax error, unexpected `end', expecting end-of-input

  80) [STEP3] 仕上げのテスト 他人の画面のテスト 他人の投稿詳細画面のテスト 表示内容の確認 「Book detail」と表示される
      Failure/Error: Unable to find matching line in /home/ec2-user/environment/Bookers2/app/views/books/show.html.erb

      ActionView::SyntaxErrorInTemplate:
        Encountered a syntax error while rendering template: check <%= render 'bookers', book: @book %>

        <h1>Book detail</h1>
          <div>
            <p><%= image_tag 'sample-author1.jpg' %></p>
            <%= link_to book_path(book.id) do %>
              <p><%= image_tag book.user.get_profile_image(100,100) %></p>
              <p><%= book.title %></p>
            <% end %>
            <p><%= book.body %></p>
          </div>
        <% end %>
      # ./app/views/books/show.html.erb:14: syntax error, unexpected `end', expecting end-of-input
      #           end
      #           ^~~
      # ./app/views/books/show.html.erb:14: syntax error, unexpected `end', expecting end-of-input
      #           end
      #           ^~~
      # /home/ec2-user/.rvm/gems/ruby-3.1.2/gems/actiontext-6.1.7.4/lib/action_text/rendering.rb:20:in `with_renderer'
      # /home/ec2-user/.rvm/gems/ruby-3.1.2/gems/actiontext-6.1.7.4/lib/action_text/engine.rb:59:in `block (4 levels) in <class:Engine>'
      # /home/ec2-user/.rvm/gems/ruby-3.1.2/gems/warden-1.2.9/lib/warden/manager.rb:36:in `block in call'
      # /home/ec2-user/.rvm/gems/ruby-3.1.2/gems/warden-1.2.9/lib/warden/manager.rb:34:in `catch'
      # /home/ec2-user/.rvm/gems/ruby-3.1.2/gems/warden-1.2.9/lib/warden/manager.rb:34:in `call'
      # /home/ec2-user/.rvm/gems/ruby-3.1.2/gems/rack-2.2.8/lib/rack/tempfile_reaper.rb:15:in `call'
      # /home/ec2-user/.rvm/gems/ruby-3.1.2/gems/rack-2.2.8/lib/rack/etag.rb:27:in `call'
      # /home/ec2-user/.rvm/gems/ruby-3.1.2/gems/rack-2.2.8/lib/rack/conditional_get.rb:27:in `call'
      # /home/ec2-user/.rvm/gems/ruby-3.1.2/gems/rack-2.2.8/lib/rack/head.rb:12:in `call'
      # /home/ec2-user/.rvm/gems/ruby-3.1.2/gems/rack-2.2.8/lib/rack/session/abstract/id.rb:266:in `context'
      # /home/ec2-user/.rvm/gems/ruby-3.1.2/gems/rack-2.2.8/lib/rack/session/abstract/id.rb:260:in `call'
      # /home/ec2-user/.rvm/gems/ruby-3.1.2/gems/railties-6.1.7.4/lib/rails/rack/logger.rb:37:in `call_app'
      # /home/ec2-user/.rvm/gems/ruby-3.1.2/gems/railties-6.1.7.4/lib/rails/rack/logger.rb:26:in `block in call'
      # /home/ec2-user/.rvm/gems/ruby-3.1.2/gems/railties-6.1.7.4/lib/rails/rack/logger.rb:26:in `call'
      # /home/ec2-user/.rvm/gems/ruby-3.1.2/gems/rack-2.2.8/lib/rack/method_override.rb:24:in `call'
      # /home/ec2-user/.rvm/gems/ruby-3.1.2/gems/rack-2.2.8/lib/rack/runtime.rb:22:in `call'
      # /home/ec2-user/.rvm/gems/ruby-3.1.2/gems/rack-2.2.8/lib/rack/sendfile.rb:110:in `call'
      # /home/ec2-user/.rvm/gems/ruby-3.1.2/gems/railties-6.1.7.4/lib/rails/engine.rb:539:in `call'
      # /home/ec2-user/.rvm/gems/ruby-3.1.2/gems/rack-2.2.8/lib/rack/urlmap.rb:74:in `block in call'
      # /home/ec2-user/.rvm/gems/ruby-3.1.2/gems/rack-2.2.8/lib/rack/urlmap.rb:58:in `each'
      # /home/ec2-user/.rvm/gems/ruby-3.1.2/gems/rack-2.2.8/lib/rack/urlmap.rb:58:in `call'
      # /home/ec2-user/.rvm/gems/ruby-3.1.2/gems/rack-2.2.8/lib/rack/builder.rb:244:in `call'
      # /home/ec2-user/.rvm/gems/ruby-3.1.2/gems/rack-test-2.1.0/lib/rack/test.rb:360:in `process_request'
      # /home/ec2-user/.rvm/gems/ruby-3.1.2/gems/rack-test-2.1.0/lib/rack/test.rb:163:in `custom_request'
      # /home/ec2-user/.rvm/gems/ruby-3.1.2/gems/rack-test-2.1.0/lib/rack/test.rb:112:in `get'
      # /home/ec2-user/.rvm/gems/ruby-3.1.2/gems/capybara-3.39.2/lib/capybara/rack_test/browser.rb:80:in `process'
      # /home/ec2-user/.rvm/gems/ruby-3.1.2/gems/capybara-3.39.2/lib/capybara/rack_test/browser.rb:55:in `process_and_follow_redirects'
      # /home/ec2-user/.rvm/gems/ruby-3.1.2/gems/capybara-3.39.2/lib/capybara/rack_test/browser.rb:26:in `visit'
      # /home/ec2-user/.rvm/gems/ruby-3.1.2/gems/capybara-3.39.2/lib/capybara/rack_test/driver.rb:46:in `visit'
      # /home/ec2-user/.rvm/gems/ruby-3.1.2/gems/capybara-3.39.2/lib/capybara/session.rb:280:in `visit'
      # /home/ec2-user/.rvm/gems/ruby-3.1.2/gems/capybara-3.39.2/lib/capybara/dsl.rb:52:in `call'
      # /home/ec2-user/.rvm/gems/ruby-3.1.2/gems/capybara-3.39.2/lib/capybara/dsl.rb:52:in `visit'
      # ./spec/system/03_finishing_touches_spec.rb:215:in `block (4 levels) in <main>'
      # ------------------
      # --- Caused by: ---
      # SyntaxError:
      #   /home/ec2-user/environment/Bookers2/app/views/books/show.html.erb:14: syntax error, unexpected `end', expecting end-of-input
      #             end
      #             ^~~
      #   ./app/views/books/show.html.erb:14: syntax error, unexpected `end', expecting end-of-input

  81) [STEP3] 仕上げのテスト 他人の画面のテスト 他人の投稿詳細画面のテスト 表示内容の確認 ユーザ画像・名前のリンク先が正しい
      Failure/Error: Unable to find matching line in /home/ec2-user/environment/Bookers2/app/views/books/show.html.erb

      ActionView::SyntaxErrorInTemplate:
        Encountered a syntax error while rendering template: check <%= render 'bookers', book: @book %>

        <h1>Book detail</h1>
          <div>
            <p><%= image_tag 'sample-author1.jpg' %></p>
            <%= link_to book_path(book.id) do %>
              <p><%= image_tag book.user.get_profile_image(100,100) %></p>
              <p><%= book.title %></p>
            <% end %>
            <p><%= book.body %></p>
          </div>
        <% end %>
      # ./app/views/books/show.html.erb:14: syntax error, unexpected `end', expecting end-of-input
      #           end
      #           ^~~
      # ./app/views/books/show.html.erb:14: syntax error, unexpected `end', expecting end-of-input
      #           end
      #           ^~~
      # /home/ec2-user/.rvm/gems/ruby-3.1.2/gems/actiontext-6.1.7.4/lib/action_text/rendering.rb:20:in `with_renderer'
      # /home/ec2-user/.rvm/gems/ruby-3.1.2/gems/actiontext-6.1.7.4/lib/action_text/engine.rb:59:in `block (4 levels) in <class:Engine>'
      # /home/ec2-user/.rvm/gems/ruby-3.1.2/gems/warden-1.2.9/lib/warden/manager.rb:36:in `block in call'
      # /home/ec2-user/.rvm/gems/ruby-3.1.2/gems/warden-1.2.9/lib/warden/manager.rb:34:in `catch'
      # /home/ec2-user/.rvm/gems/ruby-3.1.2/gems/warden-1.2.9/lib/warden/manager.rb:34:in `call'
      # /home/ec2-user/.rvm/gems/ruby-3.1.2/gems/rack-2.2.8/lib/rack/tempfile_reaper.rb:15:in `call'
      # /home/ec2-user/.rvm/gems/ruby-3.1.2/gems/rack-2.2.8/lib/rack/etag.rb:27:in `call'
      # /home/ec2-user/.rvm/gems/ruby-3.1.2/gems/rack-2.2.8/lib/rack/conditional_get.rb:27:in `call'
      # /home/ec2-user/.rvm/gems/ruby-3.1.2/gems/rack-2.2.8/lib/rack/head.rb:12:in `call'
      # /home/ec2-user/.rvm/gems/ruby-3.1.2/gems/rack-2.2.8/lib/rack/session/abstract/id.rb:266:in `context'
      # /home/ec2-user/.rvm/gems/ruby-3.1.2/gems/rack-2.2.8/lib/rack/session/abstract/id.rb:260:in `call'
      # /home/ec2-user/.rvm/gems/ruby-3.1.2/gems/railties-6.1.7.4/lib/rails/rack/logger.rb:37:in `call_app'
      # /home/ec2-user/.rvm/gems/ruby-3.1.2/gems/railties-6.1.7.4/lib/rails/rack/logger.rb:26:in `block in call'
      # /home/ec2-user/.rvm/gems/ruby-3.1.2/gems/railties-6.1.7.4/lib/rails/rack/logger.rb:26:in `call'
      # /home/ec2-user/.rvm/gems/ruby-3.1.2/gems/rack-2.2.8/lib/rack/method_override.rb:24:in `call'
      # /home/ec2-user/.rvm/gems/ruby-3.1.2/gems/rack-2.2.8/lib/rack/runtime.rb:22:in `call'
      # /home/ec2-user/.rvm/gems/ruby-3.1.2/gems/rack-2.2.8/lib/rack/sendfile.rb:110:in `call'
      # /home/ec2-user/.rvm/gems/ruby-3.1.2/gems/railties-6.1.7.4/lib/rails/engine.rb:539:in `call'
      # /home/ec2-user/.rvm/gems/ruby-3.1.2/gems/rack-2.2.8/lib/rack/urlmap.rb:74:in `block in call'
      # /home/ec2-user/.rvm/gems/ruby-3.1.2/gems/rack-2.2.8/lib/rack/urlmap.rb:58:in `each'
      # /home/ec2-user/.rvm/gems/ruby-3.1.2/gems/rack-2.2.8/lib/rack/urlmap.rb:58:in `call'
      # /home/ec2-user/.rvm/gems/ruby-3.1.2/gems/rack-2.2.8/lib/rack/builder.rb:244:in `call'
      # /home/ec2-user/.rvm/gems/ruby-3.1.2/gems/rack-test-2.1.0/lib/rack/test.rb:360:in `process_request'
      # /home/ec2-user/.rvm/gems/ruby-3.1.2/gems/rack-test-2.1.0/lib/rack/test.rb:163:in `custom_request'
      # /home/ec2-user/.rvm/gems/ruby-3.1.2/gems/rack-test-2.1.0/lib/rack/test.rb:112:in `get'
      # /home/ec2-user/.rvm/gems/ruby-3.1.2/gems/capybara-3.39.2/lib/capybara/rack_test/browser.rb:80:in `process'
      # /home/ec2-user/.rvm/gems/ruby-3.1.2/gems/capybara-3.39.2/lib/capybara/rack_test/browser.rb:55:in `process_and_follow_redirects'
      # /home/ec2-user/.rvm/gems/ruby-3.1.2/gems/capybara-3.39.2/lib/capybara/rack_test/browser.rb:26:in `visit'
      # /home/ec2-user/.rvm/gems/ruby-3.1.2/gems/capybara-3.39.2/lib/capybara/rack_test/driver.rb:46:in `visit'
      # /home/ec2-user/.rvm/gems/ruby-3.1.2/gems/capybara-3.39.2/lib/capybara/session.rb:280:in `visit'
      # /home/ec2-user/.rvm/gems/ruby-3.1.2/gems/capybara-3.39.2/lib/capybara/dsl.rb:52:in `call'
      # /home/ec2-user/.rvm/gems/ruby-3.1.2/gems/capybara-3.39.2/lib/capybara/dsl.rb:52:in `visit'
      # ./spec/system/03_finishing_touches_spec.rb:215:in `block (4 levels) in <main>'
      # ------------------
      # --- Caused by: ---
      # SyntaxError:
      #   /home/ec2-user/environment/Bookers2/app/views/books/show.html.erb:14: syntax error, unexpected `end', expecting end-of-input
      #             end
      #             ^~~
      #   ./app/views/books/show.html.erb:14: syntax error, unexpected `end', expecting end-of-input

  82) [STEP3] 仕上げのテスト 他人の画面のテスト 他人の投稿詳細画面のテスト 表示内容の確認 投稿のtitleが表示される
      Failure/Error: let!(:user) { create(:user) }

      ActiveRecord::StatementInvalid:
        SQLite3::BusyException: database is locked
      # /home/ec2-user/.rvm/gems/ruby-3.1.2/gems/sqlite3-1.6.3-x86_64-linux/lib/sqlite3/statement.rb:108:in `step'
      # /home/ec2-user/.rvm/gems/ruby-3.1.2/gems/sqlite3-1.6.3-x86_64-linux/lib/sqlite3/statement.rb:108:in `block in each'
      # /home/ec2-user/.rvm/gems/ruby-3.1.2/gems/sqlite3-1.6.3-x86_64-linux/lib/sqlite3/statement.rb:107:in `loop'
      # /home/ec2-user/.rvm/gems/ruby-3.1.2/gems/sqlite3-1.6.3-x86_64-linux/lib/sqlite3/statement.rb:107:in `each'
      # /home/ec2-user/.rvm/gems/ruby-3.1.2/gems/factory_bot-6.2.1/lib/factory_bot/evaluation.rb:18:in `create'
      # /home/ec2-user/.rvm/gems/ruby-3.1.2/gems/factory_bot-6.2.1/lib/factory_bot/strategy/create.rb:12:in `block in result'
      # /home/ec2-user/.rvm/gems/ruby-3.1.2/gems/factory_bot-6.2.1/lib/factory_bot/strategy/create.rb:9:in `result'
      # /home/ec2-user/.rvm/gems/ruby-3.1.2/gems/factory_bot-6.2.1/lib/factory_bot/factory.rb:43:in `run'
      # /home/ec2-user/.rvm/gems/ruby-3.1.2/gems/factory_bot-6.2.1/lib/factory_bot/factory_runner.rb:29:in `block in run'
      # /home/ec2-user/.rvm/gems/ruby-3.1.2/gems/factory_bot-6.2.1/lib/factory_bot/factory_runner.rb:28:in `run'
      # /home/ec2-user/.rvm/gems/ruby-3.1.2/gems/factory_bot-6.2.1/lib/factory_bot/strategy_syntax_method_registrar.rb:28:in `block in define_singular_strategy_method'
      # ./spec/system/03_finishing_touches_spec.rb:4:in `block (2 levels) in <main>'
      # ------------------
      # --- Caused by: ---
      # SQLite3::BusyException:
      #   database is locked
      #   /home/ec2-user/.rvm/gems/ruby-3.1.2/gems/sqlite3-1.6.3-x86_64-linux/lib/sqlite3/statement.rb:108:in `step'

  83) [STEP3] 仕上げのテスト 他人の画面のテスト 他人の投稿詳細画面のテスト 表示内容の確認 投稿のopinionが表示される
      Failure/Error: let!(:user) { create(:user) }

      ActiveRecord::StatementInvalid:
        SQLite3::BusyException: database is locked
      # /home/ec2-user/.rvm/gems/ruby-3.1.2/gems/sqlite3-1.6.3-x86_64-linux/lib/sqlite3/statement.rb:108:in `step'
      # /home/ec2-user/.rvm/gems/ruby-3.1.2/gems/sqlite3-1.6.3-x86_64-linux/lib/sqlite3/statement.rb:108:in `block in each'
      # /home/ec2-user/.rvm/gems/ruby-3.1.2/gems/sqlite3-1.6.3-x86_64-linux/lib/sqlite3/statement.rb:107:in `loop'
      # /home/ec2-user/.rvm/gems/ruby-3.1.2/gems/sqlite3-1.6.3-x86_64-linux/lib/sqlite3/statement.rb:107:in `each'
      # /home/ec2-user/.rvm/gems/ruby-3.1.2/gems/factory_bot-6.2.1/lib/factory_bot/evaluation.rb:18:in `create'
      # /home/ec2-user/.rvm/gems/ruby-3.1.2/gems/factory_bot-6.2.1/lib/factory_bot/strategy/create.rb:12:in `block in result'
      # /home/ec2-user/.rvm/gems/ruby-3.1.2/gems/factory_bot-6.2.1/lib/factory_bot/strategy/create.rb:9:in `result'
      # /home/ec2-user/.rvm/gems/ruby-3.1.2/gems/factory_bot-6.2.1/lib/factory_bot/factory.rb:43:in `run'
      # /home/ec2-user/.rvm/gems/ruby-3.1.2/gems/factory_bot-6.2.1/lib/factory_bot/factory_runner.rb:29:in `block in run'
      # /home/ec2-user/.rvm/gems/ruby-3.1.2/gems/factory_bot-6.2.1/lib/factory_bot/factory_runner.rb:28:in `run'
      # /home/ec2-user/.rvm/gems/ruby-3.1.2/gems/factory_bot-6.2.1/lib/factory_bot/strategy_syntax_method_registrar.rb:28:in `block in define_singular_strategy_method'
      # ./spec/system/03_finishing_touches_spec.rb:4:in `block (2 levels) in <main>'
      # ------------------
      # --- Caused by: ---
      # SQLite3::BusyException:
      #   database is locked
      #   /home/ec2-user/.rvm/gems/ruby-3.1.2/gems/sqlite3-1.6.3-x86_64-linux/lib/sqlite3/statement.rb:108:in `step'

  84) [STEP3] 仕上げのテスト 他人の画面のテスト 他人の投稿詳細画面のテスト 表示内容の確認 投稿の編集リンクが表示されない
      Failure/Error: let!(:user) { create(:user) }

      ActiveRecord::StatementInvalid:
        SQLite3::BusyException: database is locked
      # /home/ec2-user/.rvm/gems/ruby-3.1.2/gems/sqlite3-1.6.3-x86_64-linux/lib/sqlite3/statement.rb:108:in `step'
      # /home/ec2-user/.rvm/gems/ruby-3.1.2/gems/sqlite3-1.6.3-x86_64-linux/lib/sqlite3/statement.rb:108:in `block in each'
      # /home/ec2-user/.rvm/gems/ruby-3.1.2/gems/sqlite3-1.6.3-x86_64-linux/lib/sqlite3/statement.rb:107:in `loop'
      # /home/ec2-user/.rvm/gems/ruby-3.1.2/gems/sqlite3-1.6.3-x86_64-linux/lib/sqlite3/statement.rb:107:in `each'
      # /home/ec2-user/.rvm/gems/ruby-3.1.2/gems/factory_bot-6.2.1/lib/factory_bot/evaluation.rb:18:in `create'
      # /home/ec2-user/.rvm/gems/ruby-3.1.2/gems/factory_bot-6.2.1/lib/factory_bot/strategy/create.rb:12:in `block in result'
      # /home/ec2-user/.rvm/gems/ruby-3.1.2/gems/factory_bot-6.2.1/lib/factory_bot/strategy/create.rb:9:in `result'
      # /home/ec2-user/.rvm/gems/ruby-3.1.2/gems/factory_bot-6.2.1/lib/factory_bot/factory.rb:43:in `run'
      # /home/ec2-user/.rvm/gems/ruby-3.1.2/gems/factory_bot-6.2.1/lib/factory_bot/factory_runner.rb:29:in `block in run'
      # /home/ec2-user/.rvm/gems/ruby-3.1.2/gems/factory_bot-6.2.1/lib/factory_bot/factory_runner.rb:28:in `run'
      # /home/ec2-user/.rvm/gems/ruby-3.1.2/gems/factory_bot-6.2.1/lib/factory_bot/strategy_syntax_method_registrar.rb:28:in `block in define_singular_strategy_method'
      # ./spec/system/03_finishing_touches_spec.rb:4:in `block (2 levels) in <main>'
      # ------------------
      # --- Caused by: ---
      # SQLite3::BusyException:
      #   database is locked
      #   /home/ec2-user/.rvm/gems/ruby-3.1.2/gems/sqlite3-1.6.3-x86_64-linux/lib/sqlite3/statement.rb:108:in `step'

  85) [STEP3] 仕上げのテスト 他人の画面のテスト 他人の投稿詳細画面のテスト 表示内容の確認 投稿の削除リンクが表示されない
      Failure/Error: let!(:user) { create(:user) }

      ActiveRecord::StatementInvalid:
        SQLite3::BusyException: database is locked
      # /home/ec2-user/.rvm/gems/ruby-3.1.2/gems/sqlite3-1.6.3-x86_64-linux/lib/sqlite3/statement.rb:108:in `step'
      # /home/ec2-user/.rvm/gems/ruby-3.1.2/gems/sqlite3-1.6.3-x86_64-linux/lib/sqlite3/statement.rb:108:in `block in each'
      # /home/ec2-user/.rvm/gems/ruby-3.1.2/gems/sqlite3-1.6.3-x86_64-linux/lib/sqlite3/statement.rb:107:in `loop'
      # /home/ec2-user/.rvm/gems/ruby-3.1.2/gems/sqlite3-1.6.3-x86_64-linux/lib/sqlite3/statement.rb:107:in `each'
      # /home/ec2-user/.rvm/gems/ruby-3.1.2/gems/factory_bot-6.2.1/lib/factory_bot/evaluation.rb:18:in `create'
      # /home/ec2-user/.rvm/gems/ruby-3.1.2/gems/factory_bot-6.2.1/lib/factory_bot/strategy/create.rb:12:in `block in result'
      # /home/ec2-user/.rvm/gems/ruby-3.1.2/gems/factory_bot-6.2.1/lib/factory_bot/strategy/create.rb:9:in `result'
      # /home/ec2-user/.rvm/gems/ruby-3.1.2/gems/factory_bot-6.2.1/lib/factory_bot/factory.rb:43:in `run'
      # /home/ec2-user/.rvm/gems/ruby-3.1.2/gems/factory_bot-6.2.1/lib/factory_bot/factory_runner.rb:29:in `block in run'
      # /home/ec2-user/.rvm/gems/ruby-3.1.2/gems/factory_bot-6.2.1/lib/factory_bot/factory_runner.rb:28:in `run'
      # /home/ec2-user/.rvm/gems/ruby-3.1.2/gems/factory_bot-6.2.1/lib/factory_bot/strategy_syntax_method_registrar.rb:28:in `block in define_singular_strategy_method'
      # ./spec/system/03_finishing_touches_spec.rb:4:in `block (2 levels) in <main>'
      # ------------------
      # --- Caused by: ---
      # SQLite3::BusyException:
      #   database is locked
      #   /home/ec2-user/.rvm/gems/ruby-3.1.2/gems/sqlite3-1.6.3-x86_64-linux/lib/sqlite3/statement.rb:108:in `step'

  86) [STEP3] 仕上げのテスト 他人の画面のテスト 他人の投稿詳細画面のテスト サイドバーの確認 他人の名前と紹介文が表示される
      Failure/Error: let!(:user) { create(:user) }

      ActiveRecord::StatementInvalid:
        SQLite3::BusyException: database is locked
      # /home/ec2-user/.rvm/gems/ruby-3.1.2/gems/sqlite3-1.6.3-x86_64-linux/lib/sqlite3/statement.rb:108:in `step'
      # /home/ec2-user/.rvm/gems/ruby-3.1.2/gems/sqlite3-1.6.3-x86_64-linux/lib/sqlite3/statement.rb:108:in `block in each'
      # /home/ec2-user/.rvm/gems/ruby-3.1.2/gems/sqlite3-1.6.3-x86_64-linux/lib/sqlite3/statement.rb:107:in `loop'
      # /home/ec2-user/.rvm/gems/ruby-3.1.2/gems/sqlite3-1.6.3-x86_64-linux/lib/sqlite3/statement.rb:107:in `each'
      # /home/ec2-user/.rvm/gems/ruby-3.1.2/gems/factory_bot-6.2.1/lib/factory_bot/evaluation.rb:18:in `create'
      # /home/ec2-user/.rvm/gems/ruby-3.1.2/gems/factory_bot-6.2.1/lib/factory_bot/strategy/create.rb:12:in `block in result'
      # /home/ec2-user/.rvm/gems/ruby-3.1.2/gems/factory_bot-6.2.1/lib/factory_bot/strategy/create.rb:9:in `result'
      # /home/ec2-user/.rvm/gems/ruby-3.1.2/gems/factory_bot-6.2.1/lib/factory_bot/factory.rb:43:in `run'
      # /home/ec2-user/.rvm/gems/ruby-3.1.2/gems/factory_bot-6.2.1/lib/factory_bot/factory_runner.rb:29:in `block in run'
      # /home/ec2-user/.rvm/gems/ruby-3.1.2/gems/factory_bot-6.2.1/lib/factory_bot/factory_runner.rb:28:in `run'
      # /home/ec2-user/.rvm/gems/ruby-3.1.2/gems/factory_bot-6.2.1/lib/factory_bot/strategy_syntax_method_registrar.rb:28:in `block in define_singular_strategy_method'
      # ./spec/system/03_finishing_touches_spec.rb:4:in `block (2 levels) in <main>'
      # ------------------
      # --- Caused by: ---
      # SQLite3::BusyException:
      #   database is locked
      #   /home/ec2-user/.rvm/gems/ruby-3.1.2/gems/sqlite3-1.6.3-x86_64-linux/lib/sqlite3/statement.rb:108:in `step'

  87) [STEP3] 仕上げのテスト 他人の画面のテスト 他人の投稿詳細画面のテスト サイドバーの確認 他人のユーザ編集画面へのリンクが存在する
      Failure/Error: Unable to find matching line in /home/ec2-user/environment/Bookers2/app/views/books/show.html.erb

      ActionView::SyntaxErrorInTemplate:
        Encountered a syntax error while rendering template: check <%= render 'bookers', book: @book %>

        <h1>Book detail</h1>
          <div>
            <p><%= image_tag 'sample-author1.jpg' %></p>
            <%= link_to book_path(book.id) do %>
              <p><%= image_tag book.user.get_profile_image(100,100) %></p>
              <p><%= book.title %></p>
            <% end %>
            <p><%= book.body %></p>
          </div>
        <% end %>
      # ./app/views/books/show.html.erb:14: syntax error, unexpected `end', expecting end-of-input
      #           end
      #           ^~~
      # ./app/views/books/show.html.erb:14: syntax error, unexpected `end', expecting end-of-input
      #           end
      #           ^~~
      # /home/ec2-user/.rvm/gems/ruby-3.1.2/gems/actiontext-6.1.7.4/lib/action_text/rendering.rb:20:in `with_renderer'
      # /home/ec2-user/.rvm/gems/ruby-3.1.2/gems/actiontext-6.1.7.4/lib/action_text/engine.rb:59:in `block (4 levels) in <class:Engine>'
      # /home/ec2-user/.rvm/gems/ruby-3.1.2/gems/warden-1.2.9/lib/warden/manager.rb:36:in `block in call'
      # /home/ec2-user/.rvm/gems/ruby-3.1.2/gems/warden-1.2.9/lib/warden/manager.rb:34:in `catch'
      # /home/ec2-user/.rvm/gems/ruby-3.1.2/gems/warden-1.2.9/lib/warden/manager.rb:34:in `call'
      # /home/ec2-user/.rvm/gems/ruby-3.1.2/gems/rack-2.2.8/lib/rack/tempfile_reaper.rb:15:in `call'
      # /home/ec2-user/.rvm/gems/ruby-3.1.2/gems/rack-2.2.8/lib/rack/etag.rb:27:in `call'
      # /home/ec2-user/.rvm/gems/ruby-3.1.2/gems/rack-2.2.8/lib/rack/conditional_get.rb:27:in `call'
      # /home/ec2-user/.rvm/gems/ruby-3.1.2/gems/rack-2.2.8/lib/rack/head.rb:12:in `call'
      # /home/ec2-user/.rvm/gems/ruby-3.1.2/gems/rack-2.2.8/lib/rack/session/abstract/id.rb:266:in `context'
      # /home/ec2-user/.rvm/gems/ruby-3.1.2/gems/rack-2.2.8/lib/rack/session/abstract/id.rb:260:in `call'
      # /home/ec2-user/.rvm/gems/ruby-3.1.2/gems/railties-6.1.7.4/lib/rails/rack/logger.rb:37:in `call_app'
      # /home/ec2-user/.rvm/gems/ruby-3.1.2/gems/railties-6.1.7.4/lib/rails/rack/logger.rb:26:in `block in call'
      # /home/ec2-user/.rvm/gems/ruby-3.1.2/gems/railties-6.1.7.4/lib/rails/rack/logger.rb:26:in `call'
      # /home/ec2-user/.rvm/gems/ruby-3.1.2/gems/rack-2.2.8/lib/rack/method_override.rb:24:in `call'
      # /home/ec2-user/.rvm/gems/ruby-3.1.2/gems/rack-2.2.8/lib/rack/runtime.rb:22:in `call'
      # /home/ec2-user/.rvm/gems/ruby-3.1.2/gems/rack-2.2.8/lib/rack/sendfile.rb:110:in `call'
      # /home/ec2-user/.rvm/gems/ruby-3.1.2/gems/railties-6.1.7.4/lib/rails/engine.rb:539:in `call'
      # /home/ec2-user/.rvm/gems/ruby-3.1.2/gems/rack-2.2.8/lib/rack/urlmap.rb:74:in `block in call'
      # /home/ec2-user/.rvm/gems/ruby-3.1.2/gems/rack-2.2.8/lib/rack/urlmap.rb:58:in `each'
      # /home/ec2-user/.rvm/gems/ruby-3.1.2/gems/rack-2.2.8/lib/rack/urlmap.rb:58:in `call'
      # /home/ec2-user/.rvm/gems/ruby-3.1.2/gems/rack-2.2.8/lib/rack/builder.rb:244:in `call'
      # /home/ec2-user/.rvm/gems/ruby-3.1.2/gems/rack-test-2.1.0/lib/rack/test.rb:360:in `process_request'
      # /home/ec2-user/.rvm/gems/ruby-3.1.2/gems/rack-test-2.1.0/lib/rack/test.rb:163:in `custom_request'
      # /home/ec2-user/.rvm/gems/ruby-3.1.2/gems/rack-test-2.1.0/lib/rack/test.rb:112:in `get'
      # /home/ec2-user/.rvm/gems/ruby-3.1.2/gems/capybara-3.39.2/lib/capybara/rack_test/browser.rb:80:in `process'
      # /home/ec2-user/.rvm/gems/ruby-3.1.2/gems/capybara-3.39.2/lib/capybara/rack_test/browser.rb:55:in `process_and_follow_redirects'
      # /home/ec2-user/.rvm/gems/ruby-3.1.2/gems/capybara-3.39.2/lib/capybara/rack_test/browser.rb:26:in `visit'
      # /home/ec2-user/.rvm/gems/ruby-3.1.2/gems/capybara-3.39.2/lib/capybara/rack_test/driver.rb:46:in `visit'
      # /home/ec2-user/.rvm/gems/ruby-3.1.2/gems/capybara-3.39.2/lib/capybara/session.rb:280:in `visit'
      # /home/ec2-user/.rvm/gems/ruby-3.1.2/gems/capybara-3.39.2/lib/capybara/dsl.rb:52:in `call'
      # /home/ec2-user/.rvm/gems/ruby-3.1.2/gems/capybara-3.39.2/lib/capybara/dsl.rb:52:in `visit'
      # ./spec/system/03_finishing_touches_spec.rb:215:in `block (4 levels) in <main>'
      # ------------------
      # --- Caused by: ---
      # SyntaxError:
      #   /home/ec2-user/environment/Bookers2/app/views/books/show.html.erb:14: syntax error, unexpected `end', expecting end-of-input
      #             end
      #             ^~~
      #   ./app/views/books/show.html.erb:14: syntax error, unexpected `end', expecting end-of-input

  88) [STEP3] 仕上げのテスト 他人の画面のテスト 他人の投稿詳細画面のテスト サイドバーの確認 自分の名前と紹介文は表示されない
      Failure/Error: Unable to find matching line in /home/ec2-user/environment/Bookers2/app/views/books/show.html.erb

      ActionView::SyntaxErrorInTemplate:
        Encountered a syntax error while rendering template: check <%= render 'bookers', book: @book %>

        <h1>Book detail</h1>
          <div>
            <p><%= image_tag 'sample-author1.jpg' %></p>
            <%= link_to book_path(book.id) do %>
              <p><%= image_tag book.user.get_profile_image(100,100) %></p>
              <p><%= book.title %></p>
            <% end %>
            <p><%= book.body %></p>
          </div>
        <% end %>
      # ./app/views/books/show.html.erb:14: syntax error, unexpected `end', expecting end-of-input
      #           end
      #           ^~~
      # ./app/views/books/show.html.erb:14: syntax error, unexpected `end', expecting end-of-input
      #           end
      #           ^~~
      # /home/ec2-user/.rvm/gems/ruby-3.1.2/gems/actiontext-6.1.7.4/lib/action_text/rendering.rb:20:in `with_renderer'
      # /home/ec2-user/.rvm/gems/ruby-3.1.2/gems/actiontext-6.1.7.4/lib/action_text/engine.rb:59:in `block (4 levels) in <class:Engine>'
      # /home/ec2-user/.rvm/gems/ruby-3.1.2/gems/warden-1.2.9/lib/warden/manager.rb:36:in `block in call'
      # /home/ec2-user/.rvm/gems/ruby-3.1.2/gems/warden-1.2.9/lib/warden/manager.rb:34:in `catch'
      # /home/ec2-user/.rvm/gems/ruby-3.1.2/gems/warden-1.2.9/lib/warden/manager.rb:34:in `call'
      # /home/ec2-user/.rvm/gems/ruby-3.1.2/gems/rack-2.2.8/lib/rack/tempfile_reaper.rb:15:in `call'
      # /home/ec2-user/.rvm/gems/ruby-3.1.2/gems/rack-2.2.8/lib/rack/etag.rb:27:in `call'
      # /home/ec2-user/.rvm/gems/ruby-3.1.2/gems/rack-2.2.8/lib/rack/conditional_get.rb:27:in `call'
      # /home/ec2-user/.rvm/gems/ruby-3.1.2/gems/rack-2.2.8/lib/rack/head.rb:12:in `call'
      # /home/ec2-user/.rvm/gems/ruby-3.1.2/gems/rack-2.2.8/lib/rack/session/abstract/id.rb:266:in `context'
      # /home/ec2-user/.rvm/gems/ruby-3.1.2/gems/rack-2.2.8/lib/rack/session/abstract/id.rb:260:in `call'
      # /home/ec2-user/.rvm/gems/ruby-3.1.2/gems/railties-6.1.7.4/lib/rails/rack/logger.rb:37:in `call_app'
      # /home/ec2-user/.rvm/gems/ruby-3.1.2/gems/railties-6.1.7.4/lib/rails/rack/logger.rb:26:in `block in call'
      # /home/ec2-user/.rvm/gems/ruby-3.1.2/gems/railties-6.1.7.4/lib/rails/rack/logger.rb:26:in `call'
      # /home/ec2-user/.rvm/gems/ruby-3.1.2/gems/rack-2.2.8/lib/rack/method_override.rb:24:in `call'
      # /home/ec2-user/.rvm/gems/ruby-3.1.2/gems/rack-2.2.8/lib/rack/runtime.rb:22:in `call'
      # /home/ec2-user/.rvm/gems/ruby-3.1.2/gems/rack-2.2.8/lib/rack/sendfile.rb:110:in `call'
      # /home/ec2-user/.rvm/gems/ruby-3.1.2/gems/railties-6.1.7.4/lib/rails/engine.rb:539:in `call'
      # /home/ec2-user/.rvm/gems/ruby-3.1.2/gems/rack-2.2.8/lib/rack/urlmap.rb:74:in `block in call'
      # /home/ec2-user/.rvm/gems/ruby-3.1.2/gems/rack-2.2.8/lib/rack/urlmap.rb:58:in `each'
      # /home/ec2-user/.rvm/gems/ruby-3.1.2/gems/rack-2.2.8/lib/rack/urlmap.rb:58:in `call'
      # /home/ec2-user/.rvm/gems/ruby-3.1.2/gems/rack-2.2.8/lib/rack/builder.rb:244:in `call'
      # /home/ec2-user/.rvm/gems/ruby-3.1.2/gems/rack-test-2.1.0/lib/rack/test.rb:360:in `process_request'
      # /home/ec2-user/.rvm/gems/ruby-3.1.2/gems/rack-test-2.1.0/lib/rack/test.rb:163:in `custom_request'
      # /home/ec2-user/.rvm/gems/ruby-3.1.2/gems/rack-test-2.1.0/lib/rack/test.rb:112:in `get'
      # /home/ec2-user/.rvm/gems/ruby-3.1.2/gems/capybara-3.39.2/lib/capybara/rack_test/browser.rb:80:in `process'
      # /home/ec2-user/.rvm/gems/ruby-3.1.2/gems/capybara-3.39.2/lib/capybara/rack_test/browser.rb:55:in `process_and_follow_redirects'
      # /home/ec2-user/.rvm/gems/ruby-3.1.2/gems/capybara-3.39.2/lib/capybara/rack_test/browser.rb:26:in `visit'
      # /home/ec2-user/.rvm/gems/ruby-3.1.2/gems/capybara-3.39.2/lib/capybara/rack_test/driver.rb:46:in `visit'
      # /home/ec2-user/.rvm/gems/ruby-3.1.2/gems/capybara-3.39.2/lib/capybara/session.rb:280:in `visit'
      # /home/ec2-user/.rvm/gems/ruby-3.1.2/gems/capybara-3.39.2/lib/capybara/dsl.rb:52:in `call'
      # /home/ec2-user/.rvm/gems/ruby-3.1.2/gems/capybara-3.39.2/lib/capybara/dsl.rb:52:in `visit'
      # ./spec/system/03_finishing_touches_spec.rb:215:in `block (4 levels) in <main>'
      # ------------------
      # --- Caused by: ---
      # SyntaxError:
      #   /home/ec2-user/environment/Bookers2/app/views/books/show.html.erb:14: syntax error, unexpected `end', expecting end-of-input
      #             end
      #             ^~~
      #   ./app/views/books/show.html.erb:14: syntax error, unexpected `end', expecting end-of-input

  89) [STEP3] 仕上げのテスト 他人の画面のテスト 他人の投稿詳細画面のテスト サイドバーの確認 自分のユーザ編集画面へのリンクは存在しない
      Failure/Error: Unable to find matching line in /home/ec2-user/environment/Bookers2/app/views/books/show.html.erb

      ActionView::SyntaxErrorInTemplate:
        Encountered a syntax error while rendering template: check <%= render 'bookers', book: @book %>

        <h1>Book detail</h1>
          <div>
            <p><%= image_tag 'sample-author1.jpg' %></p>
            <%= link_to book_path(book.id) do %>
              <p><%= image_tag book.user.get_profile_image(100,100) %></p>
              <p><%= book.title %></p>
            <% end %>
            <p><%= book.body %></p>
          </div>
        <% end %>
      # ./app/views/books/show.html.erb:14: syntax error, unexpected `end', expecting end-of-input
      #           end
      #           ^~~
      # ./app/views/books/show.html.erb:14: syntax error, unexpected `end', expecting end-of-input
      #           end
      #           ^~~
      # /home/ec2-user/.rvm/gems/ruby-3.1.2/gems/actiontext-6.1.7.4/lib/action_text/rendering.rb:20:in `with_renderer'
      # /home/ec2-user/.rvm/gems/ruby-3.1.2/gems/actiontext-6.1.7.4/lib/action_text/engine.rb:59:in `block (4 levels) in <class:Engine>'
      # /home/ec2-user/.rvm/gems/ruby-3.1.2/gems/warden-1.2.9/lib/warden/manager.rb:36:in `block in call'
      # /home/ec2-user/.rvm/gems/ruby-3.1.2/gems/warden-1.2.9/lib/warden/manager.rb:34:in `catch'
      # /home/ec2-user/.rvm/gems/ruby-3.1.2/gems/warden-1.2.9/lib/warden/manager.rb:34:in `call'
      # /home/ec2-user/.rvm/gems/ruby-3.1.2/gems/rack-2.2.8/lib/rack/tempfile_reaper.rb:15:in `call'
      # /home/ec2-user/.rvm/gems/ruby-3.1.2/gems/rack-2.2.8/lib/rack/etag.rb:27:in `call'
      # /home/ec2-user/.rvm/gems/ruby-3.1.2/gems/rack-2.2.8/lib/rack/conditional_get.rb:27:in `call'
      # /home/ec2-user/.rvm/gems/ruby-3.1.2/gems/rack-2.2.8/lib/rack/head.rb:12:in `call'
      # /home/ec2-user/.rvm/gems/ruby-3.1.2/gems/rack-2.2.8/lib/rack/session/abstract/id.rb:266:in `context'
      # /home/ec2-user/.rvm/gems/ruby-3.1.2/gems/rack-2.2.8/lib/rack/session/abstract/id.rb:260:in `call'
      # /home/ec2-user/.rvm/gems/ruby-3.1.2/gems/railties-6.1.7.4/lib/rails/rack/logger.rb:37:in `call_app'
      # /home/ec2-user/.rvm/gems/ruby-3.1.2/gems/railties-6.1.7.4/lib/rails/rack/logger.rb:26:in `block in call'
      # /home/ec2-user/.rvm/gems/ruby-3.1.2/gems/railties-6.1.7.4/lib/rails/rack/logger.rb:26:in `call'
      # /home/ec2-user/.rvm/gems/ruby-3.1.2/gems/rack-2.2.8/lib/rack/method_override.rb:24:in `call'
      # /home/ec2-user/.rvm/gems/ruby-3.1.2/gems/rack-2.2.8/lib/rack/runtime.rb:22:in `call'
      # /home/ec2-user/.rvm/gems/ruby-3.1.2/gems/rack-2.2.8/lib/rack/sendfile.rb:110:in `call'
      # /home/ec2-user/.rvm/gems/ruby-3.1.2/gems/railties-6.1.7.4/lib/rails/engine.rb:539:in `call'
      # /home/ec2-user/.rvm/gems/ruby-3.1.2/gems/rack-2.2.8/lib/rack/urlmap.rb:74:in `block in call'
      # /home/ec2-user/.rvm/gems/ruby-3.1.2/gems/rack-2.2.8/lib/rack/urlmap.rb:58:in `each'
      # /home/ec2-user/.rvm/gems/ruby-3.1.2/gems/rack-2.2.8/lib/rack/urlmap.rb:58:in `call'
      # /home/ec2-user/.rvm/gems/ruby-3.1.2/gems/rack-2.2.8/lib/rack/builder.rb:244:in `call'
      # /home/ec2-user/.rvm/gems/ruby-3.1.2/gems/rack-test-2.1.0/lib/rack/test.rb:360:in `process_request'
      # /home/ec2-user/.rvm/gems/ruby-3.1.2/gems/rack-test-2.1.0/lib/rack/test.rb:163:in `custom_request'
      # /home/ec2-user/.rvm/gems/ruby-3.1.2/gems/rack-test-2.1.0/lib/rack/test.rb:112:in `get'
      # /home/ec2-user/.rvm/gems/ruby-3.1.2/gems/capybara-3.39.2/lib/capybara/rack_test/browser.rb:80:in `process'
      # /home/ec2-user/.rvm/gems/ruby-3.1.2/gems/capybara-3.39.2/lib/capybara/rack_test/browser.rb:55:in `process_and_follow_redirects'
      # /home/ec2-user/.rvm/gems/ruby-3.1.2/gems/capybara-3.39.2/lib/capybara/rack_test/browser.rb:26:in `visit'
      # /home/ec2-user/.rvm/gems/ruby-3.1.2/gems/capybara-3.39.2/lib/capybara/rack_test/driver.rb:46:in `visit'
      # /home/ec2-user/.rvm/gems/ruby-3.1.2/gems/capybara-3.39.2/lib/capybara/session.rb:280:in `visit'
      # /home/ec2-user/.rvm/gems/ruby-3.1.2/gems/capybara-3.39.2/lib/capybara/dsl.rb:52:in `call'
      # /home/ec2-user/.rvm/gems/ruby-3.1.2/gems/capybara-3.39.2/lib/capybara/dsl.rb:52:in `visit'
      # ./spec/system/03_finishing_touches_spec.rb:215:in `block (4 levels) in <main>'
      # ------------------
      # --- Caused by: ---
      # SyntaxError:
      #   /home/ec2-user/environment/Bookers2/app/views/books/show.html.erb:14: syntax error, unexpected `end', expecting end-of-input
      #             end
      #             ^~~
      #   ./app/views/books/show.html.erb:14: syntax error, unexpected `end', expecting end-of-input

  90) [STEP3] 仕上げのテスト 他人の画面のテスト 他人の投稿編集画面 遷移できず、投稿一覧画面にリダイレクトされる
      Failure/Error: visit edit_book_path(second_user_book)

      NoMethodError:
        undefined method `edit_book_path' for #<RSpec::ExampleGroups::STEP3::Nested_4::Nested_2 "遷移できず、投稿一覧画面にリダイレクトされる" (./spec/system/03_finishing_touches_spec.rb:265)>
      # ./spec/system/03_finishing_touches_spec.rb:268:in `block (4 levels) in <main>'

  91) [STEP3] 仕上げのテスト 他人の画面のテスト 他人のユーザ詳細画面のテスト 表示の確認 投稿一覧のユーザ画像のリンク先が正しい
      Failure/Error: let!(:user) { create(:user) }

      ActiveRecord::StatementInvalid:
        SQLite3::BusyException: database is locked
      # /home/ec2-user/.rvm/gems/ruby-3.1.2/gems/sqlite3-1.6.3-x86_64-linux/lib/sqlite3/statement.rb:108:in `step'
      # /home/ec2-user/.rvm/gems/ruby-3.1.2/gems/sqlite3-1.6.3-x86_64-linux/lib/sqlite3/statement.rb:108:in `block in each'
      # /home/ec2-user/.rvm/gems/ruby-3.1.2/gems/sqlite3-1.6.3-x86_64-linux/lib/sqlite3/statement.rb:107:in `loop'
      # /home/ec2-user/.rvm/gems/ruby-3.1.2/gems/sqlite3-1.6.3-x86_64-linux/lib/sqlite3/statement.rb:107:in `each'
      # /home/ec2-user/.rvm/gems/ruby-3.1.2/gems/factory_bot-6.2.1/lib/factory_bot/evaluation.rb:18:in `create'
      # /home/ec2-user/.rvm/gems/ruby-3.1.2/gems/factory_bot-6.2.1/lib/factory_bot/strategy/create.rb:12:in `block in result'
      # /home/ec2-user/.rvm/gems/ruby-3.1.2/gems/factory_bot-6.2.1/lib/factory_bot/strategy/create.rb:9:in `result'
      # /home/ec2-user/.rvm/gems/ruby-3.1.2/gems/factory_bot-6.2.1/lib/factory_bot/factory.rb:43:in `run'
      # /home/ec2-user/.rvm/gems/ruby-3.1.2/gems/factory_bot-6.2.1/lib/factory_bot/factory_runner.rb:29:in `block in run'
      # /home/ec2-user/.rvm/gems/ruby-3.1.2/gems/factory_bot-6.2.1/lib/factory_bot/factory_runner.rb:28:in `run'
      # /home/ec2-user/.rvm/gems/ruby-3.1.2/gems/factory_bot-6.2.1/lib/factory_bot/strategy_syntax_method_registrar.rb:28:in `block in define_singular_strategy_method'
      # ./spec/system/03_finishing_touches_spec.rb:4:in `block (2 levels) in <main>'
      # ------------------
      # --- Caused by: ---
      # SQLite3::BusyException:
      #   database is locked
      #   /home/ec2-user/.rvm/gems/ruby-3.1.2/gems/sqlite3-1.6.3-x86_64-linux/lib/sqlite3/statement.rb:108:in `step'

  92) [STEP3] 仕上げのテスト 他人の画面のテスト 他人のユーザ詳細画面のテスト 表示の確認 投稿一覧に他人の投稿のtitleが表示され、リンクが正しい
      Failure/Error: let!(:user) { create(:user) }

      ActiveRecord::StatementInvalid:
        SQLite3::BusyException: database is locked
      # /home/ec2-user/.rvm/gems/ruby-3.1.2/gems/sqlite3-1.6.3-x86_64-linux/lib/sqlite3/statement.rb:108:in `step'
      # /home/ec2-user/.rvm/gems/ruby-3.1.2/gems/sqlite3-1.6.3-x86_64-linux/lib/sqlite3/statement.rb:108:in `block in each'
      # /home/ec2-user/.rvm/gems/ruby-3.1.2/gems/sqlite3-1.6.3-x86_64-linux/lib/sqlite3/statement.rb:107:in `loop'
      # /home/ec2-user/.rvm/gems/ruby-3.1.2/gems/sqlite3-1.6.3-x86_64-linux/lib/sqlite3/statement.rb:107:in `each'
      # /home/ec2-user/.rvm/gems/ruby-3.1.2/gems/factory_bot-6.2.1/lib/factory_bot/evaluation.rb:18:in `create'
      # /home/ec2-user/.rvm/gems/ruby-3.1.2/gems/factory_bot-6.2.1/lib/factory_bot/strategy/create.rb:12:in `block in result'
      # /home/ec2-user/.rvm/gems/ruby-3.1.2/gems/factory_bot-6.2.1/lib/factory_bot/strategy/create.rb:9:in `result'
      # /home/ec2-user/.rvm/gems/ruby-3.1.2/gems/factory_bot-6.2.1/lib/factory_bot/factory.rb:43:in `run'
      # /home/ec2-user/.rvm/gems/ruby-3.1.2/gems/factory_bot-6.2.1/lib/factory_bot/factory_runner.rb:29:in `block in run'
      # /home/ec2-user/.rvm/gems/ruby-3.1.2/gems/factory_bot-6.2.1/lib/factory_bot/factory_runner.rb:28:in `run'
      # /home/ec2-user/.rvm/gems/ruby-3.1.2/gems/factory_bot-6.2.1/lib/factory_bot/strategy_syntax_method_registrar.rb:28:in `block in define_singular_strategy_method'
      # ./spec/system/03_finishing_touches_spec.rb:4:in `block (2 levels) in <main>'
      # ------------------
      # --- Caused by: ---
      # SQLite3::BusyException:
      #   database is locked
      #   /home/ec2-user/.rvm/gems/ruby-3.1.2/gems/sqlite3-1.6.3-x86_64-linux/lib/sqlite3/statement.rb:108:in `step'

  93) [STEP3] 仕上げのテスト 他人の画面のテスト 他人のユーザ詳細画面のテスト 表示の確認 投稿一覧に他人の投稿のopinionが表示される
      Failure/Error: let!(:user) { create(:user) }

      ActiveRecord::StatementInvalid:
        SQLite3::BusyException: database is locked
      # /home/ec2-user/.rvm/gems/ruby-3.1.2/gems/sqlite3-1.6.3-x86_64-linux/lib/sqlite3/statement.rb:108:in `step'
      # /home/ec2-user/.rvm/gems/ruby-3.1.2/gems/sqlite3-1.6.3-x86_64-linux/lib/sqlite3/statement.rb:108:in `block in each'
      # /home/ec2-user/.rvm/gems/ruby-3.1.2/gems/sqlite3-1.6.3-x86_64-linux/lib/sqlite3/statement.rb:107:in `loop'
      # /home/ec2-user/.rvm/gems/ruby-3.1.2/gems/sqlite3-1.6.3-x86_64-linux/lib/sqlite3/statement.rb:107:in `each'
      # /home/ec2-user/.rvm/gems/ruby-3.1.2/gems/factory_bot-6.2.1/lib/factory_bot/evaluation.rb:18:in `create'
      # /home/ec2-user/.rvm/gems/ruby-3.1.2/gems/factory_bot-6.2.1/lib/factory_bot/strategy/create.rb:12:in `block in result'
      # /home/ec2-user/.rvm/gems/ruby-3.1.2/gems/factory_bot-6.2.1/lib/factory_bot/strategy/create.rb:9:in `result'
      # /home/ec2-user/.rvm/gems/ruby-3.1.2/gems/factory_bot-6.2.1/lib/factory_bot/factory.rb:43:in `run'
      # /home/ec2-user/.rvm/gems/ruby-3.1.2/gems/factory_bot-6.2.1/lib/factory_bot/factory_runner.rb:29:in `block in run'
      # /home/ec2-user/.rvm/gems/ruby-3.1.2/gems/factory_bot-6.2.1/lib/factory_bot/factory_runner.rb:28:in `run'
      # /home/ec2-user/.rvm/gems/ruby-3.1.2/gems/factory_bot-6.2.1/lib/factory_bot/strategy_syntax_method_registrar.rb:28:in `block in define_singular_strategy_method'
      # ./spec/system/03_finishing_touches_spec.rb:4:in `block (2 levels) in <main>'
      # ------------------
      # --- Caused by: ---
      # SQLite3::BusyException:
      #   database is locked
      #   /home/ec2-user/.rvm/gems/ruby-3.1.2/gems/sqlite3-1.6.3-x86_64-linux/lib/sqlite3/statement.rb:108:in `step'

  94) [STEP3] 仕上げのテスト 他人の画面のテスト 他人のユーザ詳細画面のテスト 表示の確認 自分の投稿は表示されない
      Failure/Error: let!(:user) { create(:user) }

      ActiveRecord::StatementInvalid:
        SQLite3::BusyException: database is locked
      # /home/ec2-user/.rvm/gems/ruby-3.1.2/gems/sqlite3-1.6.3-x86_64-linux/lib/sqlite3/statement.rb:108:in `step'
      # /home/ec2-user/.rvm/gems/ruby-3.1.2/gems/sqlite3-1.6.3-x86_64-linux/lib/sqlite3/statement.rb:108:in `block in each'
      # /home/ec2-user/.rvm/gems/ruby-3.1.2/gems/sqlite3-1.6.3-x86_64-linux/lib/sqlite3/statement.rb:107:in `loop'
      # /home/ec2-user/.rvm/gems/ruby-3.1.2/gems/sqlite3-1.6.3-x86_64-linux/lib/sqlite3/statement.rb:107:in `each'
      # /home/ec2-user/.rvm/gems/ruby-3.1.2/gems/factory_bot-6.2.1/lib/factory_bot/evaluation.rb:18:in `create'
      # /home/ec2-user/.rvm/gems/ruby-3.1.2/gems/factory_bot-6.2.1/lib/factory_bot/strategy/create.rb:12:in `block in result'
      # /home/ec2-user/.rvm/gems/ruby-3.1.2/gems/factory_bot-6.2.1/lib/factory_bot/strategy/create.rb:9:in `result'
      # /home/ec2-user/.rvm/gems/ruby-3.1.2/gems/factory_bot-6.2.1/lib/factory_bot/factory.rb:43:in `run'
      # /home/ec2-user/.rvm/gems/ruby-3.1.2/gems/factory_bot-6.2.1/lib/factory_bot/factory_runner.rb:29:in `block in run'
      # /home/ec2-user/.rvm/gems/ruby-3.1.2/gems/factory_bot-6.2.1/lib/factory_bot/factory_runner.rb:28:in `run'
      # /home/ec2-user/.rvm/gems/ruby-3.1.2/gems/factory_bot-6.2.1/lib/factory_bot/strategy_syntax_method_registrar.rb:28:in `block in define_singular_strategy_method'
      # ./spec/system/03_finishing_touches_spec.rb:4:in `block (2 levels) in <main>'
      # ------------------
      # --- Caused by: ---
      # SQLite3::BusyException:
      #   database is locked
      #   /home/ec2-user/.rvm/gems/ruby-3.1.2/gems/sqlite3-1.6.3-x86_64-linux/lib/sqlite3/statement.rb:108:in `step'

  95) [STEP3] 仕上げのテスト 他人の画面のテスト 他人のユーザ詳細画面のテスト サイドバーの確認 他人の名前と紹介文が表示される
      Failure/Error: expect(page).to have_content other_user.introduction
        expected to find text "0ytzb88um9ysrlugdt1t" in "Bookers\nHome Users Books Log out\nUser info\nkdrqrhm6zp\nプロフィ―ル編集\nCopyRight Infratop.inc"
      # ./spec/system/03_finishing_touches_spec.rb:300:in `block (5 levels) in <main>'

  96) [STEP3] 仕上げのテスト 他人の画面のテスト 他人のユーザ情報編集画面 遷移できず、自分のユーザ詳細画面にリダイレクトされる
      Failure/Error: expect(current_path).to eq '/users/' + user.id.to_s

        expected: "/users/1"
             got: "/users/2/edit"

        (compared using ==)
      # ./spec/system/03_finishing_touches_spec.rb:318:in `block (4 levels) in <main>'

  97) [STEP3] 仕上げのテスト グリッドシステムのテスト: container, row, col-md-〇を正しく使えている ユーザ一覧画面
      Failure/Error: is_expected.to have_selector '.container .row .col-md-3'
        expected to find css ".container .row .col-md-3" but there were no matches
      # ./spec/system/03_finishing_touches_spec.rb:335:in `block (3 levels) in <main>'

  98) [STEP3] 仕上げのテスト グリッドシステムのテスト: container, row, col-md-〇を正しく使えている ユーザ詳細画面
      Failure/Error: is_expected.to have_selector '.container .row .col-md-3'
        expected to find css ".container .row .col-md-3" but there were no matches
      # ./spec/system/03_finishing_touches_spec.rb:340:in `block (3 levels) in <main>'

  99) [STEP3] 仕上げのテスト グリッドシステムのテスト: container, row, col-md-〇を正しく使えている 投稿一覧画面
      Failure/Error: is_expected.to have_selector '.container .row .col-md-3'
        expected to find css ".container .row .col-md-3" but there were no matches
      # ./spec/system/03_finishing_touches_spec.rb:345:in `block (3 levels) in <main>'

  100) [STEP3] 仕上げのテスト グリッドシステムのテスト: container, row, col-md-〇を正しく使えている 投稿詳細画面
       Failure/Error: Unable to find matching line in /home/ec2-user/environment/Bookers2/app/views/books/show.html.erb

       ActionView::SyntaxErrorInTemplate:
         Encountered a syntax error while rendering template: check <%= render 'bookers', book: @book %>

         <h1>Book detail</h1>
           <div>
             <p><%= image_tag 'sample-author1.jpg' %></p>
             <%= link_to book_path(book.id) do %>
               <p><%= image_tag book.user.get_profile_image(100,100) %></p>
               <p><%= book.title %></p>
             <% end %>
             <p><%= book.body %></p>
           </div>
         <% end %>
       # ./app/views/books/show.html.erb:14: syntax error, unexpected `end', expecting end-of-input
       #           end
       #           ^~~
       # ./app/views/books/show.html.erb:14: syntax error, unexpected `end', expecting end-of-input
       #           end
       #           ^~~
       # /home/ec2-user/.rvm/gems/ruby-3.1.2/gems/actiontext-6.1.7.4/lib/action_text/rendering.rb:20:in `with_renderer'
       # /home/ec2-user/.rvm/gems/ruby-3.1.2/gems/actiontext-6.1.7.4/lib/action_text/engine.rb:59:in `block (4 levels) in <class:Engine>'
       # /home/ec2-user/.rvm/gems/ruby-3.1.2/gems/warden-1.2.9/lib/warden/manager.rb:36:in `block in call'
       # /home/ec2-user/.rvm/gems/ruby-3.1.2/gems/warden-1.2.9/lib/warden/manager.rb:34:in `catch'
       # /home/ec2-user/.rvm/gems/ruby-3.1.2/gems/warden-1.2.9/lib/warden/manager.rb:34:in `call'
       # /home/ec2-user/.rvm/gems/ruby-3.1.2/gems/rack-2.2.8/lib/rack/tempfile_reaper.rb:15:in `call'
       # /home/ec2-user/.rvm/gems/ruby-3.1.2/gems/rack-2.2.8/lib/rack/etag.rb:27:in `call'
       # /home/ec2-user/.rvm/gems/ruby-3.1.2/gems/rack-2.2.8/lib/rack/conditional_get.rb:27:in `call'
       # /home/ec2-user/.rvm/gems/ruby-3.1.2/gems/rack-2.2.8/lib/rack/head.rb:12:in `call'
       # /home/ec2-user/.rvm/gems/ruby-3.1.2/gems/rack-2.2.8/lib/rack/session/abstract/id.rb:266:in `context'
       # /home/ec2-user/.rvm/gems/ruby-3.1.2/gems/rack-2.2.8/lib/rack/session/abstract/id.rb:260:in `call'
       # /home/ec2-user/.rvm/gems/ruby-3.1.2/gems/railties-6.1.7.4/lib/rails/rack/logger.rb:37:in `call_app'
       # /home/ec2-user/.rvm/gems/ruby-3.1.2/gems/railties-6.1.7.4/lib/rails/rack/logger.rb:26:in `block in call'
       # /home/ec2-user/.rvm/gems/ruby-3.1.2/gems/railties-6.1.7.4/lib/rails/rack/logger.rb:26:in `call'
       # /home/ec2-user/.rvm/gems/ruby-3.1.2/gems/rack-2.2.8/lib/rack/method_override.rb:24:in `call'
       # /home/ec2-user/.rvm/gems/ruby-3.1.2/gems/rack-2.2.8/lib/rack/runtime.rb:22:in `call'
       # /home/ec2-user/.rvm/gems/ruby-3.1.2/gems/rack-2.2.8/lib/rack/sendfile.rb:110:in `call'
       # /home/ec2-user/.rvm/gems/ruby-3.1.2/gems/railties-6.1.7.4/lib/rails/engine.rb:539:in `call'
       # /home/ec2-user/.rvm/gems/ruby-3.1.2/gems/rack-2.2.8/lib/rack/urlmap.rb:74:in `block in call'
       # /home/ec2-user/.rvm/gems/ruby-3.1.2/gems/rack-2.2.8/lib/rack/urlmap.rb:58:in `each'
       # /home/ec2-user/.rvm/gems/ruby-3.1.2/gems/rack-2.2.8/lib/rack/urlmap.rb:58:in `call'
       # /home/ec2-user/.rvm/gems/ruby-3.1.2/gems/rack-2.2.8/lib/rack/builder.rb:244:in `call'
       # /home/ec2-user/.rvm/gems/ruby-3.1.2/gems/rack-test-2.1.0/lib/rack/test.rb:360:in `process_request'
       # /home/ec2-user/.rvm/gems/ruby-3.1.2/gems/rack-test-2.1.0/lib/rack/test.rb:163:in `custom_request'
       # /home/ec2-user/.rvm/gems/ruby-3.1.2/gems/rack-test-2.1.0/lib/rack/test.rb:112:in `get'
       # /home/ec2-user/.rvm/gems/ruby-3.1.2/gems/capybara-3.39.2/lib/capybara/rack_test/browser.rb:80:in `process'
       # /home/ec2-user/.rvm/gems/ruby-3.1.2/gems/capybara-3.39.2/lib/capybara/rack_test/browser.rb:55:in `process_and_follow_redirects'
       # /home/ec2-user/.rvm/gems/ruby-3.1.2/gems/capybara-3.39.2/lib/capybara/rack_test/browser.rb:26:in `visit'
       # /home/ec2-user/.rvm/gems/ruby-3.1.2/gems/capybara-3.39.2/lib/capybara/rack_test/driver.rb:46:in `visit'
       # /home/ec2-user/.rvm/gems/ruby-3.1.2/gems/capybara-3.39.2/lib/capybara/session.rb:280:in `visit'
       # /home/ec2-user/.rvm/gems/ruby-3.1.2/gems/capybara-3.39.2/lib/capybara/dsl.rb:52:in `call'
       # /home/ec2-user/.rvm/gems/ruby-3.1.2/gems/capybara-3.39.2/lib/capybara/dsl.rb:52:in `visit'
       # ./spec/system/03_finishing_touches_spec.rb:349:in `block (3 levels) in <main>'
       # ------------------
       # --- Caused by: ---
       # SyntaxError:
       #   /home/ec2-user/environment/Bookers2/app/views/books/show.html.erb:14: syntax error, unexpected `end', expecting end-of-input
       #             end
       #             ^~~
       #   ./app/views/books/show.html.erb:14: syntax error, unexpected `end', expecting end-of-input

  101) [STEP3] 仕上げのテスト アイコンのテスト アバウト画面 本のアイコンが表示される
       Failure/Error: visit '/home/about'

       ActionController::RoutingError:
         No route matches [GET] "/home/about"
       # /home/ec2-user/.rvm/gems/ruby-3.1.2/gems/railties-6.1.7.4/lib/rails/rack/logger.rb:37:in `call_app'
       # /home/ec2-user/.rvm/gems/ruby-3.1.2/gems/railties-6.1.7.4/lib/rails/rack/logger.rb:26:in `block in call'
       # /home/ec2-user/.rvm/gems/ruby-3.1.2/gems/railties-6.1.7.4/lib/rails/rack/logger.rb:26:in `call'
       # /home/ec2-user/.rvm/gems/ruby-3.1.2/gems/rack-2.2.8/lib/rack/method_override.rb:24:in `call'
       # /home/ec2-user/.rvm/gems/ruby-3.1.2/gems/rack-2.2.8/lib/rack/runtime.rb:22:in `call'
       # /home/ec2-user/.rvm/gems/ruby-3.1.2/gems/rack-2.2.8/lib/rack/sendfile.rb:110:in `call'
       # /home/ec2-user/.rvm/gems/ruby-3.1.2/gems/railties-6.1.7.4/lib/rails/engine.rb:539:in `call'
       # /home/ec2-user/.rvm/gems/ruby-3.1.2/gems/rack-2.2.8/lib/rack/urlmap.rb:74:in `block in call'
       # /home/ec2-user/.rvm/gems/ruby-3.1.2/gems/rack-2.2.8/lib/rack/urlmap.rb:58:in `each'
       # /home/ec2-user/.rvm/gems/ruby-3.1.2/gems/rack-2.2.8/lib/rack/urlmap.rb:58:in `call'
       # /home/ec2-user/.rvm/gems/ruby-3.1.2/gems/rack-2.2.8/lib/rack/builder.rb:244:in `call'
       # /home/ec2-user/.rvm/gems/ruby-3.1.2/gems/rack-test-2.1.0/lib/rack/test.rb:360:in `process_request'
       # /home/ec2-user/.rvm/gems/ruby-3.1.2/gems/rack-test-2.1.0/lib/rack/test.rb:163:in `custom_request'
       # /home/ec2-user/.rvm/gems/ruby-3.1.2/gems/rack-test-2.1.0/lib/rack/test.rb:112:in `get'
       # /home/ec2-user/.rvm/gems/ruby-3.1.2/gems/capybara-3.39.2/lib/capybara/rack_test/browser.rb:80:in `process'
       # /home/ec2-user/.rvm/gems/ruby-3.1.2/gems/capybara-3.39.2/lib/capybara/rack_test/browser.rb:55:in `process_and_follow_redirects'
       # /home/ec2-user/.rvm/gems/ruby-3.1.2/gems/capybara-3.39.2/lib/capybara/rack_test/browser.rb:26:in `visit'
       # /home/ec2-user/.rvm/gems/ruby-3.1.2/gems/capybara-3.39.2/lib/capybara/rack_test/driver.rb:46:in `visit'
       # /home/ec2-user/.rvm/gems/ruby-3.1.2/gems/capybara-3.39.2/lib/capybara/session.rb:280:in `visit'
       # /home/ec2-user/.rvm/gems/ruby-3.1.2/gems/capybara-3.39.2/lib/capybara/dsl.rb:52:in `call'
       # /home/ec2-user/.rvm/gems/ruby-3.1.2/gems/capybara-3.39.2/lib/capybara/dsl.rb:52:in `visit'
       # ./spec/system/03_finishing_touches_spec.rb:372:in `block (4 levels) in <main>'

  102) [STEP3] 仕上げのテスト アイコンのテスト ヘッダー: ログインしていない場合 Homeリンクのアイコンが表示される
       Failure/Error: let!(:user) { create(:user) }

       ActiveRecord::StatementInvalid:
         SQLite3::BusyException: database is locked
       # /home/ec2-user/.rvm/gems/ruby-3.1.2/gems/sqlite3-1.6.3-x86_64-linux/lib/sqlite3/statement.rb:108:in `step'
       # /home/ec2-user/.rvm/gems/ruby-3.1.2/gems/sqlite3-1.6.3-x86_64-linux/lib/sqlite3/statement.rb:108:in `block in each'
       # /home/ec2-user/.rvm/gems/ruby-3.1.2/gems/sqlite3-1.6.3-x86_64-linux/lib/sqlite3/statement.rb:107:in `loop'
       # /home/ec2-user/.rvm/gems/ruby-3.1.2/gems/sqlite3-1.6.3-x86_64-linux/lib/sqlite3/statement.rb:107:in `each'
       # /home/ec2-user/.rvm/gems/ruby-3.1.2/gems/factory_bot-6.2.1/lib/factory_bot/evaluation.rb:18:in `create'
       # /home/ec2-user/.rvm/gems/ruby-3.1.2/gems/factory_bot-6.2.1/lib/factory_bot/strategy/create.rb:12:in `block in result'
       # /home/ec2-user/.rvm/gems/ruby-3.1.2/gems/factory_bot-6.2.1/lib/factory_bot/strategy/create.rb:9:in `result'
       # /home/ec2-user/.rvm/gems/ruby-3.1.2/gems/factory_bot-6.2.1/lib/factory_bot/factory.rb:43:in `run'
       # /home/ec2-user/.rvm/gems/ruby-3.1.2/gems/factory_bot-6.2.1/lib/factory_bot/factory_runner.rb:29:in `block in run'
       # /home/ec2-user/.rvm/gems/ruby-3.1.2/gems/factory_bot-6.2.1/lib/factory_bot/factory_runner.rb:28:in `run'
       # /home/ec2-user/.rvm/gems/ruby-3.1.2/gems/factory_bot-6.2.1/lib/factory_bot/strategy_syntax_method_registrar.rb:28:in `block in define_singular_strategy_method'
       # ./spec/system/03_finishing_touches_spec.rb:4:in `block (2 levels) in <main>'
       # ------------------
       # --- Caused by: ---
       # SQLite3::BusyException:
       #   database is locked
       #   /home/ec2-user/.rvm/gems/ruby-3.1.2/gems/sqlite3-1.6.3-x86_64-linux/lib/sqlite3/statement.rb:108:in `step'

  103) [STEP3] 仕上げのテスト アイコンのテスト ヘッダー: ログインしていない場合 Aboutリンクのアイコンが表示される
       Failure/Error: let!(:user) { create(:user) }

       ActiveRecord::StatementInvalid:
         SQLite3::BusyException: database is locked
       # /home/ec2-user/.rvm/gems/ruby-3.1.2/gems/sqlite3-1.6.3-x86_64-linux/lib/sqlite3/statement.rb:108:in `step'
       # /home/ec2-user/.rvm/gems/ruby-3.1.2/gems/sqlite3-1.6.3-x86_64-linux/lib/sqlite3/statement.rb:108:in `block in each'
       # /home/ec2-user/.rvm/gems/ruby-3.1.2/gems/sqlite3-1.6.3-x86_64-linux/lib/sqlite3/statement.rb:107:in `loop'
       # /home/ec2-user/.rvm/gems/ruby-3.1.2/gems/sqlite3-1.6.3-x86_64-linux/lib/sqlite3/statement.rb:107:in `each'
       # /home/ec2-user/.rvm/gems/ruby-3.1.2/gems/factory_bot-6.2.1/lib/factory_bot/evaluation.rb:18:in `create'
       # /home/ec2-user/.rvm/gems/ruby-3.1.2/gems/factory_bot-6.2.1/lib/factory_bot/strategy/create.rb:12:in `block in result'
       # /home/ec2-user/.rvm/gems/ruby-3.1.2/gems/factory_bot-6.2.1/lib/factory_bot/strategy/create.rb:9:in `result'
       # /home/ec2-user/.rvm/gems/ruby-3.1.2/gems/factory_bot-6.2.1/lib/factory_bot/factory.rb:43:in `run'
       # /home/ec2-user/.rvm/gems/ruby-3.1.2/gems/factory_bot-6.2.1/lib/factory_bot/factory_runner.rb:29:in `block in run'
       # /home/ec2-user/.rvm/gems/ruby-3.1.2/gems/factory_bot-6.2.1/lib/factory_bot/factory_runner.rb:28:in `run'
       # /home/ec2-user/.rvm/gems/ruby-3.1.2/gems/factory_bot-6.2.1/lib/factory_bot/strategy_syntax_method_registrar.rb:28:in `block in define_singular_strategy_method'
       # ./spec/system/03_finishing_touches_spec.rb:4:in `block (2 levels) in <main>'
       # ------------------
       # --- Caused by: ---
       # SQLite3::BusyException:
       #   database is locked
       #   /home/ec2-user/.rvm/gems/ruby-3.1.2/gems/sqlite3-1.6.3-x86_64-linux/lib/sqlite3/statement.rb:108:in `step'

  104) [STEP3] 仕上げのテスト アイコンのテスト ヘッダー: ログインしていない場合 Sign upリンクのアイコンが表示される
       Failure/Error: let!(:user) { create(:user) }

       ActiveRecord::StatementInvalid:
         SQLite3::BusyException: database is locked
       # /home/ec2-user/.rvm/gems/ruby-3.1.2/gems/sqlite3-1.6.3-x86_64-linux/lib/sqlite3/statement.rb:108:in `step'
       # /home/ec2-user/.rvm/gems/ruby-3.1.2/gems/sqlite3-1.6.3-x86_64-linux/lib/sqlite3/statement.rb:108:in `block in each'
       # /home/ec2-user/.rvm/gems/ruby-3.1.2/gems/sqlite3-1.6.3-x86_64-linux/lib/sqlite3/statement.rb:107:in `loop'
       # /home/ec2-user/.rvm/gems/ruby-3.1.2/gems/sqlite3-1.6.3-x86_64-linux/lib/sqlite3/statement.rb:107:in `each'
       # /home/ec2-user/.rvm/gems/ruby-3.1.2/gems/factory_bot-6.2.1/lib/factory_bot/evaluation.rb:18:in `create'
       # /home/ec2-user/.rvm/gems/ruby-3.1.2/gems/factory_bot-6.2.1/lib/factory_bot/strategy/create.rb:12:in `block in result'
       # /home/ec2-user/.rvm/gems/ruby-3.1.2/gems/factory_bot-6.2.1/lib/factory_bot/strategy/create.rb:9:in `result'
       # /home/ec2-user/.rvm/gems/ruby-3.1.2/gems/factory_bot-6.2.1/lib/factory_bot/factory.rb:43:in `run'
       # /home/ec2-user/.rvm/gems/ruby-3.1.2/gems/factory_bot-6.2.1/lib/factory_bot/factory_runner.rb:29:in `block in run'
       # /home/ec2-user/.rvm/gems/ruby-3.1.2/gems/factory_bot-6.2.1/lib/factory_bot/factory_runner.rb:28:in `run'
       # /home/ec2-user/.rvm/gems/ruby-3.1.2/gems/factory_bot-6.2.1/lib/factory_bot/strategy_syntax_method_registrar.rb:28:in `block in define_singular_strategy_method'
       # ./spec/system/03_finishing_touches_spec.rb:4:in `block (2 levels) in <main>'
       # ------------------
       # --- Caused by: ---
       # SQLite3::BusyException:
       #   database is locked
       #   /home/ec2-user/.rvm/gems/ruby-3.1.2/gems/sqlite3-1.6.3-x86_64-linux/lib/sqlite3/statement.rb:108:in `step'

  105) [STEP3] 仕上げのテスト アイコンのテスト ヘッダー: ログインしていない場合 Log inリンクのアイコンが表示される
       Failure/Error: let!(:user) { create(:user) }

       ActiveRecord::StatementInvalid:
         SQLite3::BusyException: database is locked
       # /home/ec2-user/.rvm/gems/ruby-3.1.2/gems/sqlite3-1.6.3-x86_64-linux/lib/sqlite3/statement.rb:108:in `step'
       # /home/ec2-user/.rvm/gems/ruby-3.1.2/gems/sqlite3-1.6.3-x86_64-linux/lib/sqlite3/statement.rb:108:in `block in each'
       # /home/ec2-user/.rvm/gems/ruby-3.1.2/gems/sqlite3-1.6.3-x86_64-linux/lib/sqlite3/statement.rb:107:in `loop'
       # /home/ec2-user/.rvm/gems/ruby-3.1.2/gems/sqlite3-1.6.3-x86_64-linux/lib/sqlite3/statement.rb:107:in `each'
       # /home/ec2-user/.rvm/gems/ruby-3.1.2/gems/factory_bot-6.2.1/lib/factory_bot/evaluation.rb:18:in `create'
       # /home/ec2-user/.rvm/gems/ruby-3.1.2/gems/factory_bot-6.2.1/lib/factory_bot/strategy/create.rb:12:in `block in result'
       # /home/ec2-user/.rvm/gems/ruby-3.1.2/gems/factory_bot-6.2.1/lib/factory_bot/strategy/create.rb:9:in `result'
       # /home/ec2-user/.rvm/gems/ruby-3.1.2/gems/factory_bot-6.2.1/lib/factory_bot/factory.rb:43:in `run'
       # /home/ec2-user/.rvm/gems/ruby-3.1.2/gems/factory_bot-6.2.1/lib/factory_bot/factory_runner.rb:29:in `block in run'
       # /home/ec2-user/.rvm/gems/ruby-3.1.2/gems/factory_bot-6.2.1/lib/factory_bot/factory_runner.rb:28:in `run'
       # /home/ec2-user/.rvm/gems/ruby-3.1.2/gems/factory_bot-6.2.1/lib/factory_bot/strategy_syntax_method_registrar.rb:28:in `block in define_singular_strategy_method'
       # ./spec/system/03_finishing_touches_spec.rb:4:in `block (2 levels) in <main>'
       # ------------------
       # --- Caused by: ---
       # SQLite3::BusyException:
       #   database is locked
       #   /home/ec2-user/.rvm/gems/ruby-3.1.2/gems/sqlite3-1.6.3-x86_64-linux/lib/sqlite3/statement.rb:108:in `step'

  106) [STEP3] 仕上げのテスト アイコンのテスト ヘッダー: ログインしている場合 Homeリンクのアイコンが表示される
       Failure/Error: let!(:user) { create(:user) }

       ActiveRecord::StatementInvalid:
         SQLite3::BusyException: database is locked
       # /home/ec2-user/.rvm/gems/ruby-3.1.2/gems/sqlite3-1.6.3-x86_64-linux/lib/sqlite3/statement.rb:108:in `step'
       # /home/ec2-user/.rvm/gems/ruby-3.1.2/gems/sqlite3-1.6.3-x86_64-linux/lib/sqlite3/statement.rb:108:in `block in each'
       # /home/ec2-user/.rvm/gems/ruby-3.1.2/gems/sqlite3-1.6.3-x86_64-linux/lib/sqlite3/statement.rb:107:in `loop'
       # /home/ec2-user/.rvm/gems/ruby-3.1.2/gems/sqlite3-1.6.3-x86_64-linux/lib/sqlite3/statement.rb:107:in `each'
       # /home/ec2-user/.rvm/gems/ruby-3.1.2/gems/factory_bot-6.2.1/lib/factory_bot/evaluation.rb:18:in `create'
       # /home/ec2-user/.rvm/gems/ruby-3.1.2/gems/factory_bot-6.2.1/lib/factory_bot/strategy/create.rb:12:in `block in result'
       # /home/ec2-user/.rvm/gems/ruby-3.1.2/gems/factory_bot-6.2.1/lib/factory_bot/strategy/create.rb:9:in `result'
       # /home/ec2-user/.rvm/gems/ruby-3.1.2/gems/factory_bot-6.2.1/lib/factory_bot/factory.rb:43:in `run'
       # /home/ec2-user/.rvm/gems/ruby-3.1.2/gems/factory_bot-6.2.1/lib/factory_bot/factory_runner.rb:29:in `block in run'
       # /home/ec2-user/.rvm/gems/ruby-3.1.2/gems/factory_bot-6.2.1/lib/factory_bot/factory_runner.rb:28:in `run'
       # /home/ec2-user/.rvm/gems/ruby-3.1.2/gems/factory_bot-6.2.1/lib/factory_bot/strategy_syntax_method_registrar.rb:28:in `block in define_singular_strategy_method'
       # ./spec/system/03_finishing_touches_spec.rb:4:in `block (2 levels) in <main>'
       # ------------------
       # --- Caused by: ---
       # SQLite3::BusyException:
       #   database is locked
       #   /home/ec2-user/.rvm/gems/ruby-3.1.2/gems/sqlite3-1.6.3-x86_64-linux/lib/sqlite3/statement.rb:108:in `step'

  107) [STEP3] 仕上げのテスト アイコンのテスト ヘッダー: ログインしている場合 Usersリンクのアイコンが表示される
       Failure/Error: let!(:user) { create(:user) }

       ActiveRecord::StatementInvalid:
         SQLite3::BusyException: database is locked
       # /home/ec2-user/.rvm/gems/ruby-3.1.2/gems/sqlite3-1.6.3-x86_64-linux/lib/sqlite3/statement.rb:108:in `step'
       # /home/ec2-user/.rvm/gems/ruby-3.1.2/gems/sqlite3-1.6.3-x86_64-linux/lib/sqlite3/statement.rb:108:in `block in each'
       # /home/ec2-user/.rvm/gems/ruby-3.1.2/gems/sqlite3-1.6.3-x86_64-linux/lib/sqlite3/statement.rb:107:in `loop'
       # /home/ec2-user/.rvm/gems/ruby-3.1.2/gems/sqlite3-1.6.3-x86_64-linux/lib/sqlite3/statement.rb:107:in `each'
       # /home/ec2-user/.rvm/gems/ruby-3.1.2/gems/factory_bot-6.2.1/lib/factory_bot/evaluation.rb:18:in `create'
       # /home/ec2-user/.rvm/gems/ruby-3.1.2/gems/factory_bot-6.2.1/lib/factory_bot/strategy/create.rb:12:in `block in result'
       # /home/ec2-user/.rvm/gems/ruby-3.1.2/gems/factory_bot-6.2.1/lib/factory_bot/strategy/create.rb:9:in `result'
       # /home/ec2-user/.rvm/gems/ruby-3.1.2/gems/factory_bot-6.2.1/lib/factory_bot/factory.rb:43:in `run'
       # /home/ec2-user/.rvm/gems/ruby-3.1.2/gems/factory_bot-6.2.1/lib/factory_bot/factory_runner.rb:29:in `block in run'
       # /home/ec2-user/.rvm/gems/ruby-3.1.2/gems/factory_bot-6.2.1/lib/factory_bot/factory_runner.rb:28:in `run'
       # /home/ec2-user/.rvm/gems/ruby-3.1.2/gems/factory_bot-6.2.1/lib/factory_bot/strategy_syntax_method_registrar.rb:28:in `block in define_singular_strategy_method'
       # ./spec/system/03_finishing_touches_spec.rb:4:in `block (2 levels) in <main>'
       # ------------------
       # --- Caused by: ---
       # SQLite3::BusyException:
       #   database is locked
       #   /home/ec2-user/.rvm/gems/ruby-3.1.2/gems/sqlite3-1.6.3-x86_64-linux/lib/sqlite3/statement.rb:108:in `step'

  108) [STEP3] 仕上げのテスト アイコンのテスト ヘッダー: ログインしている場合 Booksリンクのアイコンが表示される
       Failure/Error: let!(:user) { create(:user) }

       ActiveRecord::StatementInvalid:
         SQLite3::BusyException: database is locked
       # /home/ec2-user/.rvm/gems/ruby-3.1.2/gems/sqlite3-1.6.3-x86_64-linux/lib/sqlite3/statement.rb:108:in `step'
       # /home/ec2-user/.rvm/gems/ruby-3.1.2/gems/sqlite3-1.6.3-x86_64-linux/lib/sqlite3/statement.rb:108:in `block in each'
       # /home/ec2-user/.rvm/gems/ruby-3.1.2/gems/sqlite3-1.6.3-x86_64-linux/lib/sqlite3/statement.rb:107:in `loop'
       # /home/ec2-user/.rvm/gems/ruby-3.1.2/gems/sqlite3-1.6.3-x86_64-linux/lib/sqlite3/statement.rb:107:in `each'
       # /home/ec2-user/.rvm/gems/ruby-3.1.2/gems/factory_bot-6.2.1/lib/factory_bot/evaluation.rb:18:in `create'
       # /home/ec2-user/.rvm/gems/ruby-3.1.2/gems/factory_bot-6.2.1/lib/factory_bot/strategy/create.rb:12:in `block in result'
       # /home/ec2-user/.rvm/gems/ruby-3.1.2/gems/factory_bot-6.2.1/lib/factory_bot/strategy/create.rb:9:in `result'
       # /home/ec2-user/.rvm/gems/ruby-3.1.2/gems/factory_bot-6.2.1/lib/factory_bot/factory.rb:43:in `run'
       # /home/ec2-user/.rvm/gems/ruby-3.1.2/gems/factory_bot-6.2.1/lib/factory_bot/factory_runner.rb:29:in `block in run'
       # /home/ec2-user/.rvm/gems/ruby-3.1.2/gems/factory_bot-6.2.1/lib/factory_bot/factory_runner.rb:28:in `run'
       # /home/ec2-user/.rvm/gems/ruby-3.1.2/gems/factory_bot-6.2.1/lib/factory_bot/strategy_syntax_method_registrar.rb:28:in `block in define_singular_strategy_method'
       # ./spec/system/03_finishing_touches_spec.rb:4:in `block (2 levels) in <main>'
       # ------------------
       # --- Caused by: ---
       # SQLite3::BusyException:
       #   database is locked
       #   /home/ec2-user/.rvm/gems/ruby-3.1.2/gems/sqlite3-1.6.3-x86_64-linux/lib/sqlite3/statement.rb:108:in `step'

  109) [STEP3] 仕上げのテスト アイコンのテスト ヘッダー: ログインしている場合 Log outリンクのアイコンが表示される
       Failure/Error: let!(:user) { create(:user) }

       ActiveRecord::StatementInvalid:
         SQLite3::BusyException: database is locked
       # /home/ec2-user/.rvm/gems/ruby-3.1.2/gems/sqlite3-1.6.3-x86_64-linux/lib/sqlite3/statement.rb:108:in `step'
       # /home/ec2-user/.rvm/gems/ruby-3.1.2/gems/sqlite3-1.6.3-x86_64-linux/lib/sqlite3/statement.rb:108:in `block in each'
       # /home/ec2-user/.rvm/gems/ruby-3.1.2/gems/sqlite3-1.6.3-x86_64-linux/lib/sqlite3/statement.rb:107:in `loop'
       # /home/ec2-user/.rvm/gems/ruby-3.1.2/gems/sqlite3-1.6.3-x86_64-linux/lib/sqlite3/statement.rb:107:in `each'
       # /home/ec2-user/.rvm/gems/ruby-3.1.2/gems/factory_bot-6.2.1/lib/factory_bot/evaluation.rb:18:in `create'
       # /home/ec2-user/.rvm/gems/ruby-3.1.2/gems/factory_bot-6.2.1/lib/factory_bot/strategy/create.rb:12:in `block in result'
       # /home/ec2-user/.rvm/gems/ruby-3.1.2/gems/factory_bot-6.2.1/lib/factory_bot/strategy/create.rb:9:in `result'
       # /home/ec2-user/.rvm/gems/ruby-3.1.2/gems/factory_bot-6.2.1/lib/factory_bot/factory.rb:43:in `run'
       # /home/ec2-user/.rvm/gems/ruby-3.1.2/gems/factory_bot-6.2.1/lib/factory_bot/factory_runner.rb:29:in `block in run'
       # /home/ec2-user/.rvm/gems/ruby-3.1.2/gems/factory_bot-6.2.1/lib/factory_bot/factory_runner.rb:28:in `run'
       # /home/ec2-user/.rvm/gems/ruby-3.1.2/gems/factory_bot-6.2.1/lib/factory_bot/strategy_syntax_method_registrar.rb:28:in `block in define_singular_strategy_method'
       # ./spec/system/03_finishing_touches_spec.rb:4:in `block (2 levels) in <main>'
       # ------------------
       # --- Caused by: ---
       # SQLite3::BusyException:
       #   database is locked
       #   /home/ec2-user/.rvm/gems/ruby-3.1.2/gems/sqlite3-1.6.3-x86_64-linux/lib/sqlite3/statement.rb:108:in `step'

  110) [STEP3] 仕上げのテスト アイコンのテスト サイドバー ユーザ一覧画面でレンチアイコンが表示される
       Failure/Error: let!(:user) { create(:user) }

       ActiveRecord::StatementInvalid:
         SQLite3::BusyException: database is locked
       # /home/ec2-user/.rvm/gems/ruby-3.1.2/gems/sqlite3-1.6.3-x86_64-linux/lib/sqlite3/statement.rb:108:in `step'
       # /home/ec2-user/.rvm/gems/ruby-3.1.2/gems/sqlite3-1.6.3-x86_64-linux/lib/sqlite3/statement.rb:108:in `block in each'
       # /home/ec2-user/.rvm/gems/ruby-3.1.2/gems/sqlite3-1.6.3-x86_64-linux/lib/sqlite3/statement.rb:107:in `loop'
       # /home/ec2-user/.rvm/gems/ruby-3.1.2/gems/sqlite3-1.6.3-x86_64-linux/lib/sqlite3/statement.rb:107:in `each'
       # /home/ec2-user/.rvm/gems/ruby-3.1.2/gems/factory_bot-6.2.1/lib/factory_bot/evaluation.rb:18:in `create'
       # /home/ec2-user/.rvm/gems/ruby-3.1.2/gems/factory_bot-6.2.1/lib/factory_bot/strategy/create.rb:12:in `block in result'
       # /home/ec2-user/.rvm/gems/ruby-3.1.2/gems/factory_bot-6.2.1/lib/factory_bot/strategy/create.rb:9:in `result'
       # /home/ec2-user/.rvm/gems/ruby-3.1.2/gems/factory_bot-6.2.1/lib/factory_bot/factory.rb:43:in `run'
       # /home/ec2-user/.rvm/gems/ruby-3.1.2/gems/factory_bot-6.2.1/lib/factory_bot/factory_runner.rb:29:in `block in run'
       # /home/ec2-user/.rvm/gems/ruby-3.1.2/gems/factory_bot-6.2.1/lib/factory_bot/factory_runner.rb:28:in `run'
       # /home/ec2-user/.rvm/gems/ruby-3.1.2/gems/factory_bot-6.2.1/lib/factory_bot/strategy_syntax_method_registrar.rb:28:in `block in define_singular_strategy_method'
       # ./spec/system/03_finishing_touches_spec.rb:4:in `block (2 levels) in <main>'
       # ------------------
       # --- Caused by: ---
       # SQLite3::BusyException:
       #   database is locked
       #   /home/ec2-user/.rvm/gems/ruby-3.1.2/gems/sqlite3-1.6.3-x86_64-linux/lib/sqlite3/statement.rb:108:in `step'

  111) [STEP3] 仕上げのテスト アイコンのテスト サイドバー ユーザ詳細画面でレンチアイコンが表示される
       Failure/Error: let!(:user) { create(:user) }

       ActiveRecord::StatementInvalid:
         SQLite3::BusyException: database is locked
       # /home/ec2-user/.rvm/gems/ruby-3.1.2/gems/sqlite3-1.6.3-x86_64-linux/lib/sqlite3/statement.rb:108:in `step'
       # /home/ec2-user/.rvm/gems/ruby-3.1.2/gems/sqlite3-1.6.3-x86_64-linux/lib/sqlite3/statement.rb:108:in `block in each'
       # /home/ec2-user/.rvm/gems/ruby-3.1.2/gems/sqlite3-1.6.3-x86_64-linux/lib/sqlite3/statement.rb:107:in `loop'
       # /home/ec2-user/.rvm/gems/ruby-3.1.2/gems/sqlite3-1.6.3-x86_64-linux/lib/sqlite3/statement.rb:107:in `each'
       # /home/ec2-user/.rvm/gems/ruby-3.1.2/gems/factory_bot-6.2.1/lib/factory_bot/evaluation.rb:18:in `create'
       # /home/ec2-user/.rvm/gems/ruby-3.1.2/gems/factory_bot-6.2.1/lib/factory_bot/strategy/create.rb:12:in `block in result'
       # /home/ec2-user/.rvm/gems/ruby-3.1.2/gems/factory_bot-6.2.1/lib/factory_bot/strategy/create.rb:9:in `result'
       # /home/ec2-user/.rvm/gems/ruby-3.1.2/gems/factory_bot-6.2.1/lib/factory_bot/factory.rb:43:in `run'
       # /home/ec2-user/.rvm/gems/ruby-3.1.2/gems/factory_bot-6.2.1/lib/factory_bot/factory_runner.rb:29:in `block in run'
       # /home/ec2-user/.rvm/gems/ruby-3.1.2/gems/factory_bot-6.2.1/lib/factory_bot/factory_runner.rb:28:in `run'
       # /home/ec2-user/.rvm/gems/ruby-3.1.2/gems/factory_bot-6.2.1/lib/factory_bot/strategy_syntax_method_registrar.rb:28:in `block in define_singular_strategy_method'
       # ./spec/system/03_finishing_touches_spec.rb:4:in `block (2 levels) in <main>'
       # ------------------
       # --- Caused by: ---
       # SQLite3::BusyException:
       #   database is locked
       #   /home/ec2-user/.rvm/gems/ruby-3.1.2/gems/sqlite3-1.6.3-x86_64-linux/lib/sqlite3/statement.rb:108:in `step'

  112) [STEP3] 仕上げのテスト アイコンのテスト サイドバー 投稿一覧画面でレンチアイコンが表示される
       Failure/Error: let!(:user) { create(:user) }

       ActiveRecord::StatementInvalid:
         SQLite3::BusyException: database is locked
       # /home/ec2-user/.rvm/gems/ruby-3.1.2/gems/sqlite3-1.6.3-x86_64-linux/lib/sqlite3/statement.rb:108:in `step'
       # /home/ec2-user/.rvm/gems/ruby-3.1.2/gems/sqlite3-1.6.3-x86_64-linux/lib/sqlite3/statement.rb:108:in `block in each'
       # /home/ec2-user/.rvm/gems/ruby-3.1.2/gems/sqlite3-1.6.3-x86_64-linux/lib/sqlite3/statement.rb:107:in `loop'
       # /home/ec2-user/.rvm/gems/ruby-3.1.2/gems/sqlite3-1.6.3-x86_64-linux/lib/sqlite3/statement.rb:107:in `each'
       # /home/ec2-user/.rvm/gems/ruby-3.1.2/gems/factory_bot-6.2.1/lib/factory_bot/evaluation.rb:18:in `create'
       # /home/ec2-user/.rvm/gems/ruby-3.1.2/gems/factory_bot-6.2.1/lib/factory_bot/strategy/create.rb:12:in `block in result'
       # /home/ec2-user/.rvm/gems/ruby-3.1.2/gems/factory_bot-6.2.1/lib/factory_bot/strategy/create.rb:9:in `result'
       # /home/ec2-user/.rvm/gems/ruby-3.1.2/gems/factory_bot-6.2.1/lib/factory_bot/factory.rb:43:in `run'
       # /home/ec2-user/.rvm/gems/ruby-3.1.2/gems/factory_bot-6.2.1/lib/factory_bot/factory_runner.rb:29:in `block in run'
       # /home/ec2-user/.rvm/gems/ruby-3.1.2/gems/factory_bot-6.2.1/lib/factory_bot/factory_runner.rb:28:in `run'
       # /home/ec2-user/.rvm/gems/ruby-3.1.2/gems/factory_bot-6.2.1/lib/factory_bot/strategy_syntax_method_registrar.rb:28:in `block in define_singular_strategy_method'
       # ./spec/system/03_finishing_touches_spec.rb:4:in `block (2 levels) in <main>'
       # ------------------
       # --- Caused by: ---
       # SQLite3::BusyException:
       #   database is locked
       #   /home/ec2-user/.rvm/gems/ruby-3.1.2/gems/sqlite3-1.6.3-x86_64-linux/lib/sqlite3/statement.rb:108:in `step'

  113) [STEP3] 仕上げのテスト アイコンのテスト サイドバー 投稿詳細画面でレンチアイコンが表示される
       Failure/Error: let!(:user) { create(:user) }

       ActiveRecord::StatementInvalid:
         SQLite3::BusyException: database is locked
       # /home/ec2-user/.rvm/gems/ruby-3.1.2/gems/sqlite3-1.6.3-x86_64-linux/lib/sqlite3/statement.rb:108:in `step'
       # /home/ec2-user/.rvm/gems/ruby-3.1.2/gems/sqlite3-1.6.3-x86_64-linux/lib/sqlite3/statement.rb:108:in `block in each'
       # /home/ec2-user/.rvm/gems/ruby-3.1.2/gems/sqlite3-1.6.3-x86_64-linux/lib/sqlite3/statement.rb:107:in `loop'
       # /home/ec2-user/.rvm/gems/ruby-3.1.2/gems/sqlite3-1.6.3-x86_64-linux/lib/sqlite3/statement.rb:107:in `each'
       # /home/ec2-user/.rvm/gems/ruby-3.1.2/gems/factory_bot-6.2.1/lib/factory_bot/evaluation.rb:18:in `create'
       # /home/ec2-user/.rvm/gems/ruby-3.1.2/gems/factory_bot-6.2.1/lib/factory_bot/strategy/create.rb:12:in `block in result'
       # /home/ec2-user/.rvm/gems/ruby-3.1.2/gems/factory_bot-6.2.1/lib/factory_bot/strategy/create.rb:9:in `result'
       # /home/ec2-user/.rvm/gems/ruby-3.1.2/gems/factory_bot-6.2.1/lib/factory_bot/factory.rb:43:in `run'
       # /home/ec2-user/.rvm/gems/ruby-3.1.2/gems/factory_bot-6.2.1/lib/factory_bot/factory_runner.rb:29:in `block in run'
       # /home/ec2-user/.rvm/gems/ruby-3.1.2/gems/factory_bot-6.2.1/lib/factory_bot/factory_runner.rb:28:in `run'
       # /home/ec2-user/.rvm/gems/ruby-3.1.2/gems/factory_bot-6.2.1/lib/factory_bot/strategy_syntax_method_registrar.rb:28:in `block in define_singular_strategy_method'
       # ./spec/system/03_finishing_touches_spec.rb:4:in `block (2 levels) in <main>'
       # ------------------
       # --- Caused by: ---
       # SQLite3::BusyException:
       #   database is locked
       #   /home/ec2-user/.rvm/gems/ruby-3.1.2/gems/sqlite3-1.6.3-x86_64-linux/lib/sqlite3/statement.rb:108:in `step'

Finished in 39.78 seconds (files took 2.94 seconds to load)
199 examples, 113 failures

Failed examples:

rspec ./spec/system/01_before_login_spec.rb:38 # [STEP1] ユーザログイン前のテスト アバウト画面のテスト 表示内容の確認 URLが正しい
rspec ./spec/system/01_before_login_spec.rb:89 # [STEP1] ユーザログイン前のテスト ヘッダーのテスト: ログインしていない場合 リンクの内容を確認 Aboutを押すと、アバウト画面に遷移する
rspec ./spec/system/01_before_login_spec.rb:150 # [STEP1] ユーザログイン前のテスト ユーザ新規登録のテスト 新規登録成功のテスト 新規登録後のリダイレクト先が、新規登録できたユーザの詳細画面になっている
rspec ./spec/system/01_before_login_spec.rb:192 # [STEP1] ユーザログイン前のテスト ユーザログイン ログイン成功のテスト ログイン後のリダイレクト先が、ログインしたユーザの詳細画面になっている
rspec ./spec/system/01_before_login_spec.rb:258 # [STEP1] ユーザログイン前のテスト ユーザログアウトのテスト ログアウト機能のテスト 正しくログアウトできている: ログアウト後のリダイレクト先においてAbout画面へのリンクが存在する
rspec ./spec/system/01_before_login_spec.rb:261 # [STEP1] ユーザログイン前のテスト ユーザログアウトのテスト ログアウト機能のテスト ログアウト後のリダイレクト先が、トップになっている
rspec ./spec/system/02_after_login_spec.rb:20 # [STEP2] ユーザログイン後のテスト ヘッダーのテスト: ログインしている場合 リンクの内容を確認: ※logoutは『ユーザログアウトのテスト』でテスト済みになります。 Homeを押すと、自分のユーザ詳細画面に遷移する
rspec ./spec/system/02_after_login_spec.rb:50 # [STEP2] ユーザログイン後のテスト 投稿一覧画面のテスト 表示内容の確認 自分と他人の画像のリンク先が正しい
rspec ./spec/system/02_after_login_spec.rb:65 # [STEP2] ユーザログイン後のテスト 投稿一覧画面のテスト サイドバーの確認 自分の名前と紹介文が表示される
rspec ./spec/system/02_after_login_spec.rb:69 # [STEP2] ユーザログイン後のテスト 投稿一覧画面のテスト サイドバーの確認 自分のユーザ編集画面へのリンクが存在する
rspec ./spec/system/02_after_login_spec.rb:101 # [STEP2] ユーザログイン後のテスト 投稿一覧画面のテスト 投稿成功のテスト リダイレクト先が、保存できた投稿の詳細画面になっている
rspec ./spec/system/02_after_login_spec.rb:114 # [STEP2] ユーザログイン後のテスト 自分の投稿詳細画面のテスト 表示内容の確認 URLが正しい
rspec ./spec/system/02_after_login_spec.rb:117 # [STEP2] ユーザログイン後のテスト 自分の投稿詳細画面のテスト 表示内容の確認 「Book detail」と表示される
rspec ./spec/system/02_after_login_spec.rb:120 # [STEP2] ユーザログイン後のテスト 自分の投稿詳細画面のテスト 表示内容の確認 ユーザ画像・名前のリンク先が正しい
rspec ./spec/system/02_after_login_spec.rb:123 # [STEP2] ユーザログイン後のテスト 自分の投稿詳細画面のテスト 表示内容の確認 投稿のtitleが表示される
rspec ./spec/system/02_after_login_spec.rb:126 # [STEP2] ユーザログイン後のテスト 自分の投稿詳細画面のテスト 表示内容の確認 投稿のbodyが表示される
rspec ./spec/system/02_after_login_spec.rb:129 # [STEP2] ユーザログイン後のテスト 自分の投稿詳細画面のテスト 表示内容の確認 投稿の編集リンクが表示される
rspec ./spec/system/02_after_login_spec.rb:132 # [STEP2] ユーザログイン後のテスト 自分の投稿詳細画面のテスト 表示内容の確認 投稿の削除リンクが表示される
rspec ./spec/system/02_after_login_spec.rb:138 # [STEP2] ユーザログイン後のテスト 自分の投稿詳細画面のテスト サイドバーの確認 自分の名前と紹介文が表示される
rspec ./spec/system/02_after_login_spec.rb:142 # [STEP2] ユーザログイン後のテスト 自分の投稿詳細画面のテスト サイドバーの確認 自分のユーザ編集画面へのリンクが存在する
rspec ./spec/system/02_after_login_spec.rb:145 # [STEP2] ユーザログイン後のテスト 自分の投稿詳細画面のテスト サイドバーの確認 「New book」と表示される
rspec ./spec/system/02_after_login_spec.rb:148 # [STEP2] ユーザログイン後のテスト 自分の投稿詳細画面のテスト サイドバーの確認 titleフォームが表示される
rspec ./spec/system/02_after_login_spec.rb:151 # [STEP2] ユーザログイン後のテスト 自分の投稿詳細画面のテスト サイドバーの確認 titleフォームに値が入っていない
rspec ./spec/system/02_after_login_spec.rb:154 # [STEP2] ユーザログイン後のテスト 自分の投稿詳細画面のテスト サイドバーの確認 bodyフォームが表示される
rspec ./spec/system/02_after_login_spec.rb:157 # [STEP2] ユーザログイン後のテスト 自分の投稿詳細画面のテスト サイドバーの確認 bodyフォームに値が入っていない
rspec ./spec/system/02_after_login_spec.rb:160 # [STEP2] ユーザログイン後のテスト 自分の投稿詳細画面のテスト サイドバーの確認 Create Bookボタンが表示される
rspec ./spec/system/02_after_login_spec.rb:171 # [STEP2] ユーザログイン後のテスト 自分の投稿詳細画面のテスト 投稿成功のテスト 自分の新しい投稿が正しく保存される
rspec ./spec/system/02_after_login_spec.rb:180 # [STEP2] ユーザログイン後のテスト 自分の投稿詳細画面のテスト 編集リンクのテスト 編集画面に遷移する
rspec ./spec/system/02_after_login_spec.rb:189 # [STEP2] ユーザログイン後のテスト 自分の投稿詳細画面のテスト 削除リンクのテスト application.html.erbにjavascript_pack_tagを含んでいる
rspec ./spec/system/02_after_login_spec.rb:203 # [STEP2] ユーザログイン後のテスト 自分の投稿詳細画面のテスト 削除リンクのテスト 正しく削除される
rspec ./spec/system/02_after_login_spec.rb:206 # [STEP2] ユーザログイン後のテスト 自分の投稿詳細画面のテスト 削除リンクのテスト リダイレクト先が、投稿一覧画面になっている
rspec ./spec/system/02_after_login_spec.rb:218 # [STEP2] ユーザログイン後のテスト 自分の投稿編集画面のテスト 表示の確認 URLが正しい
rspec ./spec/system/02_after_login_spec.rb:221 # [STEP2] ユーザログイン後のテスト 自分の投稿編集画面のテスト 表示の確認 「Editing Book」と表示される
rspec ./spec/system/02_after_login_spec.rb:224 # [STEP2] ユーザログイン後のテスト 自分の投稿編集画面のテスト 表示の確認 title編集フォームが表示される
rspec ./spec/system/02_after_login_spec.rb:227 # [STEP2] ユーザログイン後のテスト 自分の投稿編集画面のテスト 表示の確認 body編集フォームが表示される
rspec ./spec/system/02_after_login_spec.rb:230 # [STEP2] ユーザログイン後のテスト 自分の投稿編集画面のテスト 表示の確認 Update Bookボタンが表示される
rspec ./spec/system/02_after_login_spec.rb:233 # [STEP2] ユーザログイン後のテスト 自分の投稿編集画面のテスト 表示の確認 Showリンクが表示される
rspec ./spec/system/02_after_login_spec.rb:236 # [STEP2] ユーザログイン後のテスト 自分の投稿編集画面のテスト 表示の確認 Backリンクが表示される
rspec ./spec/system/02_after_login_spec.rb:250 # [STEP2] ユーザログイン後のテスト 自分の投稿編集画面のテスト 編集成功のテスト titleが正しく更新される
rspec ./spec/system/02_after_login_spec.rb:253 # [STEP2] ユーザログイン後のテスト 自分の投稿編集画面のテスト 編集成功のテスト bodyが正しく更新される
rspec ./spec/system/02_after_login_spec.rb:256 # [STEP2] ユーザログイン後のテスト 自分の投稿編集画面のテスト 編集成功のテスト リダイレクト先が、更新した投稿の詳細画面になっている
rspec ./spec/system/02_after_login_spec.rb:272 # [STEP2] ユーザログイン後のテスト ユーザ一覧画面のテスト 表示内容の確認 自分と他人の画像が表示される: fallbackの画像がサイドバーの1つ＋一覧(2人)の2つの計3つ存在する
rspec ./spec/system/02_after_login_spec.rb:290 # [STEP2] ユーザログイン後のテスト ユーザ一覧画面のテスト サイドバーの確認 自分のユーザ編集画面へのリンクが存在する
rspec ./spec/system/02_after_login_spec.rb:293 # [STEP2] ユーザログイン後のテスト ユーザ一覧画面のテスト サイドバーの確認 「New book」と表示される
rspec ./spec/system/02_after_login_spec.rb:296 # [STEP2] ユーザログイン後のテスト ユーザ一覧画面のテスト サイドバーの確認 titleフォームが表示される
rspec ./spec/system/02_after_login_spec.rb:299 # [STEP2] ユーザログイン後のテスト ユーザ一覧画面のテスト サイドバーの確認 titleフォームに値が入っていない
rspec ./spec/system/02_after_login_spec.rb:302 # [STEP2] ユーザログイン後のテスト ユーザ一覧画面のテスト サイドバーの確認 bodyフォームが表示される
rspec ./spec/system/02_after_login_spec.rb:305 # [STEP2] ユーザログイン後のテスト ユーザ一覧画面のテスト サイドバーの確認 bodyフォームに値が入っていない
rspec ./spec/system/02_after_login_spec.rb:308 # [STEP2] ユーザログイン後のテスト ユーザ一覧画面のテスト サイドバーの確認 Create Bookボタンが表示される
rspec ./spec/system/02_after_login_spec.rb:323 # [STEP2] ユーザログイン後のテスト 自分のユーザ詳細画面のテスト 表示の確認 投稿一覧のユーザ画像のリンク先が正しい
rspec ./spec/system/02_after_login_spec.rb:326 # [STEP2] ユーザログイン後のテスト 自分のユーザ詳細画面のテスト 表示の確認 投稿一覧に自分の投稿のtitleが表示され、リンクが正しい
rspec ./spec/system/02_after_login_spec.rb:329 # [STEP2] ユーザログイン後のテスト 自分のユーザ詳細画面のテスト 表示の確認 投稿一覧に自分の投稿のbodyが表示される
rspec ./spec/system/02_after_login_spec.rb:340 # [STEP2] ユーザログイン後のテスト 自分のユーザ詳細画面のテスト サイドバーの確認 自分の名前と紹介文が表示される
rspec ./spec/system/02_after_login_spec.rb:347 # [STEP2] ユーザログイン後のテスト 自分のユーザ詳細画面のテスト サイドバーの確認 「New book」と表示される
rspec ./spec/system/02_after_login_spec.rb:350 # [STEP2] ユーザログイン後のテスト 自分のユーザ詳細画面のテスト サイドバーの確認 titleフォームが表示される
rspec ./spec/system/02_after_login_spec.rb:353 # [STEP2] ユーザログイン後のテスト 自分のユーザ詳細画面のテスト サイドバーの確認 titleフォームに値が入っていない
rspec ./spec/system/02_after_login_spec.rb:356 # [STEP2] ユーザログイン後のテスト 自分のユーザ詳細画面のテスト サイドバーの確認 bodyフォームが表示される
rspec ./spec/system/02_after_login_spec.rb:359 # [STEP2] ユーザログイン後のテスト 自分のユーザ詳細画面のテスト サイドバーの確認 bodyフォームに値が入っていない
rspec ./spec/system/02_after_login_spec.rb:362 # [STEP2] ユーザログイン後のテスト 自分のユーザ詳細画面のテスト サイドバーの確認 Create Bookボタンが表示される
rspec ./spec/system/02_after_login_spec.rb:405 # [STEP2] ユーザログイン後のテスト 自分のユーザ情報編集画面のテスト 更新成功のテスト introductionが正しく更新される
rspec ./spec/system/03_finishing_touches_spec.rb:12 # [STEP3] 仕上げのテスト サクセスメッセージのテスト ユーザ新規登録成功時
rspec ./spec/system/03_finishing_touches_spec.rb:21 # [STEP3] 仕上げのテスト サクセスメッセージのテスト ユーザログイン成功時
rspec ./spec/system/03_finishing_touches_spec.rb:28 # [STEP3] 仕上げのテスト サクセスメッセージのテスト ユーザログアウト成功時
rspec ./spec/system/03_finishing_touches_spec.rb:38 # [STEP3] 仕上げのテスト サクセスメッセージのテスト ユーザのプロフィール情報更新成功時
rspec ./spec/system/03_finishing_touches_spec.rb:47 # [STEP3] 仕上げのテスト サクセスメッセージのテスト 投稿データの新規投稿成功時: 投稿一覧画面から行います。
rspec ./spec/system/03_finishing_touches_spec.rb:58 # [STEP3] 仕上げのテスト サクセスメッセージのテスト 投稿データの更新成功時
rspec ./spec/system/03_finishing_touches_spec.rb:112 # [STEP3] 仕上げのテスト 処理失敗時のテスト ユーザのプロフィール情報編集失敗: nameを1文字にする ユーザ編集画面を表示しており、フォームの内容が正しい
rspec ./spec/system/03_finishing_touches_spec.rb:115 # [STEP3] 仕上げのテスト 処理失敗時のテスト ユーザのプロフィール情報編集失敗: nameを1文字にする バリデーションエラーが表示される
rspec ./spec/system/03_finishing_touches_spec.rb:134 # [STEP3] 仕上げのテスト 処理失敗時のテスト 投稿データの新規投稿失敗: 投稿一覧画面から行い、titleを空にする 投稿一覧画面を表示している
rspec ./spec/system/03_finishing_touches_spec.rb:162 # [STEP3] 仕上げのテスト 処理失敗時のテスト 投稿データの更新失敗: titleを空にする 投稿が更新されない
rspec ./spec/system/03_finishing_touches_spec.rb:165 # [STEP3] 仕上げのテスト 処理失敗時のテスト 投稿データの更新失敗: titleを空にする 投稿編集画面を表示しており、フォームの内容が正しい
rspec ./spec/system/03_finishing_touches_spec.rb:170 # [STEP3] 仕上げのテスト 処理失敗時のテスト 投稿データの更新失敗: titleを空にする エラーメッセージが表示される
rspec ./spec/system/03_finishing_touches_spec.rb:179 # [STEP3] 仕上げのテスト ログインしていない場合のアクセス制限のテスト: アクセスできず、ログイン画面に遷移する ユーザ一覧画面
rspec ./spec/system/03_finishing_touches_spec.rb:183 # [STEP3] 仕上げのテスト ログインしていない場合のアクセス制限のテスト: アクセスできず、ログイン画面に遷移する ユーザ詳細画面
rspec ./spec/system/03_finishing_touches_spec.rb:187 # [STEP3] 仕上げのテスト ログインしていない場合のアクセス制限のテスト: アクセスできず、ログイン画面に遷移する ユーザ情報編集画面
rspec ./spec/system/03_finishing_touches_spec.rb:191 # [STEP3] 仕上げのテスト ログインしていない場合のアクセス制限のテスト: アクセスできず、ログイン画面に遷移する 投稿一覧画面
rspec ./spec/system/03_finishing_touches_spec.rb:195 # [STEP3] 仕上げのテスト ログインしていない場合のアクセス制限のテスト: アクセスできず、ログイン画面に遷移する 投稿詳細画面
rspec ./spec/system/03_finishing_touches_spec.rb:199 # [STEP3] 仕上げのテスト ログインしていない場合のアクセス制限のテスト: アクセスできず、ログイン画面に遷移する 投稿編集画面
rspec ./spec/system/03_finishing_touches_spec.rb:219 # [STEP3] 仕上げのテスト 他人の画面のテスト 他人の投稿詳細画面のテスト 表示内容の確認 URLが正しい
rspec ./spec/system/03_finishing_touches_spec.rb:222 # [STEP3] 仕上げのテスト 他人の画面のテスト 他人の投稿詳細画面のテスト 表示内容の確認 「Book detail」と表示される
rspec ./spec/system/03_finishing_touches_spec.rb:225 # [STEP3] 仕上げのテスト 他人の画面のテスト 他人の投稿詳細画面のテスト 表示内容の確認 ユーザ画像・名前のリンク先が正しい
rspec ./spec/system/03_finishing_touches_spec.rb:228 # [STEP3] 仕上げのテスト 他人の画面のテスト 他人の投稿詳細画面のテスト 表示内容の確認 投稿のtitleが表示される
rspec ./spec/system/03_finishing_touches_spec.rb:231 # [STEP3] 仕上げのテスト 他人の画面のテスト 他人の投稿詳細画面のテスト 表示内容の確認 投稿のopinionが表示される
rspec ./spec/system/03_finishing_touches_spec.rb:234 # [STEP3] 仕上げのテスト 他人の画面のテスト 他人の投稿詳細画面のテスト 表示内容の確認 投稿の編集リンクが表示されない
rspec ./spec/system/03_finishing_touches_spec.rb:237 # [STEP3] 仕上げのテスト 他人の画面のテスト 他人の投稿詳細画面のテスト 表示内容の確認 投稿の削除リンクが表示されない
rspec ./spec/system/03_finishing_touches_spec.rb:243 # [STEP3] 仕上げのテスト 他人の画面のテスト 他人の投稿詳細画面のテスト サイドバーの確認 他人の名前と紹介文が表示される
rspec ./spec/system/03_finishing_touches_spec.rb:247 # [STEP3] 仕上げのテスト 他人の画面のテスト 他人の投稿詳細画面のテスト サイドバーの確認 他人のユーザ編集画面へのリンクが存在する
rspec ./spec/system/03_finishing_touches_spec.rb:250 # [STEP3] 仕上げのテスト 他人の画面のテスト 他人の投稿詳細画面のテスト サイドバーの確認 自分の名前と紹介文は表示されない
rspec ./spec/system/03_finishing_touches_spec.rb:254 # [STEP3] 仕上げのテスト 他人の画面のテスト 他人の投稿詳細画面のテスト サイドバーの確認 自分のユーザ編集画面へのリンクは存在しない
rspec ./spec/system/03_finishing_touches_spec.rb:265 # [STEP3] 仕上げのテスト 他人の画面のテスト 他人の投稿編集画面 遷移できず、投稿一覧画面にリダイレクトされる
rspec ./spec/system/03_finishing_touches_spec.rb:282 # [STEP3] 仕上げのテスト 他人の画面のテスト 他人のユーザ詳細画面のテスト 表示の確認 投稿一覧のユーザ画像のリンク先が正しい
rspec ./spec/system/03_finishing_touches_spec.rb:285 # [STEP3] 仕上げのテスト 他人の画面のテスト 他人のユーザ詳細画面のテスト 表示の確認 投稿一覧に他人の投稿のtitleが表示され、リンクが正しい
rspec ./spec/system/03_finishing_touches_spec.rb:288 # [STEP3] 仕上げのテスト 他人の画面のテスト 他人のユーザ詳細画面のテスト 表示の確認 投稿一覧に他人の投稿のopinionが表示される
rspec ./spec/system/03_finishing_touches_spec.rb:291 # [STEP3] 仕上げのテスト 他人の画面のテスト 他人のユーザ詳細画面のテスト 表示の確認 自分の投稿は表示されない
rspec ./spec/system/03_finishing_touches_spec.rb:298 # [STEP3] 仕上げのテスト 他人の画面のテスト 他人のユーザ詳細画面のテスト サイドバーの確認 他人の名前と紹介文が表示される
rspec ./spec/system/03_finishing_touches_spec.rb:316 # [STEP3] 仕上げのテスト 他人の画面のテスト 他人のユーザ情報編集画面 遷移できず、自分のユーザ詳細画面にリダイレクトされる
rspec ./spec/system/03_finishing_touches_spec.rb:333 # [STEP3] 仕上げのテスト グリッドシステムのテスト: container, row, col-md-〇を正しく使えている ユーザ一覧画面
rspec ./spec/system/03_finishing_touches_spec.rb:338 # [STEP3] 仕上げのテスト グリッドシステムのテスト: container, row, col-md-〇を正しく使えている ユーザ詳細画面
rspec ./spec/system/03_finishing_touches_spec.rb:343 # [STEP3] 仕上げのテスト グリッドシステムのテスト: container, row, col-md-〇を正しく使えている 投稿一覧画面
rspec ./spec/system/03_finishing_touches_spec.rb:348 # [STEP3] 仕上げのテスト グリッドシステムのテスト: container, row, col-md-〇を正しく使えている 投稿詳細画面
rspec ./spec/system/03_finishing_touches_spec.rb:375 # [STEP3] 仕上げのテスト アイコンのテスト アバウト画面 本のアイコンが表示される
rspec ./spec/system/03_finishing_touches_spec.rb:387 # [STEP3] 仕上げのテスト アイコンのテスト ヘッダー: ログインしていない場合 Homeリンクのアイコンが表示される
rspec ./spec/system/03_finishing_touches_spec.rb:390 # [STEP3] 仕上げのテスト アイコンのテスト ヘッダー: ログインしていない場合 Aboutリンクのアイコンが表示される
rspec ./spec/system/03_finishing_touches_spec.rb:393 # [STEP3] 仕上げのテスト アイコンのテスト ヘッダー: ログインしていない場合 Sign upリンクのアイコンが表示される
rspec ./spec/system/03_finishing_touches_spec.rb:396 # [STEP3] 仕上げのテスト アイコンのテスト ヘッダー: ログインしていない場合 Log inリンクのアイコンが表示される
rspec ./spec/system/03_finishing_touches_spec.rb:411 # [STEP3] 仕上げのテスト アイコンのテスト ヘッダー: ログインしている場合 Homeリンクのアイコンが表示される
rspec ./spec/system/03_finishing_touches_spec.rb:414 # [STEP3] 仕上げのテスト アイコンのテスト ヘッダー: ログインしている場合 Usersリンクのアイコンが表示される
rspec ./spec/system/03_finishing_touches_spec.rb:417 # [STEP3] 仕上げのテスト アイコンのテスト ヘッダー: ログインしている場合 Booksリンクのアイコンが表示される
rspec ./spec/system/03_finishing_touches_spec.rb:420 # [STEP3] 仕上げのテスト アイコンのテスト ヘッダー: ログインしている場合 Log outリンクのアイコンが表示される
rspec ./spec/system/03_finishing_touches_spec.rb:435 # [STEP3] 仕上げのテスト アイコンのテスト サイドバー ユーザ一覧画面でレンチアイコンが表示される
rspec ./spec/system/03_finishing_touches_spec.rb:439 # [STEP3] 仕上げのテスト アイコンのテスト サイドバー ユーザ詳細画面でレンチアイコンが表示される
rspec ./spec/system/03_finishing_touches_spec.rb:443 # [STEP3] 仕上げのテスト アイコンのテスト サイドバー 投稿一覧画面でレンチアイコンが表示される
rspec ./spec/system/03_finishing_touches_spec.rb:447 # [STEP3] 仕上げのテスト アイコンのテスト サイドバー 投稿詳細画面でレンチアイコンが表示される

